---------------------------------------
Resource Usage Report for TOP 

Mapping to part: ice40lp1kqn84
Cell usage:
GND             9 uses
SB_CARRY        307 uses
SB_DFF          38 uses
SB_DFFE         98 uses
SB_DFFER        48 uses
SB_DFFR         14 uses
SB_DFFS         3 uses
SB_GB           2 uses
VCC             9 uses
SB_LUT4         904 uses

I/O Register bits:                  0
Register bits not including I/Os:   201 (15%)

@S |Mapping Summary:
Total  LUTs: 904 (70%)

Distribution of All Consumed LUTs = LUT4 
Distribution of All Consumed Luts 904 = 904 

