* ******************************************************************************

* iCEcube Placer

* Version:            2020.12.27943

* Build Date:         Dec  9 2020 17:55:50

* File Generated:     Apr 12 2022 10:23:55

* Purpose:            

* Copyright (C) 2006-2010 by Lattice Semiconductor Corp. All rights reserved.

* ******************************************************************************

Executing : C:\lscc\iCEcube2.2020.12\sbt_backend\bin\win32\opt\sbtplacer.exe --des-lib C:/Users/firas/Dropbox/Board-Design/Board-Design-Git/Lattice FPGA Works/TensorI22/SBCTI22HOME2/SBCTI22HOME2_Implmnt\sbt\netlist\oadb-TOP --outdir C:/Users/firas/Dropbox/Board-Design/Board-Design-Git/Lattice FPGA Works/TensorI22/SBCTI22HOME2/SBCTI22HOME2_Implmnt\sbt\outputs\placer --device-file C:\lscc\iCEcube2.2020.12\sbt_backend\devices\ICE40P01.dev --package QN84 --deviceMarketName iCE40LP1K --sdc-file C:/Users/firas/Dropbox/Board-Design/Board-Design-Git/Lattice FPGA Works/TensorI22/SBCTI22HOME2/SBCTI22HOME2_Implmnt\sbt\Temp/sbt_temp.sdc --lib-file C:\lscc\iCEcube2.2020.12\sbt_backend\devices\ice40LP1K.lib --effort_level std --out-sdc-file C:/Users/firas/Dropbox/Board-Design/Board-Design-Git/Lattice FPGA Works/TensorI22/SBCTI22HOME2/SBCTI22HOME2_Implmnt\sbt\outputs\placer\TOP_pl.sdc
I2004: Option and Settings Summary
=============================================================
Device file          - C:\lscc\iCEcube2.2020.12\sbt_backend\devices\ICE40P01.dev
Package              - QN84
Design database      - C:/Users/firas/Dropbox/Board-Design/Board-Design-Git/Lattice FPGA Works/TensorI22/SBCTI22HOME2/SBCTI22HOME2_Implmnt\sbt\netlist\oadb-TOP
SDC file             - C:/Users/firas/Dropbox/Board-Design/Board-Design-Git/Lattice FPGA Works/TensorI22/SBCTI22HOME2/SBCTI22HOME2_Implmnt\sbt\Temp/sbt_temp.sdc
Output directory     - C:/Users/firas/Dropbox/Board-Design/Board-Design-Git/Lattice FPGA Works/TensorI22/SBCTI22HOME2/SBCTI22HOME2_Implmnt\sbt\outputs\placer
Timing library       - C:\lscc\iCEcube2.2020.12\sbt_backend\devices\ice40LP1K.lib
Effort level         - std

I2050: Starting reading inputs for placer
=============================================================
I2100: Reading design library: C:/Users/firas/Dropbox/Board-Design/Board-Design-Git/Lattice FPGA Works/TensorI22/SBCTI22HOME2/SBCTI22HOME2_Implmnt\sbt\netlist\oadb-TOP/BFPGA_DESIGN_ep
I2065: Reading device file : C:\lscc\iCEcube2.2020.12\sbt_backend\devices\ICE40P01.dev
I2051: Reading of inputs for placer completed successfully

I2053: Starting placement of the design
=============================================================

Input Design Statistics
    Number of LUTs      	:	918
    Number of DFFs      	:	201
    Number of DFFs packed to IO	:	0
    Number of Carrys    	:	307
    Number of RAMs      	:	0
    Number of ROMs      	:	0
    Number of IOs       	:	36
    Number of GBIOs     	:	1
    Number of GBs       	:	2
    Number of WarmBoot  	:	0
    Number of PLLs      	:	0


Phase 1
I2077: Start design legalization

Design Legalization Statistics
    Number of feedthru LUTs inserted to legalize input of DFFs     	:	0
    Number of feedthru LUTs inserted for LUTs driving multiple DFFs	:	72
    Number of LUTs replicated for LUTs driving multiple DFFs       	:	60
    Number of feedthru LUTs inserted to legalize output of CARRYs  	:	28
    Number of feedthru LUTs inserted to legalize global signals    	:	0
    Number of feedthru CARRYs inserted to legalize input of CARRYs 	:	0
    Number of inserted LUTs to Legalize IOs with PIN_TYPE= 01xxxx  	:	0
    Number of inserted LUTs to Legalize IOs with PIN_TYPE= 10xxxx  	:	0
    Number of inserted LUTs to Legalize IOs with PIN_TYPE= 11xxxx  	:	0
    Total LUTs inserted                                            	:	160
    Total CARRYs inserted                                          	:	0


I2078: Design legalization is completed successfully
I2088: Phase 1, elapsed time : 0.0 (sec)


Phase 2
I2088: Phase 2, elapsed time : 0.1 (sec)

Phase 3
Warning-1035: Removing timing arc from pin "b2v_inst11.count_off_RNI40SU9[0]_LC_65/in2" to pin "b2v_inst11.count_off_RNI40SU9[0]_LC_65/lcout" to break the combinatorial loop
Warning-1035: Removing timing arc from pin "b2v_inst11.count_clk_RNIHFHA5[10]_LC_36/in2" to pin "b2v_inst11.count_clk_RNIHFHA5[10]_LC_36/lcout" to break the combinatorial loop
Warning-1035: Removing timing arc from pin "b2v_inst11.count_clk_RNI[15]_LC_56/in2" to pin "b2v_inst11.count_clk_RNI[15]_LC_56/lcout" to break the combinatorial loop
Warning-1035: Removing timing arc from pin "b2v_inst11.count_clk_RNIQRSE5[11]_LC_40/in3" to pin "b2v_inst11.count_clk_RNIQRSE5[11]_LC_40/lcout" to break the combinatorial loop
Warning-1035: Removing timing arc from pin "b2v_inst11.count_clk_RNI[15]_LC_56/in3" to pin "b2v_inst11.count_clk_RNI[15]_LC_56/lcout" to break the combinatorial loop
Warning-1035: Removing timing arc from pin "b2v_inst11.un1_count_clk_2_cry_11_c_RNID3BA_LC_344/in1" to pin "b2v_inst11.un1_count_clk_2_cry_11_c_RNID3BA_LC_344/lcout" to break the combinatorial loop
Warning-1035: Removing timing arc from pin "b2v_inst11.count_clk_RNI[13]_LC_55/in1" to pin "b2v_inst11.count_clk_RNI[13]_LC_55/lcout" to break the combinatorial loop
Warning-1035: Removing timing arc from pin "b2v_inst11.un1_count_clk_2_cry_12_c_RNIE5CA_LC_345/in1" to pin "b2v_inst11.un1_count_clk_2_cry_12_c_RNIE5CA_LC_345/lcout" to break the combinatorial loop
Warning-1035: Removing timing arc from pin "b2v_inst11.count_clk_RNI[13]_LC_55/in0" to pin "b2v_inst11.count_clk_RNI[13]_LC_55/lcout" to break the combinatorial loop
Warning-1035: Removing timing arc from pin "b2v_inst11.un1_count_clk_2_cry_13_c_RNIF7DA_LC_346/in1" to pin "b2v_inst11.un1_count_clk_2_cry_13_c_RNIF7DA_LC_346/lcout" to break the combinatorial loop
Warning-1035: Removing timing arc from pin "b2v_inst11.count_clk_RNI[15]_LC_56/in0" to pin "b2v_inst11.count_clk_RNI[15]_LC_56/lcout" to break the combinatorial loop
Warning-1035: Removing timing arc from pin "b2v_inst11.un1_count_clk_2_cry_14_c_RNIG9EA_LC_347/in0" to pin "b2v_inst11.un1_count_clk_2_cry_14_c_RNIG9EA_LC_347/lcout" to break the combinatorial loop
Warning-1035: Removing timing arc from pin "b2v_inst11.count_clk_RNI[0]_LC_49/in0" to pin "b2v_inst11.count_clk_RNI[0]_LC_49/lcout" to break the combinatorial loop
Warning-1035: Removing timing arc from pin "b2v_inst11.count_clk_RNI_0[1]_LC_51/in1" to pin "b2v_inst11.count_clk_RNI_0[1]_LC_51/lcout" to break the combinatorial loop
Warning-1035: Removing timing arc from pin "b2v_inst11.dutycycle_RNIAI7C4[10]_LC_143/in2" to pin "b2v_inst11.dutycycle_RNIAI7C4[10]_LC_143/lcout" to break the combinatorial loop
Warning-1035: Removing timing arc from pin "b2v_inst11.count_RNI[0]_LC_22/in1" to pin "b2v_inst11.count_RNI[0]_LC_22/lcout" to break the combinatorial loop
Warning-1035: Removing timing arc from pin "b2v_inst11.count_RNI[1]_LC_23/in0" to pin "b2v_inst11.count_RNI[1]_LC_23/lcout" to break the combinatorial loop
Warning-1035: Removing timing arc from pin "b2v_inst11.un85_clk_100khz_cry_4_c_inv_LC_601/carryin" to pin "b2v_inst11.un85_clk_100khz_cry_4_c_inv_LC_601/carryout" to break the combinatorial loop
Warning-1035: Removing timing arc from pin "b2v_inst11.curr_state_RNIOCA3[0]_LC_114/in1" to pin "b2v_inst11.curr_state_RNIOCA3[0]_LC_114/lcout" to break the combinatorial loop
Warning-1035: Removing timing arc from pin "b2v_inst11.un85_clk_100khz_cry_15_c_RNI_LC_595/in1" to pin "b2v_inst11.un85_clk_100khz_cry_15_c_RNI_LC_595/lcout" to break the combinatorial loop
Warning-1035: Removing timing arc from pin "b2v_inst11.un1_count_cry_1_c_RNIIIQD_LC_362/in1" to pin "b2v_inst11.un1_count_cry_1_c_RNIIIQD_LC_362/lcout" to break the combinatorial loop
Warning-1035: Removing timing arc from pin "b2v_inst11.un1_count_cry_2_c_RNIJKRD_LC_363/in1" to pin "b2v_inst11.un1_count_cry_2_c_RNIJKRD_LC_363/lcout" to break the combinatorial loop
Warning-1035: Removing timing arc from pin "b2v_inst11.un1_count_cry_3_c_RNIKMSD_LC_364/in1" to pin "b2v_inst11.un1_count_cry_3_c_RNIKMSD_LC_364/lcout" to break the combinatorial loop
Warning-1035: Removing timing arc from pin "b2v_inst11.un1_count_cry_4_c_RNILOTD_LC_365/in1" to pin "b2v_inst11.un1_count_cry_4_c_RNILOTD_LC_365/lcout" to break the combinatorial loop
Warning-1035: Removing timing arc from pin "b2v_inst11.un1_count_cry_5_c_RNIMQUD_LC_366/in1" to pin "b2v_inst11.un1_count_cry_5_c_RNIMQUD_LC_366/lcout" to break the combinatorial loop
Warning-1035: Removing timing arc from pin "b2v_inst11.un1_count_cry_6_c_RNINSVD_LC_367/in1" to pin "b2v_inst11.un1_count_cry_6_c_RNINSVD_LC_367/lcout" to break the combinatorial loop
Warning-1035: Removing timing arc from pin "b2v_inst11.un1_count_cry_7_c_RNIOU0E_LC_368/in1" to pin "b2v_inst11.un1_count_cry_7_c_RNIOU0E_LC_368/lcout" to break the combinatorial loop
Warning-1035: Removing timing arc from pin "b2v_inst11.un1_count_cry_8_c_RNIP02E_LC_369/in1" to pin "b2v_inst11.un1_count_cry_8_c_RNIP02E_LC_369/lcout" to break the combinatorial loop
Warning-1035: Removing timing arc from pin "b2v_inst11.un1_count_cry_9_c_RNIQ23E_LC_370/in1" to pin "b2v_inst11.un1_count_cry_9_c_RNIQ23E_LC_370/lcout" to break the combinatorial loop
Warning-1035: Removing timing arc from pin "b2v_inst11.un1_count_cry_10_c_RNI24R6_LC_357/in1" to pin "b2v_inst11.un1_count_cry_10_c_RNI24R6_LC_357/lcout" to break the combinatorial loop
Warning-1035: Removing timing arc from pin "b2v_inst11.un1_count_cry_11_c_RNI36S6_LC_358/in1" to pin "b2v_inst11.un1_count_cry_11_c_RNI36S6_LC_358/lcout" to break the combinatorial loop
Warning-1035: Removing timing arc from pin "b2v_inst11.un1_count_cry_12_c_RNI48T6_LC_359/in1" to pin "b2v_inst11.un1_count_cry_12_c_RNI48T6_LC_359/lcout" to break the combinatorial loop
Warning-1035: Removing timing arc from pin "b2v_inst11.un1_count_cry_13_c_RNI5AU6_LC_360/in1" to pin "b2v_inst11.un1_count_cry_13_c_RNI5AU6_LC_360/lcout" to break the combinatorial loop
Warning-1035: Removing timing arc from pin "b2v_inst11.un1_count_cry_14_c_RNI6CV6_LC_361/in0" to pin "b2v_inst11.un1_count_cry_14_c_RNI6CV6_LC_361/lcout" to break the combinatorial loop
Warning-1035: Removing timing arc from pin "b2v_inst11.un85_clk_100khz_cry_15_c_inv_LC_597/in1" to pin "b2v_inst11.un85_clk_100khz_cry_15_c_inv_LC_597/carryout" to break the combinatorial loop
Warning-1035: Removing timing arc from pin "b2v_inst11.un85_clk_100khz_cry_14_c_inv_LC_594/in1" to pin "b2v_inst11.un85_clk_100khz_cry_14_c_inv_LC_594/carryout" to break the combinatorial loop
Warning-1035: Removing timing arc from pin "b2v_inst11.un85_clk_100khz_cry_13_c_inv_LC_593/in1" to pin "b2v_inst11.un85_clk_100khz_cry_13_c_inv_LC_593/carryout" to break the combinatorial loop
Warning-1035: Removing timing arc from pin "b2v_inst11.un85_clk_100khz_cry_12_c_inv_LC_592/in1" to pin "b2v_inst11.un85_clk_100khz_cry_12_c_inv_LC_592/carryout" to break the combinatorial loop
Warning-1035: Removing timing arc from pin "b2v_inst11.un85_clk_100khz_cry_11_c_inv_LC_591/in1" to pin "b2v_inst11.un85_clk_100khz_cry_11_c_inv_LC_591/carryout" to break the combinatorial loop
Warning-1035: Removing timing arc from pin "b2v_inst11.un85_clk_100khz_cry_10_c_inv_LC_590/in1" to pin "b2v_inst11.un85_clk_100khz_cry_10_c_inv_LC_590/carryout" to break the combinatorial loop
Warning-1035: Removing timing arc from pin "b2v_inst11.un85_clk_100khz_cry_9_c_inv_LC_606/in1" to pin "b2v_inst11.un85_clk_100khz_cry_9_c_inv_LC_606/carryout" to break the combinatorial loop
Warning-1035: Removing timing arc from pin "b2v_inst11.un85_clk_100khz_cry_8_c_inv_LC_605/in1" to pin "b2v_inst11.un85_clk_100khz_cry_8_c_inv_LC_605/carryout" to break the combinatorial loop
Warning-1035: Removing timing arc from pin "b2v_inst11.un85_clk_100khz_cry_7_c_inv_LC_604/in1" to pin "b2v_inst11.un85_clk_100khz_cry_7_c_inv_LC_604/carryout" to break the combinatorial loop
Warning-1035: Removing timing arc from pin "b2v_inst11.un85_clk_100khz_cry_6_c_inv_LC_603/in1" to pin "b2v_inst11.un85_clk_100khz_cry_6_c_inv_LC_603/carryout" to break the combinatorial loop
Warning-1035: Removing timing arc from pin "b2v_inst11.un85_clk_100khz_cry_5_c_inv_LC_602/in1" to pin "b2v_inst11.un85_clk_100khz_cry_5_c_inv_LC_602/carryout" to break the combinatorial loop
Warning-1035: Removing timing arc from pin "b2v_inst11.un85_clk_100khz_cry_4_c_inv_LC_601/in1" to pin "b2v_inst11.un85_clk_100khz_cry_4_c_inv_LC_601/carryout" to break the combinatorial loop
Warning-1035: Removing timing arc from pin "b2v_inst11.un85_clk_100khz_cry_15_c_RNI_LC_595/in0" to pin "b2v_inst11.un85_clk_100khz_cry_15_c_RNI_LC_595/lcout" to break the combinatorial loop
Warning-1035: Removing timing arc from pin "b2v_inst11.dutycycle_RNIL3755[0]_LC_166/in2" to pin "b2v_inst11.dutycycle_RNIL3755[0]_LC_166/lcout" to break the combinatorial loop
Warning-1035: Removing timing arc from pin "b2v_inst11.dutycycle_RNIM0L9A[0]_LC_169/in1" to pin "b2v_inst11.dutycycle_RNIM0L9A[0]_LC_169/lcout" to break the combinatorial loop
Warning-1035: Removing timing arc from pin "b2v_inst11.dutycycle_RNIL3755[0]_LC_166/in3" to pin "b2v_inst11.dutycycle_RNIL3755[0]_LC_166/lcout" to break the combinatorial loop
Warning-1035: Removing timing arc from pin "b2v_inst11.dutycycle_RNILQFE3[2]_LC_168/in2" to pin "b2v_inst11.dutycycle_RNILQFE3[2]_LC_168/lcout" to break the combinatorial loop
Warning-1035: Removing timing arc from pin "b2v_inst11.dutycycle_RNIF6NL[2]_LC_157/in0" to pin "b2v_inst11.dutycycle_RNIF6NL[2]_LC_157/lcout" to break the combinatorial loop
Warning-1035: Removing timing arc from pin "b2v_inst11.dutycycle_RNI8PGM6[5]_LC_137/in1" to pin "b2v_inst11.dutycycle_RNI8PGM6[5]_LC_137/lcout" to break the combinatorial loop
Warning-1035: Removing timing arc from pin "b2v_inst11.dutycycle_RNI_0[0]_LC_187/in0" to pin "b2v_inst11.dutycycle_RNI_0[0]_LC_187/lcout" to break the combinatorial loop
Warning-1035: Removing timing arc from pin "b2v_inst11.dutycycle_RNI_4[0]_LC_245/in2" to pin "b2v_inst11.dutycycle_RNI_4[0]_LC_245/lcout" to break the combinatorial loop
Warning-1035: Removing timing arc from pin "b2v_inst11.dutycycle_RNIQQRO[5]_LC_182/in1" to pin "b2v_inst11.dutycycle_RNIQQRO[5]_LC_182/lcout" to break the combinatorial loop
Warning-1035: Removing timing arc from pin "b2v_inst11.func_state_RNIVFCT3[1]_LC_322/in0" to pin "b2v_inst11.func_state_RNIVFCT3[1]_LC_322/lcout" to break the combinatorial loop
Warning-1035: Removing timing arc from pin "b2v_inst11.dutycycle_RNI3JFN6[3]_LC_131/in2" to pin "b2v_inst11.dutycycle_RNI3JFN6[3]_LC_131/lcout" to break the combinatorial loop
Warning-1035: Removing timing arc from pin "b2v_inst11.dutycycle_RNI[8]_LC_271/in0" to pin "b2v_inst11.dutycycle_RNI[8]_LC_271/lcout" to break the combinatorial loop
Warning-1035: Removing timing arc from pin "b2v_inst11.dutycycle_RNIUVP98[3]_LC_185/in3" to pin "b2v_inst11.dutycycle_RNIUVP98[3]_LC_185/lcout" to break the combinatorial loop
Warning-1035: Removing timing arc from pin "b2v_inst11.dutycycle_RNI03R98[4]_LC_121/in2" to pin "b2v_inst11.dutycycle_RNI03R98[4]_LC_121/lcout" to break the combinatorial loop
Warning-1035: Removing timing arc from pin "b2v_inst11.un1_dutycycle_94_cry_3_c_RNIDH09_LC_399/in2" to pin "b2v_inst11.un1_dutycycle_94_cry_3_c_RNIDH09_LC_399/lcout" to break the combinatorial loop
Warning-1035: Removing timing arc from pin "b2v_inst11.dutycycle_RNIIOE3D[5]_LC_163/in3" to pin "b2v_inst11.dutycycle_RNIIOE3D[5]_LC_163/lcout" to break the combinatorial loop
Warning-1035: Removing timing arc from pin "b2v_inst11.dutycycle_RNIBDKS9[6]_LC_149/in1" to pin "b2v_inst11.dutycycle_RNIBDKS9[6]_LC_149/lcout" to break the combinatorial loop
Warning-1035: Removing timing arc from pin "b2v_inst11.dutycycle_RNIF271B[7]_LC_156/in2" to pin "b2v_inst11.dutycycle_RNIF271B[7]_LC_156/lcout" to break the combinatorial loop
Warning-1035: Removing timing arc from pin "b2v_inst11.un1_dutycycle_94_cry_6_c_RNIGN39_LC_403/in2" to pin "b2v_inst11.un1_dutycycle_94_cry_6_c_RNIGN39_LC_403/lcout" to break the combinatorial loop
Warning-1035: Removing timing arc from pin "b2v_inst11.dutycycle_RNI9QKHC[8]_LC_140/in0" to pin "b2v_inst11.dutycycle_RNI9QKHC[8]_LC_140/lcout" to break the combinatorial loop
Warning-1035: Removing timing arc from pin "b2v_inst11.dutycycle_RNI[8]_LC_271/in2" to pin "b2v_inst11.dutycycle_RNI[8]_LC_271/lcout" to break the combinatorial loop
Warning-1035: Removing timing arc from pin "b2v_inst11.un1_dutycycle_94_cry_7_c_RNIHP49_LC_404/in2" to pin "b2v_inst11.un1_dutycycle_94_cry_7_c_RNIHP49_LC_404/lcout" to break the combinatorial loop
Warning-1035: Removing timing arc from pin "b2v_inst11.dutycycle_RNIAI0A8[9]_LC_142/in2" to pin "b2v_inst11.dutycycle_RNIAI0A8[9]_LC_142/lcout" to break the combinatorial loop
Warning-1035: Removing timing arc from pin "b2v_inst11.dutycycle_RNI[8]_LC_271/in1" to pin "b2v_inst11.dutycycle_RNI[8]_LC_271/lcout" to break the combinatorial loop
Warning-1035: Removing timing arc from pin "b2v_inst11.un1_dutycycle_94_cry_8_c_RNIIR59_LC_405/in2" to pin "b2v_inst11.un1_dutycycle_94_cry_8_c_RNIIR59_LC_405/lcout" to break the combinatorial loop
Warning-1035: Removing timing arc from pin "b2v_inst11.dutycycle_RNIP8IN8[10]_LC_180/in3" to pin "b2v_inst11.dutycycle_RNIP8IN8[10]_LC_180/lcout" to break the combinatorial loop
Warning-1035: Removing timing arc from pin "b2v_inst11.dutycycle_RNI9JP25[11]_LC_139/in2" to pin "b2v_inst11.dutycycle_RNI9JP25[11]_LC_139/lcout" to break the combinatorial loop
Warning-1035: Removing timing arc from pin "b2v_inst11.dutycycle_RNI_0[12]_LC_190/in1" to pin "b2v_inst11.dutycycle_RNI_0[12]_LC_190/lcout" to break the combinatorial loop
Warning-1035: Removing timing arc from pin "b2v_inst11.dutycycle_RNIGKEF3[12]_LC_160/in1" to pin "b2v_inst11.dutycycle_RNIGKEF3[12]_LC_160/lcout" to break the combinatorial loop
Warning-1035: Removing timing arc from pin "b2v_inst11.dutycycle_RNI_0[12]_LC_190/in0" to pin "b2v_inst11.dutycycle_RNI_0[12]_LC_190/lcout" to break the combinatorial loop
Warning-1035: Removing timing arc from pin "b2v_inst11.dutycycle_RNI_3[12]_LC_237/in0" to pin "b2v_inst11.dutycycle_RNI_3[12]_LC_237/lcout" to break the combinatorial loop
Warning-1035: Removing timing arc from pin "b2v_inst11.dutycycle_RNIBMQ25[12]_LC_150/in3" to pin "b2v_inst11.dutycycle_RNIBMQ25[12]_LC_150/lcout" to break the combinatorial loop
Warning-1035: Removing timing arc from pin "b2v_inst11.dutycycle_RNI0OSA8[13]_LC_123/in2" to pin "b2v_inst11.dutycycle_RNI0OSA8[13]_LC_123/lcout" to break the combinatorial loop
Warning-1035: Removing timing arc from pin "b2v_inst11.dutycycle_RNI_1[15]_LC_214/in0" to pin "b2v_inst11.dutycycle_RNI_1[15]_LC_214/lcout" to break the combinatorial loop
Warning-1035: Removing timing arc from pin "b2v_inst11.un1_dutycycle_94_cry_12_c_RNITRR5_LC_392/in2" to pin "b2v_inst11.un1_dutycycle_94_cry_12_c_RNITRR5_LC_392/lcout" to break the combinatorial loop
Warning-1035: Removing timing arc from pin "b2v_inst11.dutycycle_RNI2RTA8[14]_LC_127/in2" to pin "b2v_inst11.dutycycle_RNI2RTA8[14]_LC_127/lcout" to break the combinatorial loop
Warning-1035: Removing timing arc from pin "b2v_inst11.dutycycle_RNI_1[15]_LC_214/in2" to pin "b2v_inst11.dutycycle_RNI_1[15]_LC_214/lcout" to break the combinatorial loop
Warning-1035: Removing timing arc from pin "b2v_inst11.un1_dutycycle_94_cry_13_c_RNIUTS5_LC_393/in2" to pin "b2v_inst11.un1_dutycycle_94_cry_13_c_RNIUTS5_LC_393/lcout" to break the combinatorial loop
Warning-1035: Removing timing arc from pin "b2v_inst11.dutycycle_RNI4UUA8[15]_LC_134/in2" to pin "b2v_inst11.dutycycle_RNI4UUA8[15]_LC_134/lcout" to break the combinatorial loop
Warning-1035: Removing timing arc from pin "b2v_inst11.dutycycle_RNI_1[15]_LC_214/in3" to pin "b2v_inst11.dutycycle_RNI_1[15]_LC_214/lcout" to break the combinatorial loop
Warning-1035: Removing timing arc from pin "b2v_inst11.un1_dutycycle_94_cry_14_c_RNIVVT5_LC_394/in1" to pin "b2v_inst11.un1_dutycycle_94_cry_14_c_RNIVVT5_LC_394/lcout" to break the combinatorial loop
Warning-1035: Removing timing arc from pin "b2v_inst11.dutycycle_RNI_0[2]_LC_193/in0" to pin "b2v_inst11.dutycycle_RNI_0[2]_LC_193/lcout" to break the combinatorial loop
Warning-1035: Removing timing arc from pin "b2v_inst11.un1_dutycycle_94_cry_10_c_RNIRNP5_LC_390/in2" to pin "b2v_inst11.un1_dutycycle_94_cry_10_c_RNIRNP5_LC_390/lcout" to break the combinatorial loop
Warning-1035: Removing timing arc from pin "b2v_inst11.dutycycle_RNIAI7C4[10]_LC_143/in0" to pin "b2v_inst11.dutycycle_RNIAI7C4[10]_LC_143/lcout" to break the combinatorial loop
Warning-1035: Removing timing arc from pin "b2v_inst11.func_state_RNI673P9[0]_LC_284/in2" to pin "b2v_inst11.func_state_RNI673P9[0]_LC_284/lcout" to break the combinatorial loop
Warning-1035: Removing timing arc from pin "b2v_inst11.func_state_RNICC5V2[1]_LC_290/in3" to pin "b2v_inst11.func_state_RNICC5V2[1]_LC_290/lcout" to break the combinatorial loop
Warning-1035: Removing timing arc from pin "b2v_inst11.dutycycle_RNIEOI16[0]_LC_155/in2" to pin "b2v_inst11.dutycycle_RNIEOI16[0]_LC_155/lcout" to break the combinatorial loop
Warning-1035: Removing timing arc from pin "b2v_inst11.dutycycle_RNI_0[0]_LC_187/in2" to pin "b2v_inst11.dutycycle_RNI_0[0]_LC_187/lcout" to break the combinatorial loop
Warning-1035: Removing timing arc from pin "b2v_inst11.dutycycle_RNIP4GA6[1]_LC_179/in2" to pin "b2v_inst11.dutycycle_RNIP4GA6[1]_LC_179/lcout" to break the combinatorial loop
Warning-1035: Removing timing arc from pin "b2v_inst11.dutycycle_RNI_0[0]_LC_187/in1" to pin "b2v_inst11.dutycycle_RNI_0[0]_LC_187/lcout" to break the combinatorial loop
Warning-1035: Removing timing arc from pin "b2v_inst11.dutycycle_RNI_5[5]_LC_258/in2" to pin "b2v_inst11.dutycycle_RNI_5[5]_LC_258/lcout" to break the combinatorial loop
Warning-1035: Removing timing arc from pin "b2v_inst11.un1_dutycycle_94_cry_0_c_RNIABT8_LC_389/in2" to pin "b2v_inst11.un1_dutycycle_94_cry_0_c_RNIABT8_LC_389/lcout" to break the combinatorial loop
Warning-1035: Removing timing arc from pin "b2v_inst11.dutycycle_RNI6O567[2]_LC_135/in0" to pin "b2v_inst11.dutycycle_RNI6O567[2]_LC_135/lcout" to break the combinatorial loop
Warning-1035: Removing timing arc from pin "b2v_inst11.dutycycle_RNI_5[5]_LC_258/in3" to pin "b2v_inst11.dutycycle_RNI_5[5]_LC_258/lcout" to break the combinatorial loop
Warning-1035: Removing timing arc from pin "b2v_inst11.func_state_RNINJ641[0]_LC_305/in3" to pin "b2v_inst11.func_state_RNINJ641[0]_LC_305/lcout" to break the combinatorial loop
Warning-1035: Removing timing arc from pin "b2v_inst11.dutycycle_RNIAI7C4[10]_LC_143/in1" to pin "b2v_inst11.dutycycle_RNIAI7C4[10]_LC_143/lcout" to break the combinatorial loop
Warning-1035: Removing timing arc from pin "b2v_inst11.count_clk_RNI[1]_LC_54/in2" to pin "b2v_inst11.count_clk_RNI[1]_LC_54/lcout" to break the combinatorial loop
Warning-1035: Removing timing arc from pin "b2v_inst11.count_clk_RNI_0[1]_LC_51/in3" to pin "b2v_inst11.count_clk_RNI_0[1]_LC_51/lcout" to break the combinatorial loop
Warning-1035: Removing timing arc from pin "b2v_inst11.count_clk_RNI0JFF5[5]_LC_30/in1" to pin "b2v_inst11.count_clk_RNI0JFF5[5]_LC_30/lcout" to break the combinatorial loop
Warning-1035: Removing timing arc from pin "b2v_inst11.func_state_RNIKOJB2[0]_LC_304/in2" to pin "b2v_inst11.func_state_RNIKOJB2[0]_LC_304/lcout" to break the combinatorial loop
Warning-1035: Removing timing arc from pin "b2v_inst11.count_off_RNI40SU9[0]_LC_65/in3" to pin "b2v_inst11.count_off_RNI40SU9[0]_LC_65/lcout" to break the combinatorial loop
Warning-1035: Removing timing arc from pin "b2v_inst11.count_off_RNI4FF481[2]_LC_68/in0" to pin "b2v_inst11.count_off_RNI4FF481[2]_LC_68/lcout" to break the combinatorial loop
Warning-1035: Removing timing arc from pin "b2v_inst11.count_off_RNI4411A[2]_LC_67/in1" to pin "b2v_inst11.count_off_RNI4411A[2]_LC_67/lcout" to break the combinatorial loop
Warning-1035: Removing timing arc from pin "b2v_inst11.count_off_RNI4FF481[2]_LC_68/in2" to pin "b2v_inst11.count_off_RNI4FF481[2]_LC_68/lcout" to break the combinatorial loop
Warning-1035: Removing timing arc from pin "b2v_inst11.un3_count_off_1_cry_2_c_RNIV362_LC_578/in1" to pin "b2v_inst11.un3_count_off_1_cry_2_c_RNIV362_LC_578/lcout" to break the combinatorial loop
Warning-1035: Removing timing arc from pin "b2v_inst11.un3_count_off_1_cry_3_c_RNI0672_LC_579/in1" to pin "b2v_inst11.un3_count_off_1_cry_3_c_RNI0672_LC_579/lcout" to break the combinatorial loop
Warning-1035: Removing timing arc from pin "b2v_inst11.un3_count_off_1_cry_4_c_RNI1882_LC_580/in1" to pin "b2v_inst11.un3_count_off_1_cry_4_c_RNI1882_LC_580/lcout" to break the combinatorial loop
Warning-1035: Removing timing arc from pin "b2v_inst11.count_off_RNICG51A_0[6]_LC_80/in2" to pin "b2v_inst11.count_off_RNICG51A_0[6]_LC_80/lcout" to break the combinatorial loop
Warning-1035: Removing timing arc from pin "b2v_inst11.un3_count_off_1_cry_5_c_RNI2A92_LC_581/in1" to pin "b2v_inst11.un3_count_off_1_cry_5_c_RNI2A92_LC_581/lcout" to break the combinatorial loop
Warning-1035: Removing timing arc from pin "b2v_inst11.count_off_RNI4FF481[2]_LC_68/in3" to pin "b2v_inst11.count_off_RNI4FF481[2]_LC_68/lcout" to break the combinatorial loop
Warning-1035: Removing timing arc from pin "b2v_inst11.un3_count_off_1_cry_6_c_RNI3CA2_LC_583/in1" to pin "b2v_inst11.un3_count_off_1_cry_6_c_RNI3CA2_LC_583/lcout" to break the combinatorial loop
Warning-1035: Removing timing arc from pin "b2v_inst11.un3_count_off_1_cry_7_c_RNI4EB2_LC_585/in1" to pin "b2v_inst11.un3_count_off_1_cry_7_c_RNI4EB2_LC_585/lcout" to break the combinatorial loop
Warning-1035: Removing timing arc from pin "b2v_inst11.count_off_RNIQ1RAS1[9]_LC_88/in0" to pin "b2v_inst11.count_off_RNIQ1RAS1[9]_LC_88/lcout" to break the combinatorial loop
Warning-1035: Removing timing arc from pin "b2v_inst11.un3_count_off_1_cry_8_c_RNI5GC2_LC_586/in1" to pin "b2v_inst11.un3_count_off_1_cry_8_c_RNI5GC2_LC_586/lcout" to break the combinatorial loop
Warning-1035: Removing timing arc from pin "b2v_inst11.un3_count_off_1_cry_9_c_RNI6ID2_LC_588/in1" to pin "b2v_inst11.un3_count_off_1_cry_9_c_RNI6ID2_LC_588/lcout" to break the combinatorial loop
Warning-1035: Removing timing arc from pin "b2v_inst11.count_off_RNIQ1RAS1[9]_LC_88/in1" to pin "b2v_inst11.count_off_RNIQ1RAS1[9]_LC_88/lcout" to break the combinatorial loop
Warning-1035: Removing timing arc from pin "b2v_inst11.un3_count_off_1_cry_10_c_RNIEVK5_LC_570/in1" to pin "b2v_inst11.un3_count_off_1_cry_10_c_RNIEVK5_LC_570/lcout" to break the combinatorial loop
Warning-1035: Removing timing arc from pin "b2v_inst11.un3_count_off_1_cry_11_c_RNIF1M5_LC_571/in1" to pin "b2v_inst11.un3_count_off_1_cry_11_c_RNIF1M5_LC_571/lcout" to break the combinatorial loop
Warning-1035: Removing timing arc from pin "b2v_inst11.count_off_RNIQ1RAS1[9]_LC_88/in2" to pin "b2v_inst11.count_off_RNIQ1RAS1[9]_LC_88/lcout" to break the combinatorial loop
Warning-1035: Removing timing arc from pin "b2v_inst11.un3_count_off_1_cry_12_c_RNIG3N5_LC_572/in1" to pin "b2v_inst11.un3_count_off_1_cry_12_c_RNIG3N5_LC_572/lcout" to break the combinatorial loop
Warning-1035: Removing timing arc from pin "b2v_inst11.un3_count_off_1_cry_13_c_RNIH5O5_LC_573/in1" to pin "b2v_inst11.un3_count_off_1_cry_13_c_RNIH5O5_LC_573/lcout" to break the combinatorial loop
Warning-1035: Removing timing arc from pin "b2v_inst11.un3_count_off_1_cry_14_c_RNII7P5_LC_574/in0" to pin "b2v_inst11.un3_count_off_1_cry_14_c_RNII7P5_LC_574/lcout" to break the combinatorial loop
Warning-1035: Removing timing arc from pin "b2v_inst11.count_off_RNI51SU9[1]_LC_71/in3" to pin "b2v_inst11.count_off_RNI51SU9[1]_LC_71/lcout" to break the combinatorial loop
Warning-1035: Removing timing arc from pin "b2v_inst11.count_off_RNICG51A_0[6]_LC_80/in3" to pin "b2v_inst11.count_off_RNICG51A_0[6]_LC_80/lcout" to break the combinatorial loop
Warning-1035: Removing timing arc from pin "b2v_inst11.count_clk_RNI[3]_LC_59/in3" to pin "b2v_inst11.count_clk_RNI[3]_LC_59/lcout" to break the combinatorial loop
Warning-1035: Removing timing arc from pin "b2v_inst11.un1_count_clk_2_cry_5_c_RNI0EQ5_LC_352/in1" to pin "b2v_inst11.un1_count_clk_2_cry_5_c_RNI0EQ5_LC_352/lcout" to break the combinatorial loop
Warning-1035: Removing timing arc from pin "b2v_inst11.count_clk_RNI[3]_LC_59/in2" to pin "b2v_inst11.count_clk_RNI[3]_LC_59/lcout" to break the combinatorial loop
Warning-1035: Removing timing arc from pin "b2v_inst11.un1_count_clk_2_cry_6_c_RNI1GR5_LC_353/in1" to pin "b2v_inst11.un1_count_clk_2_cry_6_c_RNI1GR5_LC_353/lcout" to break the combinatorial loop
Warning-1035: Removing timing arc from pin "b2v_inst11.un1_count_clk_2_cry_7_c_RNI2IS5_LC_354/in1" to pin "b2v_inst11.un1_count_clk_2_cry_7_c_RNI2IS5_LC_354/lcout" to break the combinatorial loop
Warning-1035: Removing timing arc from pin "b2v_inst11.count_clk_RNI_0[1]_LC_51/in2" to pin "b2v_inst11.count_clk_RNI_0[1]_LC_51/lcout" to break the combinatorial loop
Warning-1035: Removing timing arc from pin "b2v_inst11.count_clk_RNI[1]_LC_54/in3" to pin "b2v_inst11.count_clk_RNI[1]_LC_54/lcout" to break the combinatorial loop
Warning-1035: Removing timing arc from pin "b2v_inst11.un1_count_clk_2_cry_8_c_RNI3KT5_LC_355/in1" to pin "b2v_inst11.un1_count_clk_2_cry_8_c_RNI3KT5_LC_355/lcout" to break the combinatorial loop
Warning-1035: Removing timing arc from pin "b2v_inst11.count_clk_RNIHFHA5[10]_LC_36/in3" to pin "b2v_inst11.count_clk_RNIHFHA5[10]_LC_36/lcout" to break the combinatorial loop
Warning-1035: Removing timing arc from pin "b2v_inst11.count_clk_RNIHFHA5[10]_LC_36/in0" to pin "b2v_inst11.count_clk_RNIHFHA5[10]_LC_36/lcout" to break the combinatorial loop
Warning-1035: Removing timing arc from pin "b2v_inst11.count_clk_RNIQ9CF5[2]_LC_39/in1" to pin "b2v_inst11.count_clk_RNIQ9CF5[2]_LC_39/lcout" to break the combinatorial loop
Warning-1035: Removing timing arc from pin "b2v_inst11.count_clk_RNI[3]_LC_59/in1" to pin "b2v_inst11.count_clk_RNI[3]_LC_59/lcout" to break the combinatorial loop
Warning-1035: Removing timing arc from pin "b2v_inst11.un1_count_clk_2_cry_2_c_RNIT7N5_LC_349/in1" to pin "b2v_inst11.un1_count_clk_2_cry_2_c_RNIT7N5_LC_349/lcout" to break the combinatorial loop
Warning-1035: Removing timing arc from pin "b2v_inst11.un1_count_clk_2_cry_3_c_RNIU9O5_LC_350/in1" to pin "b2v_inst11.un1_count_clk_2_cry_3_c_RNIU9O5_LC_350/lcout" to break the combinatorial loop
Warning-1035: Removing timing arc from pin "b2v_inst11.count_clk_RNI[0]_LC_49/in1" to pin "b2v_inst11.count_clk_RNI[0]_LC_49/lcout" to break the combinatorial loop
Warning-1035: Removing timing arc from pin "b2v_inst11.count_clk_RNIS1M95[0]_LC_41/in1" to pin "b2v_inst11.count_clk_RNIS1M95[0]_LC_41/lcout" to break the combinatorial loop
Warning-1035: Removing timing arc from pin "b2v_inst11.count_clk_RNI[13]_LC_55/in2" to pin "b2v_inst11.count_clk_RNI[13]_LC_55/lcout" to break the combinatorial loop
Warning-1035: Removing timing arc from pin "b2v_inst11.count_clk_RNIT2M95[1]_LC_44/in2" to pin "b2v_inst11.count_clk_RNIT2M95[1]_LC_44/lcout" to break the combinatorial loop
Warning-1035: Removing timing arc from pin "b2v_inst11.dutycycle_RNI8PGM6[5]_LC_137/in3" to pin "b2v_inst11.dutycycle_RNI8PGM6[5]_LC_137/lcout" to break the combinatorial loop
Warning-1035: Removing timing arc from pin "b2v_inst11.func_state_RNI673P9[0]_LC_284/in3" to pin "b2v_inst11.func_state_RNI673P9[0]_LC_284/lcout" to break the combinatorial loop
Warning-1035: Removing timing arc from pin "b2v_inst11.func_state_RNICC5V2[1]_LC_290/in1" to pin "b2v_inst11.func_state_RNICC5V2[1]_LC_290/lcout" to break the combinatorial loop
Warning-1035: Removing timing arc from pin "b2v_inst11.count_clk_RNINJ641[3]_LC_37/in0" to pin "b2v_inst11.count_clk_RNINJ641[3]_LC_37/lcout" to break the combinatorial loop
Warning-1035: Removing timing arc from pin "b2v_inst11.func_state_RNIDINH9[0]_LC_291/in2" to pin "b2v_inst11.func_state_RNIDINH9[0]_LC_291/lcout" to break the combinatorial loop
Warning-1035: Removing timing arc from pin "b2v_inst11.func_state_RNIKOJB2[0]_LC_304/in1" to pin "b2v_inst11.func_state_RNIKOJB2[0]_LC_304/lcout" to break the combinatorial loop
Warning-1035: Removing timing arc from pin "b2v_inst11.func_state_RNINJ641_2[1]_LC_311/in0" to pin "b2v_inst11.func_state_RNINJ641_2[1]_LC_311/lcout" to break the combinatorial loop
Warning-1035: Removing timing arc from pin "b2v_inst11.func_state_RNIVFCT3[1]_LC_322/in2" to pin "b2v_inst11.func_state_RNIVFCT3[1]_LC_322/lcout" to break the combinatorial loop
Warning-1035: Removing timing arc from pin "b2v_inst11.dutycycle_RNI_4[0]_LC_245/in0" to pin "b2v_inst11.dutycycle_RNI_4[0]_LC_245/lcout" to break the combinatorial loop
Warning-1035: Removing timing arc from pin "b2v_inst11.count_off_RNIQCBN4[9]_LC_89/in3" to pin "b2v_inst11.count_off_RNIQCBN4[9]_LC_89/lcout" to break the combinatorial loop
Warning-1035: Removing timing arc from pin "b2v_inst11.func_state_RNINJ641_2[1]_LC_311/in2" to pin "b2v_inst11.func_state_RNINJ641_2[1]_LC_311/lcout" to break the combinatorial loop
Warning-1035: Removing timing arc from pin "b2v_inst11.dutycycle_RNIIOE3D[5]_LC_163/in1" to pin "b2v_inst11.dutycycle_RNIIOE3D[5]_LC_163/lcout" to break the combinatorial loop
Warning-1035: Removing timing arc from pin "b2v_inst11.func_state_RNIKOJB2[0]_LC_304/in0" to pin "b2v_inst11.func_state_RNIKOJB2[0]_LC_304/lcout" to break the combinatorial loop
Warning-1035: Removing timing arc from pin "b2v_inst11.count_off_RNIQCBN4[9]_LC_89/in1" to pin "b2v_inst11.count_off_RNIQCBN4[9]_LC_89/lcout" to break the combinatorial loop
Warning-1035: Removing timing arc from pin "b2v_inst11.func_state_RNIE5T11_1[1]_LC_294/in2" to pin "b2v_inst11.func_state_RNIE5T11_1[1]_LC_294/lcout" to break the combinatorial loop
Warning-1035: Removing timing arc from pin "b2v_inst11.func_state_RNINJ641_2[1]_LC_311/in3" to pin "b2v_inst11.func_state_RNINJ641_2[1]_LC_311/lcout" to break the combinatorial loop
Warning-1035: Removing timing arc from pin "b2v_inst11.func_state_RNIQBAL3[1]_LC_316/in2" to pin "b2v_inst11.func_state_RNIQBAL3[1]_LC_316/lcout" to break the combinatorial loop
Warning-1035: Removing timing arc from pin "b2v_inst11.count_clk_RNIVU5C[1]_LC_48/in3" to pin "b2v_inst11.count_clk_RNIVU5C[1]_LC_48/lcout" to break the combinatorial loop
Warning-1035: Removing timing arc from pin "b2v_inst11.dutycycle_RNIQQRO[5]_LC_182/in2" to pin "b2v_inst11.dutycycle_RNIQQRO[5]_LC_182/lcout" to break the combinatorial loop
Warning-1035: Removing timing arc from pin "b2v_inst11.func_state_RNIE5T11_1[1]_LC_294/in1" to pin "b2v_inst11.func_state_RNIE5T11_1[1]_LC_294/lcout" to break the combinatorial loop
Warning-1035: Removing timing arc from pin "b2v_inst11.count_clk_RNIT4D71[1]_LC_45/in3" to pin "b2v_inst11.count_clk_RNIT4D71[1]_LC_45/lcout" to break the combinatorial loop
Warning-1035: Removing timing arc from pin "b2v_inst11.count_off_RNI[1]_LC_93/in1" to pin "b2v_inst11.count_off_RNI[1]_LC_93/lcout" to break the combinatorial loop
Warning-1035: Removing timing arc from pin "b2v_inst16.count_RNI1I651[0]_LC_607/in2" to pin "b2v_inst16.count_RNI1I651[0]_LC_607/lcout" to break the combinatorial loop
Warning-1035: Removing timing arc from pin "b2v_inst16.count_RNI[1]_LC_627/in1" to pin "b2v_inst16.count_RNI[1]_LC_627/lcout" to break the combinatorial loop
Warning-1035: Removing timing arc from pin "b2v_inst16.curr_state_RNIPRCE[1]_LC_633/in2" to pin "b2v_inst16.curr_state_RNIPRCE[1]_LC_633/lcout" to break the combinatorial loop
Warning-1035: Removing timing arc from pin "b2v_inst16.count_RNIL9G52_0[1]_LC_619/in0" to pin "b2v_inst16.count_RNIL9G52_0[1]_LC_619/lcout" to break the combinatorial loop
Warning-1035: Removing timing arc from pin "b2v_inst16.un4_count_1_cry_10_c_RNIDGU31_LC_639/in1" to pin "b2v_inst16.un4_count_1_cry_10_c_RNIDGU31_LC_639/lcout" to break the combinatorial loop
Warning-1035: Removing timing arc from pin "b2v_inst16.count_RNI[10]_LC_628/in3" to pin "b2v_inst16.count_RNI[10]_LC_628/lcout" to break the combinatorial loop
Warning-1035: Removing timing arc from pin "b2v_inst16.un4_count_1_cry_11_c_RNIRRL3_LC_640/in1" to pin "b2v_inst16.un4_count_1_cry_11_c_RNIRRL3_LC_640/lcout" to break the combinatorial loop
Warning-1035: Removing timing arc from pin "b2v_inst16.count_RNIL9G52_0[1]_LC_619/in3" to pin "b2v_inst16.count_RNIL9G52_0[1]_LC_619/lcout" to break the combinatorial loop
Warning-1035: Removing timing arc from pin "b2v_inst16.un4_count_1_cry_12_c_RNISTM3_LC_641/in1" to pin "b2v_inst16.un4_count_1_cry_12_c_RNISTM3_LC_641/lcout" to break the combinatorial loop
Warning-1035: Removing timing arc from pin "b2v_inst16.un4_count_1_cry_13_c_RNITVN3_LC_642/in1" to pin "b2v_inst16.un4_count_1_cry_13_c_RNITVN3_LC_642/lcout" to break the combinatorial loop
Warning-1035: Removing timing arc from pin "b2v_inst16.un4_count_1_cry_14_c_RNIU1P3_LC_643/in0" to pin "b2v_inst16.un4_count_1_cry_14_c_RNIU1P3_LC_643/lcout" to break the combinatorial loop
Warning-1035: Removing timing arc from pin "b2v_inst16.count_RNIL9G52_0[1]_LC_619/in1" to pin "b2v_inst16.count_RNIL9G52_0[1]_LC_619/lcout" to break the combinatorial loop
Warning-1035: Removing timing arc from pin "b2v_inst16.un4_count_1_cry_2_c_RNIBINE_LC_645/in1" to pin "b2v_inst16.un4_count_1_cry_2_c_RNIBINE_LC_645/lcout" to break the combinatorial loop
Warning-1035: Removing timing arc from pin "b2v_inst16.un4_count_1_cry_3_c_RNICKOE_LC_646/in1" to pin "b2v_inst16.un4_count_1_cry_3_c_RNICKOE_LC_646/lcout" to break the combinatorial loop
Warning-1035: Removing timing arc from pin "b2v_inst16.un4_count_1_cry_4_c_RNIDMPE_LC_647/in1" to pin "b2v_inst16.un4_count_1_cry_4_c_RNIDMPE_LC_647/lcout" to break the combinatorial loop
Warning-1035: Removing timing arc from pin "b2v_inst16.count_RNI[10]_LC_628/in1" to pin "b2v_inst16.count_RNI[10]_LC_628/lcout" to break the combinatorial loop
Warning-1035: Removing timing arc from pin "b2v_inst16.un4_count_1_cry_5_c_RNIEOQE_LC_648/in1" to pin "b2v_inst16.un4_count_1_cry_5_c_RNIEOQE_LC_648/lcout" to break the combinatorial loop
Warning-1035: Removing timing arc from pin "b2v_inst16.un4_count_1_cry_6_c_RNIFQRE_LC_649/in1" to pin "b2v_inst16.un4_count_1_cry_6_c_RNIFQRE_LC_649/lcout" to break the combinatorial loop
Warning-1035: Removing timing arc from pin "b2v_inst16.un4_count_1_cry_7_c_RNIGSSE_LC_650/in1" to pin "b2v_inst16.un4_count_1_cry_7_c_RNIGSSE_LC_650/lcout" to break the combinatorial loop
Warning-1035: Removing timing arc from pin "b2v_inst16.un4_count_1_cry_8_c_RNIHUTE_LC_651/in1" to pin "b2v_inst16.un4_count_1_cry_8_c_RNIHUTE_LC_651/lcout" to break the combinatorial loop
Warning-1035: Removing timing arc from pin "b2v_inst16.count_RNI[10]_LC_628/in2" to pin "b2v_inst16.count_RNI[10]_LC_628/lcout" to break the combinatorial loop
Warning-1035: Removing timing arc from pin "b2v_inst16.un4_count_1_cry_9_c_RNII0VE_LC_652/in1" to pin "b2v_inst16.un4_count_1_cry_9_c_RNII0VE_LC_652/lcout" to break the combinatorial loop
Warning-1035: Removing timing arc from pin "b2v_inst16.un4_count_1_cry_1_c_RNIAGME_LC_644/in1" to pin "b2v_inst16.un4_count_1_cry_1_c_RNIAGME_LC_644/lcout" to break the combinatorial loop
Warning-1035: Removing timing arc from pin "b2v_inst16.curr_state_RNIPRCE[1]_LC_633/in1" to pin "b2v_inst16.curr_state_RNIPRCE[1]_LC_633/lcout" to break the combinatorial loop
Warning-1035: Removing timing arc from pin "b2v_inst5.count_RNI2EOJ9[2]_LC_813/in0" to pin "b2v_inst5.count_RNI2EOJ9[2]_LC_813/lcout" to break the combinatorial loop
Warning-1035: Removing timing arc from pin "b2v_inst5.count_RNI[0]_LC_840/in1" to pin "b2v_inst5.count_RNI[0]_LC_840/lcout" to break the combinatorial loop
Warning-1035: Removing timing arc from pin "b2v_inst5.count_RNI4JAB2_0[2]_LC_814/in3" to pin "b2v_inst5.count_RNI4JAB2_0[2]_LC_814/lcout" to break the combinatorial loop
Warning-1035: Removing timing arc from pin "b2v_inst5.un2_count_1_cry_1_c_RNIJQ1L1_LC_858/in1" to pin "b2v_inst5.un2_count_1_cry_1_c_RNIJQ1L1_LC_858/lcout" to break the combinatorial loop
Warning-1035: Removing timing arc from pin "b2v_inst5.count_RNI4JAB2_0[2]_LC_814/in1" to pin "b2v_inst5.count_RNI4JAB2_0[2]_LC_814/lcout" to break the combinatorial loop
Warning-1035: Removing timing arc from pin "b2v_inst5.un2_count_1_cry_2_c_RNINGR9_LC_859/in1" to pin "b2v_inst5.un2_count_1_cry_2_c_RNINGR9_LC_859/lcout" to break the combinatorial loop
Warning-1035: Removing timing arc from pin "b2v_inst5.count_RNI2EOJ9[2]_LC_813/in2" to pin "b2v_inst5.count_RNI2EOJ9[2]_LC_813/lcout" to break the combinatorial loop
Warning-1035: Removing timing arc from pin "b2v_inst5.un2_count_1_cry_3_c_RNILU3L1_LC_860/in0" to pin "b2v_inst5.un2_count_1_cry_3_c_RNILU3L1_LC_860/lcout" to break the combinatorial loop
Warning-1035: Removing timing arc from pin "b2v_inst5.un2_count_1_cry_3_THRU_LUT4_0_LC_1067/in1" to pin "b2v_inst5.un2_count_1_cry_3_THRU_LUT4_0_LC_1067/lcout" to break the combinatorial loop
Warning-1035: Removing timing arc from pin "b2v_inst5.count_RNIRHC7I[2]_LC_836/in2" to pin "b2v_inst5.count_RNIRHC7I[2]_LC_836/lcout" to break the combinatorial loop
Warning-1035: Removing timing arc from pin "b2v_inst5.curr_state_7_1_0_.m4_0_LC_846/in1" to pin "b2v_inst5.curr_state_7_1_0_.m4_0_LC_846/lcout" to break the combinatorial loop
Warning-1035: Removing timing arc from pin "b2v_inst5.count_en_LC_844/in0" to pin "b2v_inst5.count_en_LC_844/lcout" to break the combinatorial loop
Warning-1035: Removing timing arc from pin "b2v_inst5.curr_state_7_1_0_.m6_i_a2_0_LC_847/in1" to pin "b2v_inst5.curr_state_7_1_0_.m6_i_a2_0_LC_847/lcout" to break the combinatorial loop
Warning-1035: Removing timing arc from pin "b2v_inst5.curr_state_7_1_0_.m6_i_o3_0_LC_848/in2" to pin "b2v_inst5.curr_state_7_1_0_.m6_i_o3_0_LC_848/lcout" to break the combinatorial loop
Warning-1035: Removing timing arc from pin "b2v_inst6.curr_state_7_1_0_.m4_0_LC_892/in2" to pin "b2v_inst6.curr_state_7_1_0_.m4_0_LC_892/lcout" to break the combinatorial loop
Warning-1035: Removing timing arc from pin "b2v_inst6.curr_state_7_1_0_.m4_0_LC_892/in1" to pin "b2v_inst6.curr_state_7_1_0_.m4_0_LC_892/lcout" to break the combinatorial loop
Warning-1035: Removing timing arc from pin "b2v_inst6.curr_state_7_1_0_.m6_0_LC_893/in1" to pin "b2v_inst6.curr_state_7_1_0_.m6_0_LC_893/lcout" to break the combinatorial loop
Warning-1035: Removing timing arc from pin "b2v_inst6.curr_state_RNIDMSJ1_0[1]_LC_897/in0" to pin "b2v_inst6.curr_state_RNIDMSJ1_0[1]_LC_897/lcout" to break the combinatorial loop
Warning-1035: Removing timing arc from pin "b2v_inst6.count_RNIVVMK[0]_LC_884/in2" to pin "b2v_inst6.count_RNIVVMK[0]_LC_884/lcout" to break the combinatorial loop
Warning-1035: Removing timing arc from pin "b2v_inst6.count_RNIVVMK[1]_LC_885/in0" to pin "b2v_inst6.count_RNIVVMK[1]_LC_885/lcout" to break the combinatorial loop
Warning-1035: Removing timing arc from pin "b2v_inst6.count_RNI_0[1]_LC_886/in1" to pin "b2v_inst6.count_RNI_0[1]_LC_886/lcout" to break the combinatorial loop
Warning-1035: Removing timing arc from pin "b2v_inst6.un2_count_1_cry_1_c_RNIM2GO_LC_909/in1" to pin "b2v_inst6.un2_count_1_cry_1_c_RNIM2GO_LC_909/lcout" to break the combinatorial loop
Warning-1035: Removing timing arc from pin "b2v_inst6.count_RNI[3]_LC_890/in0" to pin "b2v_inst6.count_RNI[3]_LC_890/lcout" to break the combinatorial loop
Warning-1035: Removing timing arc from pin "b2v_inst6.un2_count_1_cry_2_c_RNIN4HO_LC_910/in0" to pin "b2v_inst6.un2_count_1_cry_2_c_RNIN4HO_LC_910/lcout" to break the combinatorial loop
Warning-1035: Removing timing arc from pin "b2v_inst6.un2_count_1_cry_2_THRU_LUT4_0_LC_1072/in1" to pin "b2v_inst6.un2_count_1_cry_2_THRU_LUT4_0_LC_1072/lcout" to break the combinatorial loop
Warning-1035: Removing timing arc from pin "b2v_inst6.count_RNI[3]_LC_890/in1" to pin "b2v_inst6.count_RNI[3]_LC_890/lcout" to break the combinatorial loop
Warning-1035: Removing timing arc from pin "b2v_inst6.un2_count_1_cry_3_c_RNIO6IO_LC_911/in0" to pin "b2v_inst6.un2_count_1_cry_3_c_RNIO6IO_LC_911/lcout" to break the combinatorial loop
Warning-1035: Removing timing arc from pin "b2v_inst6.un2_count_1_cry_3_THRU_LUT4_0_LC_1073/in1" to pin "b2v_inst6.un2_count_1_cry_3_THRU_LUT4_0_LC_1073/lcout" to break the combinatorial loop
Warning-1035: Removing timing arc from pin "b2v_inst6.count_RNI1N0E4[5]_LC_868/in2" to pin "b2v_inst6.count_RNI1N0E4[5]_LC_868/lcout" to break the combinatorial loop
Warning-1035: Removing timing arc from pin "b2v_inst6.un2_count_1_cry_5_c_RNIQAKO_LC_913/in1" to pin "b2v_inst6.un2_count_1_cry_5_c_RNIQAKO_LC_913/lcout" to break the combinatorial loop
Warning-1035: Removing timing arc from pin "b2v_inst6.count_RNI_0[1]_LC_886/in2" to pin "b2v_inst6.count_RNI_0[1]_LC_886/lcout" to break the combinatorial loop
Warning-1035: Removing timing arc from pin "b2v_inst6.un2_count_1_cry_6_c_RNIRCLO_LC_914/in0" to pin "b2v_inst6.un2_count_1_cry_6_c_RNIRCLO_LC_914/lcout" to break the combinatorial loop
Warning-1035: Removing timing arc from pin "b2v_inst6.un2_count_1_cry_6_THRU_LUT4_0_LC_1075/in1" to pin "b2v_inst6.un2_count_1_cry_6_THRU_LUT4_0_LC_1075/lcout" to break the combinatorial loop
Warning-1035: Removing timing arc from pin "b2v_inst6.un2_count_1_cry_7_c_RNISEMO_LC_915/in0" to pin "b2v_inst6.un2_count_1_cry_7_c_RNISEMO_LC_915/lcout" to break the combinatorial loop
Warning-1035: Removing timing arc from pin "b2v_inst6.un2_count_1_cry_7_THRU_LUT4_0_LC_1076/in1" to pin "b2v_inst6.un2_count_1_cry_7_THRU_LUT4_0_LC_1076/lcout" to break the combinatorial loop
Warning-1035: Removing timing arc from pin "b2v_inst6.un2_count_1_cry_8_c_RNITGNO_LC_916/in0" to pin "b2v_inst6.un2_count_1_cry_8_c_RNITGNO_LC_916/lcout" to break the combinatorial loop
Warning-1035: Removing timing arc from pin "b2v_inst6.un2_count_1_cry_8_THRU_LUT4_0_LC_1077/in1" to pin "b2v_inst6.un2_count_1_cry_8_THRU_LUT4_0_LC_1077/lcout" to break the combinatorial loop
Warning-1035: Removing timing arc from pin "b2v_inst6.un2_count_1_cry_9_c_RNIUIOO_LC_917/in1" to pin "b2v_inst6.un2_count_1_cry_9_c_RNIUIOO_LC_917/lcout" to break the combinatorial loop
Warning-1035: Removing timing arc from pin "b2v_inst6.un2_count_1_cry_10_c_RNI6P001_LC_904/in0" to pin "b2v_inst6.un2_count_1_cry_10_c_RNI6P001_LC_904/lcout" to break the combinatorial loop
Warning-1035: Removing timing arc from pin "b2v_inst6.un2_count_1_cry_10_THRU_LUT4_0_LC_1071/in1" to pin "b2v_inst6.un2_count_1_cry_10_THRU_LUT4_0_LC_1071/lcout" to break the combinatorial loop
Warning-1035: Removing timing arc from pin "b2v_inst6.count_RNI_0[1]_LC_886/in0" to pin "b2v_inst6.count_RNI_0[1]_LC_886/lcout" to break the combinatorial loop
Warning-1035: Removing timing arc from pin "b2v_inst6.un2_count_1_cry_11_c_RNI7R101_LC_905/in1" to pin "b2v_inst6.un2_count_1_cry_11_c_RNI7R101_LC_905/lcout" to break the combinatorial loop
Warning-1035: Removing timing arc from pin "b2v_inst6.un2_count_1_cry_12_c_RNI8T201_LC_906/in1" to pin "b2v_inst6.un2_count_1_cry_12_c_RNI8T201_LC_906/lcout" to break the combinatorial loop
Warning-1035: Removing timing arc from pin "b2v_inst6.un2_count_1_cry_13_c_RNI9V301_LC_907/in1" to pin "b2v_inst6.un2_count_1_cry_13_c_RNI9V301_LC_907/lcout" to break the combinatorial loop
Warning-1035: Removing timing arc from pin "b2v_inst6.un2_count_1_cry_14_c_RNIA1501_LC_908/in0" to pin "b2v_inst6.un2_count_1_cry_14_c_RNIA1501_LC_908/lcout" to break the combinatorial loop
Warning-1035: Removing timing arc from pin "b2v_inst6.count_RNI[3]_LC_890/in3" to pin "b2v_inst6.count_RNI[3]_LC_890/lcout" to break the combinatorial loop
Warning-1035: Removing timing arc from pin "b2v_inst6.curr_state_7_1_0_.m6_0_LC_893/in2" to pin "b2v_inst6.curr_state_7_1_0_.m6_0_LC_893/lcout" to break the combinatorial loop
Warning-1035: Removing timing arc from pin "b2v_inst6.curr_state_7_1_0_.m4_0_LC_892/in3" to pin "b2v_inst6.curr_state_7_1_0_.m4_0_LC_892/lcout" to break the combinatorial loop
Warning-1035: Removing timing arc from pin "b2v_inst200.curr_state_13_2_0_.m11_0_LC_732/in3" to pin "b2v_inst200.curr_state_13_2_0_.m11_0_LC_732/lcout" to break the combinatorial loop
Warning-1035: Removing timing arc from pin "b2v_inst200.count_RNI1QM71[11]_LC_699/in2" to pin "b2v_inst200.count_RNI1QM71[11]_LC_699/lcout" to break the combinatorial loop
Warning-1035: Removing timing arc from pin "b2v_inst200.count_RNI[6]_LC_724/in0" to pin "b2v_inst200.count_RNI[6]_LC_724/lcout" to break the combinatorial loop
Warning-1035: Removing timing arc from pin "b2v_inst200.count_RNI96451[6]_LC_707/in3" to pin "b2v_inst200.count_RNI96451[6]_LC_707/lcout" to break the combinatorial loop
Warning-1035: Removing timing arc from pin "b2v_inst200.count_RNIC03N_3[0]_LC_714/in0" to pin "b2v_inst200.count_RNIC03N_3[0]_LC_714/lcout" to break the combinatorial loop
Warning-1035: Removing timing arc from pin "b2v_inst200.un2_count_1_cry_6_c_RNIO12E_LC_755/in1" to pin "b2v_inst200.un2_count_1_cry_6_c_RNIO12E_LC_755/lcout" to break the combinatorial loop
Warning-1035: Removing timing arc from pin "b2v_inst200.count_RNI[6]_LC_724/in1" to pin "b2v_inst200.count_RNI[6]_LC_724/lcout" to break the combinatorial loop
Warning-1035: Removing timing arc from pin "b2v_inst200.un2_count_1_cry_7_c_RNIP33E_LC_756/in1" to pin "b2v_inst200.un2_count_1_cry_7_c_RNIP33E_LC_756/lcout" to break the combinatorial loop
Warning-1035: Removing timing arc from pin "b2v_inst200.count_RNIC03N_3[0]_LC_714/in3" to pin "b2v_inst200.count_RNIC03N_3[0]_LC_714/lcout" to break the combinatorial loop
Warning-1035: Removing timing arc from pin "b2v_inst200.un2_count_1_cry_8_c_RNIQ54E_LC_757/in1" to pin "b2v_inst200.un2_count_1_cry_8_c_RNIQ54E_LC_757/lcout" to break the combinatorial loop
Warning-1035: Removing timing arc from pin "b2v_inst200.count_RNI[6]_LC_724/in2" to pin "b2v_inst200.count_RNI[6]_LC_724/lcout" to break the combinatorial loop
Warning-1035: Removing timing arc from pin "b2v_inst200.un2_count_1_cry_9_c_RNIR75E_LC_758/in1" to pin "b2v_inst200.un2_count_1_cry_9_c_RNIR75E_LC_758/lcout" to break the combinatorial loop
Warning-1035: Removing timing arc from pin "b2v_inst200.count_RNI1QM71[11]_LC_699/in3" to pin "b2v_inst200.count_RNI1QM71[11]_LC_699/lcout" to break the combinatorial loop
Warning-1035: Removing timing arc from pin "b2v_inst200.un2_count_1_cry_11_c_RNI4C39_LC_744/in1" to pin "b2v_inst200.un2_count_1_cry_11_c_RNI4C39_LC_744/lcout" to break the combinatorial loop
Warning-1035: Removing timing arc from pin "b2v_inst200.un2_count_1_cry_12_c_RNI5E49_LC_745/in1" to pin "b2v_inst200.un2_count_1_cry_12_c_RNI5E49_LC_745/lcout" to break the combinatorial loop
Warning-1035: Removing timing arc from pin "b2v_inst200.un2_count_1_cry_13_c_RNI6G59_LC_746/in1" to pin "b2v_inst200.un2_count_1_cry_13_c_RNI6G59_LC_746/lcout" to break the combinatorial loop
Warning-1035: Removing timing arc from pin "b2v_inst200.un2_count_1_cry_14_c_RNI7I69_LC_747/in1" to pin "b2v_inst200.un2_count_1_cry_14_c_RNI7I69_LC_747/lcout" to break the combinatorial loop
Warning-1035: Removing timing arc from pin "b2v_inst200.count_RNIC03N_3[0]_LC_714/in1" to pin "b2v_inst200.count_RNIC03N_3[0]_LC_714/lcout" to break the combinatorial loop
Warning-1035: Removing timing arc from pin "b2v_inst200.un2_count_1_cry_15_c_RNI8K79_LC_748/in1" to pin "b2v_inst200.un2_count_1_cry_15_c_RNI8K79_LC_748/lcout" to break the combinatorial loop
Warning-1035: Removing timing arc from pin "b2v_inst200.un2_count_1_cry_16_c_RNI9M89_LC_749/in0" to pin "b2v_inst200.un2_count_1_cry_16_c_RNI9M89_LC_749/lcout" to break the combinatorial loop
Warning-1035: Removing timing arc from pin "b2v_inst200.count_RNIC03N_0[0]_LC_712/in1" to pin "b2v_inst200.count_RNIC03N_0[0]_LC_712/lcout" to break the combinatorial loop
Warning-1035: Removing timing arc from pin "b2v_inst200.count_RNIC03N_5[0]_LC_715/in1" to pin "b2v_inst200.count_RNIC03N_5[0]_LC_715/lcout" to break the combinatorial loop
Warning-1035: Removing timing arc from pin "b2v_inst200.un2_count_1_cry_1_c_RNIJNSD_LC_750/in1" to pin "b2v_inst200.un2_count_1_cry_1_c_RNIJNSD_LC_750/lcout" to break the combinatorial loop
Warning-1035: Removing timing arc from pin "b2v_inst200.un2_count_1_cry_2_c_RNIKPTD_LC_751/in1" to pin "b2v_inst200.un2_count_1_cry_2_c_RNIKPTD_LC_751/lcout" to break the combinatorial loop
Warning-1035: Removing timing arc from pin "b2v_inst200.un2_count_1_cry_3_c_RNILRUD_LC_752/in1" to pin "b2v_inst200.un2_count_1_cry_3_c_RNILRUD_LC_752/lcout" to break the combinatorial loop
Warning-1035: Removing timing arc from pin "b2v_inst200.un2_count_1_cry_4_c_RNIMTVD_LC_753/in1" to pin "b2v_inst200.un2_count_1_cry_4_c_RNIMTVD_LC_753/lcout" to break the combinatorial loop
Warning-1035: Removing timing arc from pin "b2v_inst200.curr_state_13_2_0_.m6_i_LC_735/in3" to pin "b2v_inst200.curr_state_13_2_0_.m6_i_LC_735/lcout" to break the combinatorial loop
Warning-1035: Removing timing arc from pin "b2v_inst200.curr_state_13_2_0_.m11_0_a2_0_LC_733/in0" to pin "b2v_inst200.curr_state_13_2_0_.m11_0_a2_0_LC_733/lcout" to break the combinatorial loop
Warning-1035: Removing timing arc from pin "b2v_inst200.curr_state_13_2_0_.m6_i_LC_735/in1" to pin "b2v_inst200.curr_state_13_2_0_.m6_i_LC_735/lcout" to break the combinatorial loop
Warning-1035: Removing timing arc from pin "b2v_inst200.curr_state_13_2_0_.m8_i_LC_737/in2" to pin "b2v_inst200.curr_state_13_2_0_.m8_i_LC_737/lcout" to break the combinatorial loop
Warning-1035: Removing timing arc from pin "b2v_inst200.curr_state_13_2_0_.m8_i_LC_737/in3" to pin "b2v_inst200.curr_state_13_2_0_.m8_i_LC_737/lcout" to break the combinatorial loop
Warning-1035: Removing timing arc from pin "b2v_inst200.curr_state_13_2_0_.m6_i_LC_735/in2" to pin "b2v_inst200.curr_state_13_2_0_.m6_i_LC_735/lcout" to break the combinatorial loop
Warning-1035: Removing timing arc from pin "b2v_inst5.curr_state_7_1_0_.m4_0_LC_846/in0" to pin "b2v_inst5.curr_state_7_1_0_.m4_0_LC_846/lcout" to break the combinatorial loop
Warning-1035: Removing timing arc from pin "b2v_inst5.count_RNI6MBB2[3]_LC_818/in2" to pin "b2v_inst5.count_RNI6MBB2[3]_LC_818/lcout" to break the combinatorial loop
Warning-1035: Removing timing arc from pin "b2v_inst5.count_RNID3G12[1]_LC_831/in2" to pin "b2v_inst5.count_RNID3G12[1]_LC_831/lcout" to break the combinatorial loop
Warning-1035: Removing timing arc from pin "b2v_inst5.count_RNIRHC7I[2]_LC_836/in1" to pin "b2v_inst5.count_RNIRHC7I[2]_LC_836/lcout" to break the combinatorial loop
Warning-1035: Removing timing arc from pin "b2v_inst5.un2_count_1_cry_10_c_RNI3GUD1_LC_853/in1" to pin "b2v_inst5.un2_count_1_cry_10_c_RNI3GUD1_LC_853/lcout" to break the combinatorial loop
Warning-1035: Removing timing arc from pin "b2v_inst5.count_RNISNC87[5]_LC_838/in1" to pin "b2v_inst5.count_RNISNC87[5]_LC_838/lcout" to break the combinatorial loop
Warning-1035: Removing timing arc from pin "b2v_inst5.un2_count_1_cry_11_c_RNI4IVD1_LC_854/in1" to pin "b2v_inst5.un2_count_1_cry_11_c_RNI4IVD1_LC_854/lcout" to break the combinatorial loop
Warning-1035: Removing timing arc from pin "b2v_inst5.count_RNISNC87[5]_LC_838/in0" to pin "b2v_inst5.count_RNISNC87[5]_LC_838/lcout" to break the combinatorial loop
Warning-1035: Removing timing arc from pin "b2v_inst5.un2_count_1_cry_12_c_RNI5K0E1_LC_855/in0" to pin "b2v_inst5.un2_count_1_cry_12_c_RNI5K0E1_LC_855/lcout" to break the combinatorial loop
Warning-1035: Removing timing arc from pin "b2v_inst5.un2_count_1_cry_12_THRU_LUT4_0_LC_1066/in1" to pin "b2v_inst5.un2_count_1_cry_12_THRU_LUT4_0_LC_1066/lcout" to break the combinatorial loop
Warning-1035: Removing timing arc from pin "b2v_inst5.count_RNIASDB2_0[5]_LC_826/in1" to pin "b2v_inst5.count_RNIASDB2_0[5]_LC_826/lcout" to break the combinatorial loop
Warning-1035: Removing timing arc from pin "b2v_inst5.un2_count_1_cry_13_c_RNI6M1E1_LC_856/in1" to pin "b2v_inst5.un2_count_1_cry_13_c_RNI6M1E1_LC_856/lcout" to break the combinatorial loop
Warning-1035: Removing timing arc from pin "b2v_inst5.un2_count_1_cry_14_c_RNI7O2E1_LC_857/in0" to pin "b2v_inst5.un2_count_1_cry_14_c_RNI7O2E1_LC_857/lcout" to break the combinatorial loop
Warning-1035: Removing timing arc from pin "b2v_inst5.un2_count_1_cry_1_c_RNIJQ1L1_LC_858/in0" to pin "b2v_inst5.un2_count_1_cry_1_c_RNIJQ1L1_LC_858/lcout" to break the combinatorial loop
Warning-1035: Removing timing arc from pin "b2v_inst5.un2_count_1_cry_3_c_RNILU3L1_LC_860/in3" to pin "b2v_inst5.un2_count_1_cry_3_c_RNILU3L1_LC_860/lcout" to break the combinatorial loop
Warning-1035: Removing timing arc from pin "b2v_inst5.un2_count_1_cry_4_c_RNIM05L1_LC_861/in0" to pin "b2v_inst5.un2_count_1_cry_4_c_RNIM05L1_LC_861/lcout" to break the combinatorial loop
Warning-1035: Removing timing arc from pin "b2v_inst5.count_RNISNC87[5]_LC_838/in3" to pin "b2v_inst5.count_RNISNC87[5]_LC_838/lcout" to break the combinatorial loop
Warning-1035: Removing timing arc from pin "b2v_inst5.un2_count_1_cry_5_c_RNIN26L1_LC_862/in1" to pin "b2v_inst5.un2_count_1_cry_5_c_RNIN26L1_LC_862/lcout" to break the combinatorial loop
Warning-1035: Removing timing arc from pin "b2v_inst5.un2_count_1_cry_6_c_RNIO47L1_LC_863/in1" to pin "b2v_inst5.un2_count_1_cry_6_c_RNIO47L1_LC_863/lcout" to break the combinatorial loop
Warning-1035: Removing timing arc from pin "b2v_inst5.un2_count_1_cry_7_c_RNIP68L1_LC_864/in0" to pin "b2v_inst5.un2_count_1_cry_7_c_RNIP68L1_LC_864/lcout" to break the combinatorial loop
Warning-1035: Removing timing arc from pin "b2v_inst5.un2_count_1_cry_7_THRU_LUT4_0_LC_1068/in1" to pin "b2v_inst5.un2_count_1_cry_7_THRU_LUT4_0_LC_1068/lcout" to break the combinatorial loop
Warning-1035: Removing timing arc from pin "b2v_inst5.count_RNI2EOJ9[2]_LC_813/in3" to pin "b2v_inst5.count_RNI2EOJ9[2]_LC_813/lcout" to break the combinatorial loop
Warning-1035: Removing timing arc from pin "b2v_inst5.un2_count_1_cry_8_c_RNIQ89L1_LC_865/in0" to pin "b2v_inst5.un2_count_1_cry_8_c_RNIQ89L1_LC_865/lcout" to break the combinatorial loop
Warning-1035: Removing timing arc from pin "b2v_inst5.un2_count_1_cry_8_THRU_LUT4_0_LC_1069/in1" to pin "b2v_inst5.un2_count_1_cry_8_THRU_LUT4_0_LC_1069/lcout" to break the combinatorial loop
Warning-1035: Removing timing arc from pin "b2v_inst5.un2_count_1_cry_9_c_RNIRAAL1_LC_866/in0" to pin "b2v_inst5.un2_count_1_cry_9_c_RNIRAAL1_LC_866/lcout" to break the combinatorial loop
Warning-1035: Removing timing arc from pin "b2v_inst5.un2_count_1_cry_9_THRU_LUT4_0_LC_1070/in1" to pin "b2v_inst5.un2_count_1_cry_9_THRU_LUT4_0_LC_1070/lcout" to break the combinatorial loop
Warning-1035: Removing timing arc from pin "b2v_inst5.un2_count_1_cry_3_c_RNILU3L1_LC_860/in2" to pin "b2v_inst5.un2_count_1_cry_3_c_RNILU3L1_LC_860/lcout" to break the combinatorial loop
Warning-1035: Removing timing arc from pin "b2v_inst5.un2_count_1_cry_4_c_RNIM05L1_LC_861/in1" to pin "b2v_inst5.un2_count_1_cry_4_c_RNIM05L1_LC_861/lcout" to break the combinatorial loop
Warning-1035: Removing timing arc from pin "b2v_inst5.count_RNIRHC7I[2]_LC_836/in0" to pin "b2v_inst5.count_RNIRHC7I[2]_LC_836/lcout" to break the combinatorial loop
Warning-1035: Removing timing arc from pin "b2v_inst36.count_RNI361O[0]_LC_763/in2" to pin "b2v_inst36.count_RNI361O[0]_LC_763/lcout" to break the combinatorial loop
Warning-1035: Removing timing arc from pin "b2v_inst36.curr_state_7_1_0_.m4_LC_789/in0" to pin "b2v_inst36.curr_state_7_1_0_.m4_LC_789/lcout" to break the combinatorial loop
Warning-1035: Removing timing arc from pin "b2v_inst36.curr_state_7_1_0_.m4_LC_789/in1" to pin "b2v_inst36.curr_state_7_1_0_.m4_LC_789/lcout" to break the combinatorial loop
Warning-1035: Removing timing arc from pin "b2v_inst36.curr_state_7_1_0_.m6_LC_790/in1" to pin "b2v_inst36.curr_state_7_1_0_.m6_LC_790/lcout" to break the combinatorial loop
Warning-1035: Removing timing arc from pin "b2v_inst36.curr_state_RNIKEBL[1]_LC_795/in0" to pin "b2v_inst36.curr_state_RNIKEBL[1]_LC_795/lcout" to break the combinatorial loop
Warning-1035: Removing timing arc from pin "b2v_inst36.count_RNI9C1O_2[6]_LC_768/in0" to pin "b2v_inst36.count_RNI9C1O_2[6]_LC_768/lcout" to break the combinatorial loop
Warning-1035: Removing timing arc from pin "b2v_inst36.count_RNIJMDV[13]_LC_775/in3" to pin "b2v_inst36.count_RNIJMDV[13]_LC_775/lcout" to break the combinatorial loop
Warning-1035: Removing timing arc from pin "b2v_inst36.un2_count_1_cry_13_c_RNIT9M1_LC_801/in1" to pin "b2v_inst36.un2_count_1_cry_13_c_RNIT9M1_LC_801/lcout" to break the combinatorial loop
Warning-1035: Removing timing arc from pin "b2v_inst36.un2_count_1_cry_14_c_RNIUBN1_LC_802/in0" to pin "b2v_inst36.un2_count_1_cry_14_c_RNIUBN1_LC_802/lcout" to break the combinatorial loop
Warning-1035: Removing timing arc from pin "b2v_inst36.count_RNI9C1O_2[6]_LC_768/in1" to pin "b2v_inst36.count_RNI9C1O_2[6]_LC_768/lcout" to break the combinatorial loop
Warning-1035: Removing timing arc from pin "b2v_inst36.count_RNITNJ01[9]_LC_781/in3" to pin "b2v_inst36.count_RNITNJ01[9]_LC_781/lcout" to break the combinatorial loop
Warning-1035: Removing timing arc from pin "b2v_inst36.count_RNI_0[1]_LC_783/in2" to pin "b2v_inst36.count_RNI_0[1]_LC_783/lcout" to break the combinatorial loop
Warning-1035: Removing timing arc from pin "b2v_inst36.un2_count_1_cry_9_c_RNIIAJ8_LC_811/in0" to pin "b2v_inst36.un2_count_1_cry_9_c_RNIIAJ8_LC_811/lcout" to break the combinatorial loop
Warning-1035: Removing timing arc from pin "b2v_inst36.un2_count_1_cry_9_THRU_LUT4_0_LC_1065/in1" to pin "b2v_inst36.un2_count_1_cry_9_THRU_LUT4_0_LC_1065/lcout" to break the combinatorial loop
Warning-1035: Removing timing arc from pin "b2v_inst36.count_RNI_0[1]_LC_783/in3" to pin "b2v_inst36.count_RNI_0[1]_LC_783/lcout" to break the combinatorial loop
Warning-1035: Removing timing arc from pin "b2v_inst36.un2_count_1_cry_10_c_RNIQ3J1_LC_798/in0" to pin "b2v_inst36.un2_count_1_cry_10_c_RNIQ3J1_LC_798/lcout" to break the combinatorial loop
Warning-1035: Removing timing arc from pin "b2v_inst36.un2_count_1_cry_10_THRU_LUT4_0_LC_1059/in1" to pin "b2v_inst36.un2_count_1_cry_10_THRU_LUT4_0_LC_1059/lcout" to break the combinatorial loop
Warning-1035: Removing timing arc from pin "b2v_inst36.un2_count_1_cry_11_c_RNIR5K1_LC_799/in1" to pin "b2v_inst36.un2_count_1_cry_11_c_RNIR5K1_LC_799/lcout" to break the combinatorial loop
Warning-1035: Removing timing arc from pin "b2v_inst36.count_RNI[1]_LC_784/in2" to pin "b2v_inst36.count_RNI[1]_LC_784/lcout" to break the combinatorial loop
Warning-1035: Removing timing arc from pin "b2v_inst36.count_RNI9C1O_2[6]_LC_768/in3" to pin "b2v_inst36.count_RNI9C1O_2[6]_LC_768/lcout" to break the combinatorial loop
Warning-1035: Removing timing arc from pin "b2v_inst36.un2_count_1_cry_1_c_RNIAQA8_LC_803/in0" to pin "b2v_inst36.un2_count_1_cry_1_c_RNIAQA8_LC_803/lcout" to break the combinatorial loop
Warning-1035: Removing timing arc from pin "b2v_inst36.un2_count_1_cry_1_c_RNIAQA8_LC_803/in1" to pin "b2v_inst36.un2_count_1_cry_1_c_RNIAQA8_LC_803/lcout" to break the combinatorial loop
Warning-1035: Removing timing arc from pin "b2v_inst36.un2_count_1_cry_2_c_RNIBSB8_LC_804/in0" to pin "b2v_inst36.un2_count_1_cry_2_c_RNIBSB8_LC_804/lcout" to break the combinatorial loop
Warning-1035: Removing timing arc from pin "b2v_inst36.un2_count_1_cry_2_THRU_LUT4_0_LC_1061/in1" to pin "b2v_inst36.un2_count_1_cry_2_THRU_LUT4_0_LC_1061/lcout" to break the combinatorial loop
Warning-1035: Removing timing arc from pin "b2v_inst36.un2_count_1_cry_3_c_RNICUC8_LC_805/in1" to pin "b2v_inst36.un2_count_1_cry_3_c_RNICUC8_LC_805/lcout" to break the combinatorial loop
Warning-1035: Removing timing arc from pin "b2v_inst36.un2_count_1_cry_4_c_RNID0E8_LC_806/in0" to pin "b2v_inst36.un2_count_1_cry_4_c_RNID0E8_LC_806/lcout" to break the combinatorial loop
Warning-1035: Removing timing arc from pin "b2v_inst36.un2_count_1_cry_4_THRU_LUT4_0_LC_1062/in1" to pin "b2v_inst36.un2_count_1_cry_4_THRU_LUT4_0_LC_1062/lcout" to break the combinatorial loop
Warning-1035: Removing timing arc from pin "b2v_inst36.un2_count_1_cry_5_c_RNINEG01_LC_807/in1" to pin "b2v_inst36.un2_count_1_cry_5_c_RNINEG01_LC_807/lcout" to break the combinatorial loop
Warning-1035: Removing timing arc from pin "b2v_inst36.un2_count_1_cry_6_c_RNIF4G8_LC_808/in0" to pin "b2v_inst36.un2_count_1_cry_6_c_RNIF4G8_LC_808/lcout" to break the combinatorial loop
Warning-1035: Removing timing arc from pin "b2v_inst36.un2_count_1_cry_6_THRU_LUT4_0_LC_1063/in1" to pin "b2v_inst36.un2_count_1_cry_6_THRU_LUT4_0_LC_1063/lcout" to break the combinatorial loop
Warning-1035: Removing timing arc from pin "b2v_inst36.count_RNI_0[1]_LC_783/in1" to pin "b2v_inst36.count_RNI_0[1]_LC_783/lcout" to break the combinatorial loop
Warning-1035: Removing timing arc from pin "b2v_inst36.un2_count_1_cry_7_c_RNIG6H8_LC_809/in0" to pin "b2v_inst36.un2_count_1_cry_7_c_RNIG6H8_LC_809/lcout" to break the combinatorial loop
Warning-1035: Removing timing arc from pin "b2v_inst36.un2_count_1_cry_7_THRU_LUT4_0_LC_1064/in1" to pin "b2v_inst36.un2_count_1_cry_7_THRU_LUT4_0_LC_1064/lcout" to break the combinatorial loop
Warning-1035: Removing timing arc from pin "b2v_inst36.curr_state_RNIKEBL[1]_LC_795/in2" to pin "b2v_inst36.curr_state_RNIKEBL[1]_LC_795/lcout" to break the combinatorial loop
Warning-1035: Removing timing arc from pin "b2v_inst36.curr_state_RNIKEBL[1]_LC_795/in1" to pin "b2v_inst36.curr_state_RNIKEBL[1]_LC_795/lcout" to break the combinatorial loop
Warning-1035: Removing timing arc from pin "b2v_inst36.count_RNI[1]_LC_784/in0" to pin "b2v_inst36.count_RNI[1]_LC_784/lcout" to break the combinatorial loop

Design Statistics after Packing
    Number of LUTs      	:	1079
    Number of DFFs      	:	201
    Number of DFFs packed to IO	:	0
    Number of Carrys    	:	307

Device Utilization Summary after Packing
    Sequential LogicCells
        LUT and DFF      	:	177
        LUT, DFF and CARRY	:	24
    Combinational LogicCells
        Only LUT         	:	633
        CARRY Only       	:	38
        LUT with CARRY   	:	245
    LogicCells                  :	1117/1280
    PLBs                        :	147/160
    BRAMs                       :	0/16
    IOs and GBIOs               :	37/67
    PLLs                        :	0/0


I2088: Phase 3, elapsed time : 1.8 (sec)

Phase 4
I2088: Phase 4, elapsed time : 0.1 (sec)

Phase 5
I2088: Phase 5, elapsed time : 3.6 (sec)

Phase 6
I2088: Phase 6, elapsed time : 37.8 (sec)

Final Design Statistics
    Number of LUTs      	:	1079
    Number of DFFs      	:	201
    Number of DFFs packed to IO	:	0
    Number of Carrys    	:	307
    Number of RAMs      	:	0
    Number of ROMs      	:	0
    Number of IOs       	:	36
    Number of GBIOs     	:	1
    Number of GBs       	:	2
    Number of WarmBoot  	:	0
    Number of PLLs      	:	0

Device Utilization Summary
    LogicCells                  :	1117/1280
    PLBs                        :	156/160
    BRAMs                       :	0/16
    IOs and GBIOs               :	37/67
    PLLs                        :	0/0



#####################################################################
Placement Timing Summary

The timing summary is based on estimated routing delays after
placement. For final timing report, please carry out the timing
analysis after routing.
=====================================================================

#####################################################################
                     Clock Summary 
=====================================================================
Number of clocks: 1
Clock: TOP|FPGA_OSC | Frequency: 3.63 MHz | Target: 42.70 MHz

=====================================================================
                     End of Clock Summary
#####################################################################

I2054: Placement of design completed successfully

I2076: Placer run-time: 43.9 sec.

