Running in Lattice mode

Starting:    C:\lscc\iCEcube2.2020.12\synpbase\bin64\mbin\synplify.exe
Install:     C:\lscc\iCEcube2.2020.12\synpbase
Hostname:    DESKTOP-M2TPG58
Date:        Tue Apr 12 12:09:39 2022
Version:     L-2016.09L+ice40

Arguments:   -product synplify_pro SBCTI22HOME2_syn.prj
ProductType: synplify_pro




log file: "C:\Users\firas\Dropbox\Board-Design\Board-Design-Git\Lattice FPGA Works\TensorI22\SBCTI22HOME2\SBCTI22HOME2_Implmnt\SBCTI22HOME2.srr"
Running: SBCTI22HOME2_Implmnt in foreground

Running SBCTI22HOME2_syn|SBCTI22HOME2_Implmnt

Running: compile (Compile) on SBCTI22HOME2_syn|SBCTI22HOME2_Implmnt
# Tue Apr 12 12:09:39 2022

Running: compile_flow (Compile Process) on SBCTI22HOME2_syn|SBCTI22HOME2_Implmnt
# Tue Apr 12 12:09:39 2022

Running: compiler (Compile Input) on SBCTI22HOME2_syn|SBCTI22HOME2_Implmnt
# Tue Apr 12 12:09:39 2022
Copied C:\Users\firas\Dropbox\Board-Design\Board-Design-Git\Lattice FPGA Works\TensorI22\SBCTI22HOME2\SBCTI22HOME2_Implmnt\synwork\SBCTI22HOME2_comp.srs to C:\Users\firas\Dropbox\Board-Design\Board-Design-Git\Lattice FPGA Works\TensorI22\SBCTI22HOME2\SBCTI22HOME2_Implmnt\SBCTI22HOME2.srs

compiler completed
# Tue Apr 12 12:09:40 2022

Return Code: 0
Run Time:00h:00m:01s

Running: multi_srs_gen (Multi-srs Generator) on SBCTI22HOME2_syn|SBCTI22HOME2_Implmnt
# Tue Apr 12 12:09:40 2022

multi_srs_gen completed
# Tue Apr 12 12:09:41 2022

Return Code: 0
Run Time:00h:00m:01s
Copied C:\Users\firas\Dropbox\Board-Design\Board-Design-Git\Lattice FPGA Works\TensorI22\SBCTI22HOME2\SBCTI22HOME2_Implmnt\synwork\SBCTI22HOME2_mult.srs to C:\Users\firas\Dropbox\Board-Design\Board-Design-Git\Lattice FPGA Works\TensorI22\SBCTI22HOME2\SBCTI22HOME2_Implmnt\SBCTI22HOME2.srs
Complete: Compile Process on SBCTI22HOME2_syn|SBCTI22HOME2_Implmnt

Running: premap (Pre-mapping) on SBCTI22HOME2_syn|SBCTI22HOME2_Implmnt
# Tue Apr 12 12:09:41 2022

premap completed with warnings
# Tue Apr 12 12:09:41 2022

Return Code: 1
Run Time:00h:00m:00s
Complete: Compile on SBCTI22HOME2_syn|SBCTI22HOME2_Implmnt

Running: map (Map) on SBCTI22HOME2_syn|SBCTI22HOME2_Implmnt
# Tue Apr 12 12:09:41 2022

Running: fpga_mapper (Map & Optimize) on SBCTI22HOME2_syn|SBCTI22HOME2_Implmnt
# Tue Apr 12 12:09:41 2022
Copied C:\Users\firas\Dropbox\Board-Design\Board-Design-Git\Lattice FPGA Works\TensorI22\SBCTI22HOME2\SBCTI22HOME2_Implmnt\synwork\SBCTI22HOME2_m.srm to C:\Users\firas\Dropbox\Board-Design\Board-Design-Git\Lattice FPGA Works\TensorI22\SBCTI22HOME2\SBCTI22HOME2_Implmnt\SBCTI22HOME2.srm

fpga_mapper completed with warnings
# Tue Apr 12 12:09:51 2022

Return Code: 1
Run Time:00h:00m:10s
Complete: Map on SBCTI22HOME2_syn|SBCTI22HOME2_Implmnt
Complete: Logic Synthesis on SBCTI22HOME2_syn|SBCTI22HOME2_Implmnt
