Synopsys HDL Compiler, version comp2016q3p1, Build 141R, built Dec  5 2016
@N|Running in 64-bit mode
Copyright (C) 1994-2016 Synopsys, Inc. All rights reserved. This Synopsys software and all associated documentation are proprietary to Synopsys, Inc. and may only be used pursuant to the terms and conditions of a written license agreement with Synopsys, Inc. All other use, reproduction, modification, or distribution of the Synopsys software or the associated documentation is strictly prohibited.

Synopsys VHDL Compiler, version comp2016q3p1, Build 141R, built Dec  5 2016
@N|Running in 64-bit mode
Copyright (C) 1994-2016 Synopsys, Inc. All rights reserved. This Synopsys software and all associated documentation are proprietary to Synopsys, Inc. and may only be used pursuant to the terms and conditions of a written license agreement with Synopsys, Inc. All other use, reproduction, modification, or distribution of the Synopsys software or the associated documentation is strictly prohibited.

@N: CD720 :"C:\lscc\iCEcube2.2020.12\synpbase\lib\vhd\std.vhd":123:18:123:21|Setting time resolution to ps
@N:"C:\Users\firas.abdelghani\Dropbox\Board-Design\Board-Design-Git\Lattice FPGA Works\TensorI22\Top.vhd":6:7:6:9|Top entity is set to TOP.
@E: CD614 :"C:\Users\firas.abdelghani\Dropbox\Board-Design\Board-Design-Git\Lattice FPGA Works\TensorI22\Top.vhd":33:2:33:3|separator required between number and identifier
@E: CD492 :"C:\Users\firas.abdelghani\Dropbox\Board-Design\Board-Design-Git\Lattice FPGA Works\TensorI22\Top.vhd":33:5:33:5|character '_' is not allowed as the first character
@E: CD213 :"C:\Users\firas.abdelghani\Dropbox\Board-Design\Board-Design-Git\Lattice FPGA Works\TensorI22\Top.vhd":186:1:186:9|Undefined identifier
@E: CD213 :"C:\Users\firas.abdelghani\Dropbox\Board-Design\Board-Design-Git\Lattice FPGA Works\TensorI22\Top.vhd":187:1:187:9|Undefined identifier
@E: CD213 :"C:\Users\firas.abdelghani\Dropbox\Board-Design\Board-Design-Git\Lattice FPGA Works\TensorI22\Top.vhd":188:1:188:11|Undefined identifier
@E: CD213 :"C:\Users\firas.abdelghani\Dropbox\Board-Design\Board-Design-Git\Lattice FPGA Works\TensorI22\Top.vhd":189:1:189:7|Undefined identifier
@E: CD213 :"C:\Users\firas.abdelghani\Dropbox\Board-Design\Board-Design-Git\Lattice FPGA Works\TensorI22\Top.vhd":191:1:191:8|Undefined identifier
@E: CD213 :"C:\Users\firas.abdelghani\Dropbox\Board-Design\Board-Design-Git\Lattice FPGA Works\TensorI22\Top.vhd":192:1:192:6|Undefined identifier
@E: CD213 :"C:\Users\firas.abdelghani\Dropbox\Board-Design\Board-Design-Git\Lattice FPGA Works\TensorI22\Top.vhd":193:4:193:11|Undefined identifier
@E: CD213 :"C:\Users\firas.abdelghani\Dropbox\Board-Design\Board-Design-Git\Lattice FPGA Works\TensorI22\Top.vhd":194:1:194:9|Undefined identifier
@E: CD213 :"C:\Users\firas.abdelghani\Dropbox\Board-Design\Board-Design-Git\Lattice FPGA Works\TensorI22\Top.vhd":195:1:195:7|Undefined identifier
@E: CD213 :"C:\Users\firas.abdelghani\Dropbox\Board-Design\Board-Design-Git\Lattice FPGA Works\TensorI22\Top.vhd":196:1:196:8|Undefined identifier
@E: CD213 :"C:\Users\firas.abdelghani\Dropbox\Board-Design\Board-Design-Git\Lattice FPGA Works\TensorI22\Top.vhd":197:1:197:9|Undefined identifier
@E: CD255 :"C:\Users\firas.abdelghani\Dropbox\Board-Design\Board-Design-Git\Lattice FPGA Works\TensorI22\Top.vhd":200:55:200:55|No identifier "slp_s3n" in scope
@E: CD255 :"C:\Users\firas.abdelghani\Dropbox\Board-Design\Board-Design-Git\Lattice FPGA Works\TensorI22\Top.vhd":200:55:200:55|Too many errors - aborting.
Process took 0h:00m:01s realtime, 0h:00m:01s cputime
# Mon Apr 11 18:11:36 2022

###########################################################]
@END
Process took 0h:00m:01s realtime, 0h:00m:01s cputime
# Mon Apr 11 18:11:36 2022

###########################################################]
