* ******************************************************************************

* iCEcube Placer

* Version:            2020.12.27943

* Build Date:         Dec  9 2020 17:55:50

* File Generated:     Jun 7 2022 11:03:10

* Purpose:            

* Copyright (C) 2006-2010 by Lattice Semiconductor Corp. All rights reserved.

* ******************************************************************************

Executing : C:\lscc\iCEcube2.2020.12\sbt_backend\bin\win32\opt\sbtplacer.exe --des-lib C:/Users/firas.abdelghani/Dropbox/Board-Design/Board-Design-Git/Lattice FPGA Works/TensorI22/SBCTI22WORK3/SBCTI22WORK3_Implmnt\sbt\netlist\oadb-TOP --outdir C:/Users/firas.abdelghani/Dropbox/Board-Design/Board-Design-Git/Lattice FPGA Works/TensorI22/SBCTI22WORK3/SBCTI22WORK3_Implmnt\sbt\outputs\placer --device-file C:\lscc\iCEcube2.2020.12\sbt_backend\devices\ICE40P01.dev --package QN84 --deviceMarketName iCE40LP1K --sdc-file C:/Users/firas.abdelghani/Dropbox/Board-Design/Board-Design-Git/Lattice FPGA Works/TensorI22/SBCTI22WORK3/SBCTI22WORK3_Implmnt\sbt\Temp/sbt_temp.sdc --lib-file C:\lscc\iCEcube2.2020.12\sbt_backend\devices\ice40LP1K.lib --effort_level std --out-sdc-file C:/Users/firas.abdelghani/Dropbox/Board-Design/Board-Design-Git/Lattice FPGA Works/TensorI22/SBCTI22WORK3/SBCTI22WORK3_Implmnt\sbt\outputs\placer\TOP_pl.sdc
I2004: Option and Settings Summary
=============================================================
Device file          - C:\lscc\iCEcube2.2020.12\sbt_backend\devices\ICE40P01.dev
Package              - QN84
Design database      - C:/Users/firas.abdelghani/Dropbox/Board-Design/Board-Design-Git/Lattice FPGA Works/TensorI22/SBCTI22WORK3/SBCTI22WORK3_Implmnt\sbt\netlist\oadb-TOP
SDC file             - C:/Users/firas.abdelghani/Dropbox/Board-Design/Board-Design-Git/Lattice FPGA Works/TensorI22/SBCTI22WORK3/SBCTI22WORK3_Implmnt\sbt\Temp/sbt_temp.sdc
Output directory     - C:/Users/firas.abdelghani/Dropbox/Board-Design/Board-Design-Git/Lattice FPGA Works/TensorI22/SBCTI22WORK3/SBCTI22WORK3_Implmnt\sbt\outputs\placer
Timing library       - C:\lscc\iCEcube2.2020.12\sbt_backend\devices\ice40LP1K.lib
Effort level         - std

I2050: Starting reading inputs for placer
=============================================================
I2100: Reading design library: C:/Users/firas.abdelghani/Dropbox/Board-Design/Board-Design-Git/Lattice FPGA Works/TensorI22/SBCTI22WORK3/SBCTI22WORK3_Implmnt\sbt\netlist\oadb-TOP/BFPGA_DESIGN_ep
I2065: Reading device file : C:\lscc\iCEcube2.2020.12\sbt_backend\devices\ICE40P01.dev
I2051: Reading of inputs for placer completed successfully

I2053: Starting placement of the design
=============================================================

Input Design Statistics
    Number of LUTs      	:	887
    Number of DFFs      	:	221
    Number of DFFs packed to IO	:	0
    Number of Carrys    	:	324
    Number of RAMs      	:	0
    Number of ROMs      	:	0
    Number of IOs       	:	59
    Number of GBIOs     	:	0
    Number of GBs       	:	2
    Number of WarmBoot  	:	0
    Number of PLLs      	:	0


Phase 1
I2077: Start design legalization

Design Legalization Statistics
    Number of feedthru LUTs inserted to legalize input of DFFs     	:	0
    Number of feedthru LUTs inserted for LUTs driving multiple DFFs	:	31
    Number of LUTs replicated for LUTs driving multiple DFFs       	:	52
    Number of feedthru LUTs inserted to legalize output of CARRYs  	:	16
    Number of feedthru LUTs inserted to legalize global signals    	:	0
    Number of feedthru CARRYs inserted to legalize input of CARRYs 	:	0
    Number of inserted LUTs to Legalize IOs with PIN_TYPE= 01xxxx  	:	0
    Number of inserted LUTs to Legalize IOs with PIN_TYPE= 10xxxx  	:	0
    Number of inserted LUTs to Legalize IOs with PIN_TYPE= 11xxxx  	:	0
    Total LUTs inserted                                            	:	99
    Total CARRYs inserted                                          	:	0


I2078: Design legalization is completed successfully
I2088: Phase 1, elapsed time : 0.0 (sec)


Phase 2
I2088: Phase 2, elapsed time : 0.1 (sec)

Phase 3
Warning-1035: Removing timing arc from pin "POWERLED.dutycycle_RNI4VJH7[3]_LC_293/in1" to pin "POWERLED.dutycycle_RNI4VJH7[3]_LC_293/lcout" to break the combinatorial loop
Warning-1035: Removing timing arc from pin "POWERLED.count_RNI[0]_LC_191/in1" to pin "POWERLED.count_RNI[0]_LC_191/lcout" to break the combinatorial loop
Warning-1035: Removing timing arc from pin "POWERLED.count_RNI[1]_LC_192/in0" to pin "POWERLED.count_RNI[1]_LC_192/lcout" to break the combinatorial loop
Warning-1035: Removing timing arc from pin "POWERLED.un85_clk_100khz_cry_4_c_inv_LC_744/carryin" to pin "POWERLED.un85_clk_100khz_cry_4_c_inv_LC_744/carryout" to break the combinatorial loop
Warning-1035: Removing timing arc from pin "POWERLED.curr_state_RNIE5D5[0]_LC_287/in0" to pin "POWERLED.curr_state_RNIE5D5[0]_LC_287/lcout" to break the combinatorial loop
Warning-1035: Removing timing arc from pin "POWERLED.un85_clk_100khz_cry_15_c_RNI_LC_739/in0" to pin "POWERLED.un85_clk_100khz_cry_15_c_RNI_LC_739/lcout" to break the combinatorial loop
Warning-1035: Removing timing arc from pin "POWERLED.un1_count_cry_1_c_RNIB209_LC_504/in1" to pin "POWERLED.un1_count_cry_1_c_RNIB209_LC_504/lcout" to break the combinatorial loop
Warning-1035: Removing timing arc from pin "POWERLED.un1_count_cry_2_c_RNIC419_LC_505/in1" to pin "POWERLED.un1_count_cry_2_c_RNIC419_LC_505/lcout" to break the combinatorial loop
Warning-1035: Removing timing arc from pin "POWERLED.un1_count_cry_3_c_RNID629_LC_506/in1" to pin "POWERLED.un1_count_cry_3_c_RNID629_LC_506/lcout" to break the combinatorial loop
Warning-1035: Removing timing arc from pin "POWERLED.un1_count_cry_4_c_RNIE839_LC_507/in1" to pin "POWERLED.un1_count_cry_4_c_RNIE839_LC_507/lcout" to break the combinatorial loop
Warning-1035: Removing timing arc from pin "POWERLED.un1_count_cry_5_c_RNIFA49_LC_508/in1" to pin "POWERLED.un1_count_cry_5_c_RNIFA49_LC_508/lcout" to break the combinatorial loop
Warning-1035: Removing timing arc from pin "POWERLED.un1_count_cry_6_c_RNIGC59_LC_509/in1" to pin "POWERLED.un1_count_cry_6_c_RNIGC59_LC_509/lcout" to break the combinatorial loop
Warning-1035: Removing timing arc from pin "POWERLED.un1_count_cry_7_c_RNIHE69_LC_510/in1" to pin "POWERLED.un1_count_cry_7_c_RNIHE69_LC_510/lcout" to break the combinatorial loop
Warning-1035: Removing timing arc from pin "POWERLED.un1_count_cry_8_c_RNIIG79_LC_511/in1" to pin "POWERLED.un1_count_cry_8_c_RNIIG79_LC_511/lcout" to break the combinatorial loop
Warning-1035: Removing timing arc from pin "POWERLED.un1_count_cry_9_c_RNIJI89_LC_512/in1" to pin "POWERLED.un1_count_cry_9_c_RNIJI89_LC_512/lcout" to break the combinatorial loop
Warning-1035: Removing timing arc from pin "POWERLED.un1_count_cry_10_c_RNIRCG7_LC_499/in1" to pin "POWERLED.un1_count_cry_10_c_RNIRCG7_LC_499/lcout" to break the combinatorial loop
Warning-1035: Removing timing arc from pin "POWERLED.un1_count_cry_11_c_RNISEH7_LC_500/in1" to pin "POWERLED.un1_count_cry_11_c_RNISEH7_LC_500/lcout" to break the combinatorial loop
Warning-1035: Removing timing arc from pin "POWERLED.un1_count_cry_12_c_RNITGI7_LC_501/in1" to pin "POWERLED.un1_count_cry_12_c_RNITGI7_LC_501/lcout" to break the combinatorial loop
Warning-1035: Removing timing arc from pin "POWERLED.un1_count_cry_13_c_RNIUIJ7_LC_502/in1" to pin "POWERLED.un1_count_cry_13_c_RNIUIJ7_LC_502/lcout" to break the combinatorial loop
Warning-1035: Removing timing arc from pin "POWERLED.un1_count_cry_14_c_RNIVKK7_LC_503/in0" to pin "POWERLED.un1_count_cry_14_c_RNIVKK7_LC_503/lcout" to break the combinatorial loop
Warning-1035: Removing timing arc from pin "POWERLED.un85_clk_100khz_cry_15_c_inv_LC_740/in1" to pin "POWERLED.un85_clk_100khz_cry_15_c_inv_LC_740/carryout" to break the combinatorial loop
Warning-1035: Removing timing arc from pin "POWERLED.un85_clk_100khz_cry_14_c_inv_LC_738/in1" to pin "POWERLED.un85_clk_100khz_cry_14_c_inv_LC_738/carryout" to break the combinatorial loop
Warning-1035: Removing timing arc from pin "POWERLED.un85_clk_100khz_cry_13_c_inv_LC_737/in1" to pin "POWERLED.un85_clk_100khz_cry_13_c_inv_LC_737/carryout" to break the combinatorial loop
Warning-1035: Removing timing arc from pin "POWERLED.un85_clk_100khz_cry_12_c_inv_LC_736/in1" to pin "POWERLED.un85_clk_100khz_cry_12_c_inv_LC_736/carryout" to break the combinatorial loop
Warning-1035: Removing timing arc from pin "POWERLED.un85_clk_100khz_cry_11_c_inv_LC_735/in1" to pin "POWERLED.un85_clk_100khz_cry_11_c_inv_LC_735/carryout" to break the combinatorial loop
Warning-1035: Removing timing arc from pin "POWERLED.un85_clk_100khz_cry_10_c_inv_LC_734/in1" to pin "POWERLED.un85_clk_100khz_cry_10_c_inv_LC_734/carryout" to break the combinatorial loop
Warning-1035: Removing timing arc from pin "POWERLED.un85_clk_100khz_cry_9_c_inv_LC_749/in1" to pin "POWERLED.un85_clk_100khz_cry_9_c_inv_LC_749/carryout" to break the combinatorial loop
Warning-1035: Removing timing arc from pin "POWERLED.un85_clk_100khz_cry_8_c_inv_LC_748/in1" to pin "POWERLED.un85_clk_100khz_cry_8_c_inv_LC_748/carryout" to break the combinatorial loop
Warning-1035: Removing timing arc from pin "POWERLED.un85_clk_100khz_cry_7_c_inv_LC_747/in1" to pin "POWERLED.un85_clk_100khz_cry_7_c_inv_LC_747/carryout" to break the combinatorial loop
Warning-1035: Removing timing arc from pin "POWERLED.un85_clk_100khz_cry_6_c_inv_LC_746/in1" to pin "POWERLED.un85_clk_100khz_cry_6_c_inv_LC_746/carryout" to break the combinatorial loop
Warning-1035: Removing timing arc from pin "POWERLED.un85_clk_100khz_cry_5_c_inv_LC_745/in1" to pin "POWERLED.un85_clk_100khz_cry_5_c_inv_LC_745/carryout" to break the combinatorial loop
Warning-1035: Removing timing arc from pin "POWERLED.un85_clk_100khz_cry_4_c_inv_LC_744/in1" to pin "POWERLED.un85_clk_100khz_cry_4_c_inv_LC_744/carryout" to break the combinatorial loop
Warning-1035: Removing timing arc from pin "POWERLED.un85_clk_100khz_cry_15_c_RNI_LC_739/in1" to pin "POWERLED.un85_clk_100khz_cry_15_c_RNI_LC_739/lcout" to break the combinatorial loop
Warning-1035: Removing timing arc from pin "POWERLED.dutycycle_RNI1U7M2[5]_LC_290/in1" to pin "POWERLED.dutycycle_RNI1U7M2[5]_LC_290/lcout" to break the combinatorial loop
Warning-1035: Removing timing arc from pin "POWERLED.dutycycle_RNI1U7M2[5]_LC_290/in2" to pin "POWERLED.dutycycle_RNI1U7M2[5]_LC_290/lcout" to break the combinatorial loop
Warning-1035: Removing timing arc from pin "POWERLED.dutycycle_RNICFHA6[5]_LC_302/in0" to pin "POWERLED.dutycycle_RNICFHA6[5]_LC_302/lcout" to break the combinatorial loop
Warning-1035: Removing timing arc from pin "POWERLED.dutycycle_RNICFHA6[5]_LC_302/in1" to pin "POWERLED.dutycycle_RNICFHA6[5]_LC_302/lcout" to break the combinatorial loop
Warning-1035: Removing timing arc from pin "POWERLED.dutycycle_RNI496F5[2]_LC_292/in1" to pin "POWERLED.dutycycle_RNI496F5[2]_LC_292/lcout" to break the combinatorial loop
Warning-1035: Removing timing arc from pin "POWERLED.func_state_RNIMUFP1[1]_LC_455/in3" to pin "POWERLED.func_state_RNIMUFP1[1]_LC_455/lcout" to break the combinatorial loop
Warning-1035: Removing timing arc from pin "POWERLED.dutycycle_RNI_3[2]_LC_383/in0" to pin "POWERLED.dutycycle_RNI_3[2]_LC_383/lcout" to break the combinatorial loop
Warning-1035: Removing timing arc from pin "POWERLED.dutycycle_RNIEB706[7]_LC_310/in3" to pin "POWERLED.dutycycle_RNIEB706[7]_LC_310/lcout" to break the combinatorial loop
Warning-1035: Removing timing arc from pin "POWERLED.dutycycle_RNI[2]_LC_370/in0" to pin "POWERLED.dutycycle_RNI[2]_LC_370/lcout" to break the combinatorial loop
Warning-1035: Removing timing arc from pin "POWERLED.dutycycle_RNI_5[0]_LC_394/in3" to pin "POWERLED.dutycycle_RNI_5[0]_LC_394/lcout" to break the combinatorial loop
Warning-1035: Removing timing arc from pin "POWERLED.dutycycle_RNIN1M47[7]_LC_323/in3" to pin "POWERLED.dutycycle_RNIN1M47[7]_LC_323/lcout" to break the combinatorial loop
Warning-1035: Removing timing arc from pin "POWERLED.dutycycle_RNIFO3M8[8]_LC_311/in2" to pin "POWERLED.dutycycle_RNIFO3M8[8]_LC_311/lcout" to break the combinatorial loop
Warning-1035: Removing timing arc from pin "POWERLED.un1_dutycycle_94_cry_7_c_RNIAO51_LC_547/in2" to pin "POWERLED.un1_dutycycle_94_cry_7_c_RNIAO51_LC_547/lcout" to break the combinatorial loop
Warning-1035: Removing timing arc from pin "POWERLED.dutycycle_RNI67G18[9]_LC_297/in2" to pin "POWERLED.dutycycle_RNI67G18[9]_LC_297/lcout" to break the combinatorial loop
Warning-1035: Removing timing arc from pin "POWERLED.un1_dutycycle_94_cry_8_c_RNIMPUT_LC_548/in2" to pin "POWERLED.un1_dutycycle_94_cry_8_c_RNIMPUT_LC_548/lcout" to break the combinatorial loop
Warning-1035: Removing timing arc from pin "POWERLED.dutycycle_RNI45I67[10]_LC_291/in2" to pin "POWERLED.dutycycle_RNI45I67[10]_LC_291/lcout" to break the combinatorial loop
Warning-1035: Removing timing arc from pin "POWERLED.un1_dutycycle_94_cry_9_c_RNICS71_LC_549/in2" to pin "POWERLED.un1_dutycycle_94_cry_9_c_RNICS71_LC_549/lcout" to break the combinatorial loop
Warning-1035: Removing timing arc from pin "POWERLED.dutycycle_RNIDP3K7[11]_LC_304/in2" to pin "POWERLED.dutycycle_RNIDP3K7[11]_LC_304/lcout" to break the combinatorial loop
Warning-1035: Removing timing arc from pin "POWERLED.un1_dutycycle_94_cry_10_c_RNIKFPE_LC_532/in2" to pin "POWERLED.un1_dutycycle_94_cry_10_c_RNIKFPE_LC_532/lcout" to break the combinatorial loop
Warning-1035: Removing timing arc from pin "POWERLED.dutycycle_RNIFS4K7[12]_LC_312/in2" to pin "POWERLED.dutycycle_RNIFS4K7[12]_LC_312/lcout" to break the combinatorial loop
Warning-1035: Removing timing arc from pin "POWERLED.un1_dutycycle_94_cry_11_c_RNILHQE_LC_533/in2" to pin "POWERLED.un1_dutycycle_94_cry_11_c_RNILHQE_LC_533/lcout" to break the combinatorial loop
Warning-1035: Removing timing arc from pin "POWERLED.dutycycle_RNIHV5K7[13]_LC_314/in2" to pin "POWERLED.dutycycle_RNIHV5K7[13]_LC_314/lcout" to break the combinatorial loop
Warning-1035: Removing timing arc from pin "POWERLED.un1_dutycycle_94_cry_12_c_RNIMJRE_LC_534/in2" to pin "POWERLED.un1_dutycycle_94_cry_12_c_RNIMJRE_LC_534/lcout" to break the combinatorial loop
Warning-1035: Removing timing arc from pin "POWERLED.dutycycle_RNIJ27K7[14]_LC_315/in2" to pin "POWERLED.dutycycle_RNIJ27K7[14]_LC_315/lcout" to break the combinatorial loop
Warning-1035: Removing timing arc from pin "POWERLED.un1_dutycycle_94_cry_13_c_RNINLSE_LC_535/in2" to pin "POWERLED.un1_dutycycle_94_cry_13_c_RNINLSE_LC_535/lcout" to break the combinatorial loop
Warning-1035: Removing timing arc from pin "POWERLED.dutycycle_RNIL58K7[15]_LC_317/in2" to pin "POWERLED.dutycycle_RNIL58K7[15]_LC_317/lcout" to break the combinatorial loop
Warning-1035: Removing timing arc from pin "POWERLED.un1_dutycycle_94_cry_14_c_RNIONTE_LC_536/in1" to pin "POWERLED.un1_dutycycle_94_cry_14_c_RNIONTE_LC_536/lcout" to break the combinatorial loop
Warning-1035: Removing timing arc from pin "POWERLED.dutycycle_RNI4VJH7[3]_LC_293/in2" to pin "POWERLED.dutycycle_RNI4VJH7[3]_LC_293/lcout" to break the combinatorial loop
Warning-1035: Removing timing arc from pin "POWERLED.dutycycle_RNI4VJH7[4]_LC_294/in1" to pin "POWERLED.dutycycle_RNI4VJH7[4]_LC_294/lcout" to break the combinatorial loop
Warning-1035: Removing timing arc from pin "POWERLED.dutycycle_RNI_7[3]_LC_406/in0" to pin "POWERLED.dutycycle_RNI_7[3]_LC_406/lcout" to break the combinatorial loop
Warning-1035: Removing timing arc from pin "POWERLED.dutycycle_RNI7CVL8[4]_LC_298/in3" to pin "POWERLED.dutycycle_RNI7CVL8[4]_LC_298/lcout" to break the combinatorial loop
Warning-1035: Removing timing arc from pin "POWERLED.dutycycle_RNICPVSD[5]_LC_303/in3" to pin "POWERLED.dutycycle_RNICPVSD[5]_LC_303/lcout" to break the combinatorial loop
Warning-1035: Removing timing arc from pin "POWERLED.dutycycle_RNIM1P2B[6]_LC_320/in2" to pin "POWERLED.dutycycle_RNIM1P2B[6]_LC_320/lcout" to break the combinatorial loop
Warning-1035: Removing timing arc from pin "POWERLED.func_state_RNI[0]_LC_463/in3" to pin "POWERLED.func_state_RNI[0]_LC_463/lcout" to break the combinatorial loop
Warning-1035: Removing timing arc from pin "POWERLED.func_state_RNIB74H7[1]_LC_430/in2" to pin "POWERLED.func_state_RNIB74H7[1]_LC_430/lcout" to break the combinatorial loop
Warning-1035: Removing timing arc from pin "POWERLED.func_state_RNI1GMT1[0]_LC_423/in1" to pin "POWERLED.func_state_RNI1GMT1[0]_LC_423/lcout" to break the combinatorial loop
Warning-1035: Removing timing arc from pin "POWERLED.dutycycle_RNIJFRN7[0]_LC_316/in3" to pin "POWERLED.dutycycle_RNIJFRN7[0]_LC_316/lcout" to break the combinatorial loop
Warning-1035: Removing timing arc from pin "POWERLED.dutycycle_RNI[0]_LC_336/in2" to pin "POWERLED.dutycycle_RNI[0]_LC_336/lcout" to break the combinatorial loop
Warning-1035: Removing timing arc from pin "POWERLED.dutycycle_RNI_5[0]_LC_394/in2" to pin "POWERLED.dutycycle_RNI_5[0]_LC_394/lcout" to break the combinatorial loop
Warning-1035: Removing timing arc from pin "POWERLED.dutycycle_RNI_2[0]_LC_371/in3" to pin "POWERLED.dutycycle_RNI_2[0]_LC_371/lcout" to break the combinatorial loop
Warning-1035: Removing timing arc from pin "POWERLED.func_state_RNIBVNS[0]_LC_435/in2" to pin "POWERLED.func_state_RNIBVNS[0]_LC_435/lcout" to break the combinatorial loop
Warning-1035: Removing timing arc from pin "POWERLED.dutycycle_RNINQPO7[1]_LC_331/in3" to pin "POWERLED.dutycycle_RNINQPO7[1]_LC_331/lcout" to break the combinatorial loop
Warning-1035: Removing timing arc from pin "POWERLED.dutycycle_RNI[0]_LC_336/in1" to pin "POWERLED.dutycycle_RNI[0]_LC_336/lcout" to break the combinatorial loop
Warning-1035: Removing timing arc from pin "POWERLED.dutycycle_RNI_2[0]_LC_371/in2" to pin "POWERLED.dutycycle_RNI_2[0]_LC_371/lcout" to break the combinatorial loop
Warning-1035: Removing timing arc from pin "POWERLED.un1_dutycycle_94_cry_0_c_RNI3AU_LC_530/in2" to pin "POWERLED.un1_dutycycle_94_cry_0_c_RNI3AU_LC_530/lcout" to break the combinatorial loop
Warning-1035: Removing timing arc from pin "POWERLED.dutycycle_RNIN2MP8[2]_LC_324/in0" to pin "POWERLED.dutycycle_RNIN2MP8[2]_LC_324/lcout" to break the combinatorial loop
Warning-1035: Removing timing arc from pin "POWERLED.dutycycle_RNI59UL8[3]_LC_296/in3" to pin "POWERLED.dutycycle_RNI59UL8[3]_LC_296/lcout" to break the combinatorial loop
Warning-1035: Removing timing arc from pin "POWERLED.un1_dutycycle_94_cry_3_c_RNI6G11_LC_541/carryin" to pin "POWERLED.un1_dutycycle_94_cry_3_c_RNI6G11_LC_541/carryout" to break the combinatorial loop
Warning-1035: Removing timing arc from pin "POWERLED.dutycycle_RNI4VJH7[3]_LC_293/in3" to pin "POWERLED.dutycycle_RNI4VJH7[3]_LC_293/lcout" to break the combinatorial loop
Warning-1035: Removing timing arc from pin "POWERLED.dutycycle_RNI4VJH7[4]_LC_294/in3" to pin "POWERLED.dutycycle_RNI4VJH7[4]_LC_294/lcout" to break the combinatorial loop
Warning-1035: Removing timing arc from pin "POWERLED.dutycycle_RNI59UL8[3]_LC_296/in1" to pin "POWERLED.dutycycle_RNI59UL8[3]_LC_296/lcout" to break the combinatorial loop
Warning-1035: Removing timing arc from pin "POWERLED.dutycycle_RNI7CVL8[4]_LC_298/in1" to pin "POWERLED.dutycycle_RNI7CVL8[4]_LC_298/lcout" to break the combinatorial loop
Warning-1035: Removing timing arc from pin "POWERLED.dutycycle_RNI1U7M2[5]_LC_290/in3" to pin "POWERLED.dutycycle_RNI1U7M2[5]_LC_290/lcout" to break the combinatorial loop
Warning-1035: Removing timing arc from pin "POWERLED.func_state_RNIBVNS_1[0]_LC_439/in2" to pin "POWERLED.func_state_RNIBVNS_1[0]_LC_439/lcout" to break the combinatorial loop
Warning-1035: Removing timing arc from pin "POWERLED.count_off_RNI4C959[10]_LC_238/in0" to pin "POWERLED.count_off_RNI4C959[10]_LC_238/lcout" to break the combinatorial loop
Warning-1035: Removing timing arc from pin "POWERLED.count_off_RNIG5N6N1[11]_LC_248/in1" to pin "POWERLED.count_off_RNIG5N6N1[11]_LC_248/lcout" to break the combinatorial loop
Warning-1035: Removing timing arc from pin "POWERLED.count_off_RNIFMN39[12]_LC_247/in2" to pin "POWERLED.count_off_RNIFMN39[12]_LC_247/lcout" to break the combinatorial loop
Warning-1035: Removing timing arc from pin "POWERLED.count_off_RNIG5N6N1[11]_LC_248/in2" to pin "POWERLED.count_off_RNIG5N6N1[11]_LC_248/lcout" to break the combinatorial loop
Warning-1035: Removing timing arc from pin "POWERLED.un3_count_off_1_cry_12_c_RNI92OD_LC_716/in1" to pin "POWERLED.un3_count_off_1_cry_12_c_RNI92OD_LC_716/lcout" to break the combinatorial loop
Warning-1035: Removing timing arc from pin "POWERLED.un3_count_off_1_cry_13_c_RNIA4PD_LC_717/in1" to pin "POWERLED.un3_count_off_1_cry_13_c_RNIA4PD_LC_717/lcout" to break the combinatorial loop
Warning-1035: Removing timing arc from pin "POWERLED.un3_count_off_1_cry_14_c_RNIB6QD_LC_718/in0" to pin "POWERLED.un3_count_off_1_cry_14_c_RNIB6QD_LC_718/lcout" to break the combinatorial loop
Warning-1035: Removing timing arc from pin "POWERLED.count_off_RNIG5N6N1[11]_LC_248/in3" to pin "POWERLED.count_off_RNIG5N6N1[11]_LC_248/lcout" to break the combinatorial loop
Warning-1035: Removing timing arc from pin "POWERLED.count_off_RNIHIU69[4]_LC_249/in2" to pin "POWERLED.count_off_RNIHIU69[4]_LC_249/lcout" to break the combinatorial loop
Warning-1035: Removing timing arc from pin "POWERLED.un3_count_off_1_cry_4_c_RNIQD3F_LC_724/in1" to pin "POWERLED.un3_count_off_1_cry_4_c_RNIQD3F_LC_724/lcout" to break the combinatorial loop
Warning-1035: Removing timing arc from pin "POWERLED.un3_count_off_1_cry_5_c_RNIRF4F_LC_726/in1" to pin "POWERLED.un3_count_off_1_cry_5_c_RNIRF4F_LC_726/lcout" to break the combinatorial loop
Warning-1035: Removing timing arc from pin "POWERLED.un3_count_off_1_cry_6_c_RNISH5F_LC_728/in1" to pin "POWERLED.un3_count_off_1_cry_6_c_RNISH5F_LC_728/lcout" to break the combinatorial loop
Warning-1035: Removing timing arc from pin "POWERLED.un3_count_off_1_cry_7_c_RNITJ6F_LC_729/in1" to pin "POWERLED.un3_count_off_1_cry_7_c_RNITJ6F_LC_729/lcout" to break the combinatorial loop
Warning-1035: Removing timing arc from pin "POWERLED.count_off_RNIR1479_0[9]_LC_263/in2" to pin "POWERLED.count_off_RNIR1479_0[9]_LC_263/lcout" to break the combinatorial loop
Warning-1035: Removing timing arc from pin "POWERLED.un3_count_off_1_cry_8_c_RNIUL7F_LC_731/in1" to pin "POWERLED.un3_count_off_1_cry_8_c_RNIUL7F_LC_731/lcout" to break the combinatorial loop
Warning-1035: Removing timing arc from pin "POWERLED.count_off_RNI4C959[10]_LC_238/in2" to pin "POWERLED.count_off_RNI4C959[10]_LC_238/lcout" to break the combinatorial loop
Warning-1035: Removing timing arc from pin "POWERLED.un3_count_off_1_cry_10_c_RNI7ULD_LC_714/in1" to pin "POWERLED.un3_count_off_1_cry_10_c_RNI7ULD_LC_714/lcout" to break the combinatorial loop
Warning-1035: Removing timing arc from pin "POWERLED.count_off_RNIK2SN8[0]_LC_255/in3" to pin "POWERLED.count_off_RNIK2SN8[0]_LC_255/lcout" to break the combinatorial loop
Warning-1035: Removing timing arc from pin "POWERLED.count_off_RNI[1]_LC_265/in1" to pin "POWERLED.count_off_RNI[1]_LC_265/lcout" to break the combinatorial loop
Warning-1035: Removing timing arc from pin "POWERLED.un3_count_off_1_cry_1_c_RNIN70F_LC_720/in1" to pin "POWERLED.un3_count_off_1_cry_1_c_RNIN70F_LC_720/lcout" to break the combinatorial loop
Warning-1035: Removing timing arc from pin "POWERLED.un3_count_off_1_cry_2_c_RNIO91F_LC_722/in1" to pin "POWERLED.un3_count_off_1_cry_2_c_RNIO91F_LC_722/lcout" to break the combinatorial loop
Warning-1035: Removing timing arc from pin "POWERLED.count_clk_RNI8SH6[10]_LC_201/in2" to pin "POWERLED.count_clk_RNI8SH6[10]_LC_201/lcout" to break the combinatorial loop
Warning-1035: Removing timing arc from pin "POWERLED.count_clk_RNI[15]_LC_228/in2" to pin "POWERLED.count_clk_RNI[15]_LC_228/lcout" to break the combinatorial loop
Warning-1035: Removing timing arc from pin "POWERLED.count_clk_RNIH136[11]_LC_205/in3" to pin "POWERLED.count_clk_RNIH136[11]_LC_205/lcout" to break the combinatorial loop
Warning-1035: Removing timing arc from pin "POWERLED.count_clk_RNI[15]_LC_228/in3" to pin "POWERLED.count_clk_RNI[15]_LC_228/lcout" to break the combinatorial loop
Warning-1035: Removing timing arc from pin "POWERLED.un1_count_clk_2_cry_11_c_RNI62C2_LC_486/in1" to pin "POWERLED.un1_count_clk_2_cry_11_c_RNI62C2_LC_486/lcout" to break the combinatorial loop
Warning-1035: Removing timing arc from pin "POWERLED.count_clk_RNI[13]_LC_227/in1" to pin "POWERLED.count_clk_RNI[13]_LC_227/lcout" to break the combinatorial loop
Warning-1035: Removing timing arc from pin "POWERLED.un1_count_clk_2_cry_12_c_RNI74D2_LC_487/in1" to pin "POWERLED.un1_count_clk_2_cry_12_c_RNI74D2_LC_487/lcout" to break the combinatorial loop
Warning-1035: Removing timing arc from pin "POWERLED.count_clk_RNI[13]_LC_227/in0" to pin "POWERLED.count_clk_RNI[13]_LC_227/lcout" to break the combinatorial loop
Warning-1035: Removing timing arc from pin "POWERLED.un1_count_clk_2_cry_13_c_RNI86E2_LC_488/in1" to pin "POWERLED.un1_count_clk_2_cry_13_c_RNI86E2_LC_488/lcout" to break the combinatorial loop
Warning-1035: Removing timing arc from pin "POWERLED.count_clk_RNI[15]_LC_228/in0" to pin "POWERLED.count_clk_RNI[15]_LC_228/lcout" to break the combinatorial loop
Warning-1035: Removing timing arc from pin "POWERLED.un1_count_clk_2_cry_14_c_RNI98F2_LC_489/in0" to pin "POWERLED.un1_count_clk_2_cry_14_c_RNI98F2_LC_489/lcout" to break the combinatorial loop
Warning-1035: Removing timing arc from pin "POWERLED.count_clk_RNI[0]_LC_221/in0" to pin "POWERLED.count_clk_RNI[0]_LC_221/lcout" to break the combinatorial loop
Warning-1035: Removing timing arc from pin "POWERLED.count_clk_RNI_0[1]_LC_223/in1" to pin "POWERLED.count_clk_RNI_0[1]_LC_223/lcout" to break the combinatorial loop
Warning-1035: Removing timing arc from pin "POWERLED.dutycycle_RNI_5[0]_LC_394/in1" to pin "POWERLED.dutycycle_RNI_5[0]_LC_394/lcout" to break the combinatorial loop
Warning-1035: Removing timing arc from pin "POWERLED.func_state_RNIBVNS_1[0]_LC_439/in0" to pin "POWERLED.func_state_RNIBVNS_1[0]_LC_439/lcout" to break the combinatorial loop
Warning-1035: Removing timing arc from pin "POWERLED.func_state_RNIMUFP1[1]_LC_455/in0" to pin "POWERLED.func_state_RNIMUFP1[1]_LC_455/lcout" to break the combinatorial loop
Warning-1035: Removing timing arc from pin "POWERLED.func_state_RNICAC53[0]_LC_442/in3" to pin "POWERLED.func_state_RNICAC53[0]_LC_442/lcout" to break the combinatorial loop
Warning-1035: Removing timing arc from pin "POWERLED.func_state_RNIC4OR2[0]_LC_441/in0" to pin "POWERLED.func_state_RNIC4OR2[0]_LC_441/lcout" to break the combinatorial loop
Warning-1035: Removing timing arc from pin "POWERLED.count_off_en_LC_284/in3" to pin "POWERLED.count_off_en_LC_284/lcout" to break the combinatorial loop
Warning-1035: Removing timing arc from pin "POWERLED.count_clk_RNI[9]_LC_233/in0" to pin "POWERLED.count_clk_RNI[9]_LC_233/lcout" to break the combinatorial loop
Warning-1035: Removing timing arc from pin "POWERLED.un1_count_clk_2_cry_1_c_RNILBH2_LC_490/in1" to pin "POWERLED.un1_count_clk_2_cry_1_c_RNILBH2_LC_490/lcout" to break the combinatorial loop
Warning-1035: Removing timing arc from pin "POWERLED.un1_count_clk_2_cry_2_c_RNIMDI2_LC_491/in1" to pin "POWERLED.un1_count_clk_2_cry_2_c_RNIMDI2_LC_491/lcout" to break the combinatorial loop
Warning-1035: Removing timing arc from pin "POWERLED.un1_count_clk_2_cry_3_c_RNINFJ2_LC_492/in1" to pin "POWERLED.un1_count_clk_2_cry_3_c_RNINFJ2_LC_492/lcout" to break the combinatorial loop
Warning-1035: Removing timing arc from pin "POWERLED.count_clk_RNI_0[1]_LC_223/in2" to pin "POWERLED.count_clk_RNI_0[1]_LC_223/lcout" to break the combinatorial loop
Warning-1035: Removing timing arc from pin "POWERLED.un1_count_clk_2_cry_4_c_RNIOHK2_LC_493/in1" to pin "POWERLED.un1_count_clk_2_cry_4_c_RNIOHK2_LC_493/lcout" to break the combinatorial loop
Warning-1035: Removing timing arc from pin "POWERLED.un1_count_clk_2_cry_5_c_RNIPJL2_LC_494/in1" to pin "POWERLED.un1_count_clk_2_cry_5_c_RNIPJL2_LC_494/lcout" to break the combinatorial loop
Warning-1035: Removing timing arc from pin "POWERLED.count_clk_RNI[9]_LC_233/in1" to pin "POWERLED.count_clk_RNI[9]_LC_233/lcout" to break the combinatorial loop
Warning-1035: Removing timing arc from pin "POWERLED.un1_count_clk_2_cry_6_c_RNIQLM2_LC_495/in1" to pin "POWERLED.un1_count_clk_2_cry_6_c_RNIQLM2_LC_495/lcout" to break the combinatorial loop
Warning-1035: Removing timing arc from pin "POWERLED.un1_count_clk_2_cry_7_c_RNIRNN2_LC_496/in1" to pin "POWERLED.un1_count_clk_2_cry_7_c_RNIRNN2_LC_496/lcout" to break the combinatorial loop
Warning-1035: Removing timing arc from pin "POWERLED.count_clk_RNI[9]_LC_233/in2" to pin "POWERLED.count_clk_RNI[9]_LC_233/lcout" to break the combinatorial loop
Warning-1035: Removing timing arc from pin "POWERLED.un1_count_clk_2_cry_8_c_RNISPO2_LC_497/in1" to pin "POWERLED.un1_count_clk_2_cry_8_c_RNISPO2_LC_497/lcout" to break the combinatorial loop
Warning-1035: Removing timing arc from pin "POWERLED.count_clk_RNI8SH6[10]_LC_201/in3" to pin "POWERLED.count_clk_RNI8SH6[10]_LC_201/lcout" to break the combinatorial loop
Warning-1035: Removing timing arc from pin "POWERLED.count_clk_RNI_0[0]_LC_222/in1" to pin "POWERLED.count_clk_RNI_0[0]_LC_222/lcout" to break the combinatorial loop
Warning-1035: Removing timing arc from pin "POWERLED.count_clk_RNI[13]_LC_227/in2" to pin "POWERLED.count_clk_RNI[13]_LC_227/lcout" to break the combinatorial loop
Warning-1035: Removing timing arc from pin "POWERLED.count_off_en_LC_284/in2" to pin "POWERLED.count_off_en_LC_284/lcout" to break the combinatorial loop
Warning-1035: Removing timing arc from pin "POWERLED.un1_dutycycle_94_cry_5_c_RNI92UT3_LC_545/in2" to pin "POWERLED.un1_dutycycle_94_cry_5_c_RNI92UT3_LC_545/lcout" to break the combinatorial loop
Warning-1035: Removing timing arc from pin "POWERLED.func_state_RNIHDGK3_0[1]_LC_448/in2" to pin "POWERLED.func_state_RNIHDGK3_0[1]_LC_448/lcout" to break the combinatorial loop
Warning-1035: Removing timing arc from pin "POWERLED.func_state_RNIB74H7[1]_LC_430/in1" to pin "POWERLED.func_state_RNIB74H7[1]_LC_430/lcout" to break the combinatorial loop
Warning-1035: Removing timing arc from pin "POWERLED.func_state_RNIG5G37[1]_LC_447/in1" to pin "POWERLED.func_state_RNIG5G37[1]_LC_447/lcout" to break the combinatorial loop
Warning-1035: Removing timing arc from pin "POWERLED.func_state_RNIMUFP1[1]_LC_455/in1" to pin "POWERLED.func_state_RNIMUFP1[1]_LC_455/lcout" to break the combinatorial loop
Warning-1035: Removing timing arc from pin "POWERLED.count_off_RNI18EF2[11]_LC_237/in2" to pin "POWERLED.count_off_RNI18EF2[11]_LC_237/lcout" to break the combinatorial loop
Warning-1035: Removing timing arc from pin "POWERLED.un1_dutycycle_94_cry_5_c_RNI92UT3_LC_545/in1" to pin "POWERLED.un1_dutycycle_94_cry_5_c_RNI92UT3_LC_545/lcout" to break the combinatorial loop
Warning-1035: Removing timing arc from pin "POWERLED.un1_dutycycle_94_cry_3_c_RNI6G11_LC_541/in1" to pin "POWERLED.un1_dutycycle_94_cry_3_c_RNI6G11_LC_541/carryout" to break the combinatorial loop
Warning-1035: Removing timing arc from pin "POWERLED.un1_dutycycle_94_cry_4_c_RNI7I21_LC_542/in1" to pin "POWERLED.un1_dutycycle_94_cry_4_c_RNI7I21_LC_542/carryout" to break the combinatorial loop
Warning-1035: Removing timing arc from pin "POWERLED.un1_dutycycle_94_cry_5_c_RNI8K31_LC_544/in1" to pin "POWERLED.un1_dutycycle_94_cry_5_c_RNI8K31_LC_544/lcout" to break the combinatorial loop
Warning-1035: Removing timing arc from pin "POWERLED.count_off_en_LC_284/in1" to pin "POWERLED.count_off_en_LC_284/lcout" to break the combinatorial loop
Warning-1035: Removing timing arc from pin "POWERLED.func_state_RNI9TUV2[0]_LC_429/in0" to pin "POWERLED.func_state_RNI9TUV2[0]_LC_429/lcout" to break the combinatorial loop
Warning-1035: Removing timing arc from pin "POWERLED.func_state_RNIHDGK3_0[1]_LC_448/in1" to pin "POWERLED.func_state_RNIHDGK3_0[1]_LC_448/lcout" to break the combinatorial loop
Warning-1035: Removing timing arc from pin "POWERLED.dutycycle_RNI_2[0]_LC_371/in1" to pin "POWERLED.dutycycle_RNI_2[0]_LC_371/lcout" to break the combinatorial loop
Warning-1035: Removing timing arc from pin "POWERLED.un1_dutycycle_94_cry_5_c_RNI8K31_LC_544/in2" to pin "POWERLED.un1_dutycycle_94_cry_5_c_RNI8K31_LC_544/lcout" to break the combinatorial loop
Warning-1035: Removing timing arc from pin "POWERLED.count_off_RNIBK1U[11]_LC_240/in2" to pin "POWERLED.count_off_RNIBK1U[11]_LC_240/lcout" to break the combinatorial loop
Warning-1035: Removing timing arc from pin "PCH_PWRGD.count_RNI3DJU[0]_LC_115/in2" to pin "PCH_PWRGD.count_RNI3DJU[0]_LC_115/lcout" to break the combinatorial loop
Warning-1035: Removing timing arc from pin "PCH_PWRGD.count_RNI14454_0[11]_LC_112/in1" to pin "PCH_PWRGD.count_RNI14454_0[11]_LC_112/lcout" to break the combinatorial loop
Warning-1035: Removing timing arc from pin "PCH_PWRGD.count_RNI[1]_LC_138/in1" to pin "PCH_PWRGD.count_RNI[1]_LC_138/lcout" to break the combinatorial loop
Warning-1035: Removing timing arc from pin "PCH_PWRGD.un2_count_1_cry_1_c_RNIOCSC_LC_162/in1" to pin "PCH_PWRGD.un2_count_1_cry_1_c_RNIOCSC_LC_162/lcout" to break the combinatorial loop
Warning-1035: Removing timing arc from pin "PCH_PWRGD.count_RNIOGSAG[3]_LC_133/in3" to pin "PCH_PWRGD.count_RNIOGSAG[3]_LC_133/lcout" to break the combinatorial loop
Warning-1035: Removing timing arc from pin "PCH_PWRGD.un2_count_1_cry_2_c_RNISRGB1_LC_163/in0" to pin "PCH_PWRGD.un2_count_1_cry_2_c_RNISRGB1_LC_163/lcout" to break the combinatorial loop
Warning-1035: Removing timing arc from pin "PCH_PWRGD.un2_count_1_cry_2_THRU_LUT4_0_LC_977/in1" to pin "PCH_PWRGD.un2_count_1_cry_2_THRU_LUT4_0_LC_977/lcout" to break the combinatorial loop
Warning-1035: Removing timing arc from pin "PCH_PWRGD.un2_count_1_cry_3_c_RNITTHB1_LC_164/in0" to pin "PCH_PWRGD.un2_count_1_cry_3_c_RNITTHB1_LC_164/lcout" to break the combinatorial loop
Warning-1035: Removing timing arc from pin "PCH_PWRGD.un2_count_1_cry_3_THRU_LUT4_0_LC_978/in1" to pin "PCH_PWRGD.un2_count_1_cry_3_THRU_LUT4_0_LC_978/lcout" to break the combinatorial loop
Warning-1035: Removing timing arc from pin "PCH_PWRGD.count_RNIOGSAG[3]_LC_133/in2" to pin "PCH_PWRGD.count_RNIOGSAG[3]_LC_133/lcout" to break the combinatorial loop
Warning-1035: Removing timing arc from pin "PCH_PWRGD.un2_count_1_cry_4_c_RNIUVIB1_LC_165/in0" to pin "PCH_PWRGD.un2_count_1_cry_4_c_RNIUVIB1_LC_165/lcout" to break the combinatorial loop
Warning-1035: Removing timing arc from pin "PCH_PWRGD.un2_count_1_cry_4_THRU_LUT4_0_LC_979/in1" to pin "PCH_PWRGD.un2_count_1_cry_4_THRU_LUT4_0_LC_979/lcout" to break the combinatorial loop
Warning-1035: Removing timing arc from pin "PCH_PWRGD.count_RNIVBLSO[2]_LC_137/in1" to pin "PCH_PWRGD.count_RNIVBLSO[2]_LC_137/lcout" to break the combinatorial loop
Warning-1035: Removing timing arc from pin "PCH_PWRGD.un2_count_1_cry_5_c_RNIV1KB1_LC_166/in1" to pin "PCH_PWRGD.un2_count_1_cry_5_c_RNIV1KB1_LC_166/lcout" to break the combinatorial loop
Warning-1035: Removing timing arc from pin "PCH_PWRGD.un2_count_1_cry_6_c_RNI04LB1_LC_167/in0" to pin "PCH_PWRGD.un2_count_1_cry_6_c_RNI04LB1_LC_167/lcout" to break the combinatorial loop
Warning-1035: Removing timing arc from pin "PCH_PWRGD.un2_count_1_cry_6_THRU_LUT4_0_LC_980/in1" to pin "PCH_PWRGD.un2_count_1_cry_6_THRU_LUT4_0_LC_980/lcout" to break the combinatorial loop
Warning-1035: Removing timing arc from pin "PCH_PWRGD.count_RNIOGSAG[3]_LC_133/in1" to pin "PCH_PWRGD.count_RNIOGSAG[3]_LC_133/lcout" to break the combinatorial loop
Warning-1035: Removing timing arc from pin "PCH_PWRGD.un2_count_1_cry_7_c_RNI16MB1_LC_168/in0" to pin "PCH_PWRGD.un2_count_1_cry_7_c_RNI16MB1_LC_168/lcout" to break the combinatorial loop
Warning-1035: Removing timing arc from pin "PCH_PWRGD.un2_count_1_cry_7_THRU_LUT4_0_LC_981/in1" to pin "PCH_PWRGD.un2_count_1_cry_7_THRU_LUT4_0_LC_981/lcout" to break the combinatorial loop
Warning-1035: Removing timing arc from pin "PCH_PWRGD.un2_count_1_cry_8_c_RNI28NB1_LC_169/in0" to pin "PCH_PWRGD.un2_count_1_cry_8_c_RNI28NB1_LC_169/lcout" to break the combinatorial loop
Warning-1035: Removing timing arc from pin "PCH_PWRGD.un2_count_1_cry_8_THRU_LUT4_0_LC_982/in1" to pin "PCH_PWRGD.un2_count_1_cry_8_THRU_LUT4_0_LC_982/lcout" to break the combinatorial loop
Warning-1035: Removing timing arc from pin "PCH_PWRGD.count_RNIVBLSO[2]_LC_137/in0" to pin "PCH_PWRGD.count_RNIVBLSO[2]_LC_137/lcout" to break the combinatorial loop
Warning-1035: Removing timing arc from pin "PCH_PWRGD.un2_count_1_cry_9_c_RNI3AOB1_LC_170/in1" to pin "PCH_PWRGD.un2_count_1_cry_9_c_RNI3AOB1_LC_170/lcout" to break the combinatorial loop
Warning-1035: Removing timing arc from pin "PCH_PWRGD.count_RNI14454_0[11]_LC_112/in3" to pin "PCH_PWRGD.count_RNI14454_0[11]_LC_112/lcout" to break the combinatorial loop
Warning-1035: Removing timing arc from pin "PCH_PWRGD.un2_count_1_cry_10_c_RNIBHA61_LC_156/in0" to pin "PCH_PWRGD.un2_count_1_cry_10_c_RNIBHA61_LC_156/lcout" to break the combinatorial loop
Warning-1035: Removing timing arc from pin "PCH_PWRGD.un2_count_1_cry_10_THRU_LUT4_0_LC_976/in1" to pin "PCH_PWRGD.un2_count_1_cry_10_THRU_LUT4_0_LC_976/lcout" to break the combinatorial loop
Warning-1035: Removing timing arc from pin "PCH_PWRGD.un2_count_1_cry_11_c_RNICJB61_LC_157/in1" to pin "PCH_PWRGD.un2_count_1_cry_11_c_RNICJB61_LC_157/lcout" to break the combinatorial loop
Warning-1035: Removing timing arc from pin "PCH_PWRGD.count_RNIVBLSO[2]_LC_137/in2" to pin "PCH_PWRGD.count_RNIVBLSO[2]_LC_137/lcout" to break the combinatorial loop
Warning-1035: Removing timing arc from pin "PCH_PWRGD.un2_count_1_cry_12_c_RNIDLC61_LC_158/in1" to pin "PCH_PWRGD.un2_count_1_cry_12_c_RNIDLC61_LC_158/lcout" to break the combinatorial loop
Warning-1035: Removing timing arc from pin "PCH_PWRGD.un2_count_1_cry_13_c_RNISSQB1_LC_159/in1" to pin "PCH_PWRGD.un2_count_1_cry_13_c_RNISSQB1_LC_159/lcout" to break the combinatorial loop
Warning-1035: Removing timing arc from pin "PCH_PWRGD.un2_count_1_cry_14_c_RNIFPE61_LC_160/in0" to pin "PCH_PWRGD.un2_count_1_cry_14_c_RNIFPE61_LC_160/lcout" to break the combinatorial loop
Warning-1035: Removing timing arc from pin "PCH_PWRGD.curr_state_7_1_0_.m4_0_LC_141/in1" to pin "PCH_PWRGD.curr_state_7_1_0_.m4_0_LC_141/lcout" to break the combinatorial loop
Warning-1035: Removing timing arc from pin "PCH_PWRGD.curr_state_7_1_0_.m6_0_LC_142/in2" to pin "PCH_PWRGD.curr_state_7_1_0_.m6_0_LC_142/lcout" to break the combinatorial loop
Warning-1035: Removing timing arc from pin "PCH_PWRGD.curr_state_7_1_0_.m4_0_LC_141/in3" to pin "PCH_PWRGD.curr_state_7_1_0_.m4_0_LC_141/lcout" to break the combinatorial loop
Warning-1035: Removing timing arc from pin "PCH_PWRGD.curr_state_RNI7EHJ2[0]_LC_149/in3" to pin "PCH_PWRGD.curr_state_RNI7EHJ2[0]_LC_149/lcout" to break the combinatorial loop
Warning-1035: Removing timing arc from pin "PCH_PWRGD.curr_state_7_1_0_.m6_0_LC_142/in0" to pin "PCH_PWRGD.curr_state_7_1_0_.m6_0_LC_142/lcout" to break the combinatorial loop
Warning-1035: Removing timing arc from pin "PCH_PWRGD.curr_state_RNI7EHJ2[0]_LC_149/in1" to pin "PCH_PWRGD.curr_state_RNI7EHJ2[0]_LC_149/lcout" to break the combinatorial loop
Warning-1035: Removing timing arc from pin "PCH_PWRGD.curr_state_7_1_0_.m6_0_LC_142/in1" to pin "PCH_PWRGD.curr_state_7_1_0_.m6_0_LC_142/lcout" to break the combinatorial loop
Warning-1035: Removing timing arc from pin "PCH_PWRGD.curr_state_RNI7EHJ2[0]_LC_149/in0" to pin "PCH_PWRGD.curr_state_RNI7EHJ2[0]_LC_149/lcout" to break the combinatorial loop
Warning-1035: Removing timing arc from pin "VPP_VDDQ.count_2_RNIQODG5[10]_LC_804/in3" to pin "VPP_VDDQ.count_2_RNIQODG5[10]_LC_804/lcout" to break the combinatorial loop
Warning-1035: Removing timing arc from pin "VPP_VDDQ.count_2_RNI[0]_LC_807/in3" to pin "VPP_VDDQ.count_2_RNI[0]_LC_807/lcout" to break the combinatorial loop
Warning-1035: Removing timing arc from pin "VPP_VDDQ.count_2_RNI[1]_LC_808/in1" to pin "VPP_VDDQ.count_2_RNI[1]_LC_808/lcout" to break the combinatorial loop
Warning-1035: Removing timing arc from pin "VPP_VDDQ.un1_count_2_1_cry_1_c_RNIE087_LC_868/in1" to pin "VPP_VDDQ.un1_count_2_1_cry_1_c_RNIE087_LC_868/lcout" to break the combinatorial loop
Warning-1035: Removing timing arc from pin "VPP_VDDQ.un1_count_2_1_cry_2_c_RNIF297_LC_870/in1" to pin "VPP_VDDQ.un1_count_2_1_cry_2_c_RNIF297_LC_870/lcout" to break the combinatorial loop
Warning-1035: Removing timing arc from pin "VPP_VDDQ.un1_count_2_1_cry_3_c_RNIG4A7_LC_872/in1" to pin "VPP_VDDQ.un1_count_2_1_cry_3_c_RNIG4A7_LC_872/lcout" to break the combinatorial loop
Warning-1035: Removing timing arc from pin "VPP_VDDQ.un1_count_2_1_cry_4_c_RNIH6B7_LC_874/in1" to pin "VPP_VDDQ.un1_count_2_1_cry_4_c_RNIH6B7_LC_874/lcout" to break the combinatorial loop
Warning-1035: Removing timing arc from pin "VPP_VDDQ.un1_count_2_1_cry_5_c_RNII8C7_LC_876/in1" to pin "VPP_VDDQ.un1_count_2_1_cry_5_c_RNII8C7_LC_876/lcout" to break the combinatorial loop
Warning-1035: Removing timing arc from pin "VPP_VDDQ.count_2_RNIQODG5[10]_LC_804/in0" to pin "VPP_VDDQ.count_2_RNIQODG5[10]_LC_804/lcout" to break the combinatorial loop
Warning-1035: Removing timing arc from pin "VPP_VDDQ.un1_count_2_1_cry_6_c_RNIJAD7_LC_878/in1" to pin "VPP_VDDQ.un1_count_2_1_cry_6_c_RNIJAD7_LC_878/lcout" to break the combinatorial loop
Warning-1035: Removing timing arc from pin "VPP_VDDQ.un1_count_2_1_cry_7_c_RNIKCE7_LC_880/in1" to pin "VPP_VDDQ.un1_count_2_1_cry_7_c_RNIKCE7_LC_880/lcout" to break the combinatorial loop
Warning-1035: Removing timing arc from pin "VPP_VDDQ.un1_count_2_1_cry_8_c_RNILEF7_LC_882/in1" to pin "VPP_VDDQ.un1_count_2_1_cry_8_c_RNILEF7_LC_882/lcout" to break the combinatorial loop
Warning-1035: Removing timing arc from pin "VPP_VDDQ.count_2_RNIS3FU_0[10]_LC_805/in2" to pin "VPP_VDDQ.count_2_RNIS3FU_0[10]_LC_805/lcout" to break the combinatorial loop
Warning-1035: Removing timing arc from pin "VPP_VDDQ.un1_count_2_1_cry_9_c_RNIMGG7_LC_884/in1" to pin "VPP_VDDQ.un1_count_2_1_cry_9_c_RNIMGG7_LC_884/lcout" to break the combinatorial loop
Warning-1035: Removing timing arc from pin "VPP_VDDQ.count_2_RNI52L41[11]_LC_783/in1" to pin "VPP_VDDQ.count_2_RNI52L41[11]_LC_783/lcout" to break the combinatorial loop
Warning-1035: Removing timing arc from pin "VPP_VDDQ.count_2_RNIQODG5[10]_LC_804/in2" to pin "VPP_VDDQ.count_2_RNIQODG5[10]_LC_804/lcout" to break the combinatorial loop
Warning-1035: Removing timing arc from pin "VPP_VDDQ.un1_count_2_1_cry_11_c_RNIVFND_LC_860/in1" to pin "VPP_VDDQ.un1_count_2_1_cry_11_c_RNIVFND_LC_860/lcout" to break the combinatorial loop
Warning-1035: Removing timing arc from pin "VPP_VDDQ.un1_count_2_1_cry_12_c_RNI0IOD_LC_862/in1" to pin "VPP_VDDQ.un1_count_2_1_cry_12_c_RNI0IOD_LC_862/lcout" to break the combinatorial loop
Warning-1035: Removing timing arc from pin "VPP_VDDQ.un1_count_2_1_cry_13_c_RNI1KPD_LC_864/in1" to pin "VPP_VDDQ.un1_count_2_1_cry_13_c_RNI1KPD_LC_864/lcout" to break the combinatorial loop
Warning-1035: Removing timing arc from pin "VPP_VDDQ.un1_count_2_1_cry_14_c_RNI2MQD_LC_866/in0" to pin "VPP_VDDQ.un1_count_2_1_cry_14_c_RNI2MQD_LC_866/lcout" to break the combinatorial loop
Warning-1035: Removing timing arc from pin "VPP_VDDQ.curr_state_2_4_1_0_.m4_0_LC_833/in1" to pin "VPP_VDDQ.curr_state_2_4_1_0_.m4_0_LC_833/lcout" to break the combinatorial loop
Warning-1035: Removing timing arc from pin "VPP_VDDQ.curr_state_2_4_1_0_.m4_0_a2_LC_834/in0" to pin "VPP_VDDQ.curr_state_2_4_1_0_.m4_0_a2_LC_834/lcout" to break the combinatorial loop
Warning-1035: Removing timing arc from pin "VPP_VDDQ.curr_state_2_4_1_0_.m6_i_LC_835/in3" to pin "VPP_VDDQ.curr_state_2_4_1_0_.m6_i_LC_835/lcout" to break the combinatorial loop
Warning-1035: Removing timing arc from pin "VPP_VDDQ.curr_state_2_4_1_0_.m4_0_LC_833/in2" to pin "VPP_VDDQ.curr_state_2_4_1_0_.m4_0_LC_833/lcout" to break the combinatorial loop
Warning-1035: Removing timing arc from pin "VPP_VDDQ.curr_state_2_4_1_0_.m6_i_LC_835/in1" to pin "VPP_VDDQ.curr_state_2_4_1_0_.m6_i_LC_835/lcout" to break the combinatorial loop
Warning-1035: Removing timing arc from pin "VPP_VDDQ.curr_state_2_RNI1KAM[0]_LC_837/in1" to pin "VPP_VDDQ.curr_state_2_RNI1KAM[0]_LC_837/lcout" to break the combinatorial loop
Warning-1035: Removing timing arc from pin "VPP_VDDQ.curr_state_2_RNI1KAM[0]_LC_837/in3" to pin "VPP_VDDQ.curr_state_2_RNI1KAM[0]_LC_837/lcout" to break the combinatorial loop
Warning-1035: Removing timing arc from pin "VPP_VDDQ.curr_state_2_RNI1KAM[0]_LC_837/in2" to pin "VPP_VDDQ.curr_state_2_RNI1KAM[0]_LC_837/lcout" to break the combinatorial loop

Design Statistics after Packing
    Number of LUTs      	:	987
    Number of DFFs      	:	221
    Number of DFFs packed to IO	:	0
    Number of Carrys    	:	327

Device Utilization Summary after Packing
    Sequential LogicCells
        LUT and DFF      	:	141
        LUT, DFF and CARRY	:	80
    Combinational LogicCells
        Only LUT         	:	558
        CARRY Only       	:	39
        LUT with CARRY   	:	208
    LogicCells                  :	1026/1280
    PLBs                        :	138/160
    BRAMs                       :	0/16
    IOs and GBIOs               :	59/67
    PLLs                        :	0/0


I2088: Phase 3, elapsed time : 1.3 (sec)

Phase 4
I2088: Phase 4, elapsed time : 0.2 (sec)

Phase 5
I2088: Phase 5, elapsed time : 3.5 (sec)

Phase 6
I2088: Phase 6, elapsed time : 25.7 (sec)

Final Design Statistics
    Number of LUTs      	:	987
    Number of DFFs      	:	221
    Number of DFFs packed to IO	:	0
    Number of Carrys    	:	327
    Number of RAMs      	:	0
    Number of ROMs      	:	0
    Number of IOs       	:	59
    Number of GBIOs     	:	0
    Number of GBs       	:	2
    Number of WarmBoot  	:	0
    Number of PLLs      	:	0

Device Utilization Summary
    LogicCells                  :	1026/1280
    PLBs                        :	146/160
    BRAMs                       :	0/16
    IOs and GBIOs               :	59/67
    PLLs                        :	0/0



#####################################################################
Placement Timing Summary

The timing summary is based on estimated routing delays after
placement. For final timing report, please carry out the timing
analysis after routing.
=====================================================================

#####################################################################
                     Clock Summary 
=====================================================================
Number of clocks: 1
Clock: TOP|FPGA_OSC | Frequency: 3.68 MHz | Target: 39.57 MHz

=====================================================================
                     End of Clock Summary
#####################################################################

I2054: Placement of design completed successfully

I2076: Placer run-time: 31.4 sec.

