Running in Lattice mode


Starting:    C:\lscc\iCEcube2.2020.12\synpbase\bin64\mbin\synbatch.exe
Install:     C:\lscc\iCEcube2.2020.12\synpbase
Hostname:    FIRAS-AIRTOP
Date:        Mon Apr 11 18:25:01 2022
Version:     L-2016.09L+ice40

Arguments:   -product synplify_pro -batch SBCTI22_syn.prj
ProductType: synplify_pro





log file: "C:\Users\firas.abdelghani\Dropbox\Board-Design\Board-Design-Git\Lattice FPGA Works\TensorI22\SBCTI22\SBCTI22_Implmnt\SBCTI22.srr"
Running: SBCTI22_Implmnt in foreground

Running SBCTI22_syn|SBCTI22_Implmnt

Running: compile (Compile) on SBCTI22_syn|SBCTI22_Implmnt
# Mon Apr 11 18:25:01 2022

Running: compile_flow (Compile Process) on SBCTI22_syn|SBCTI22_Implmnt
# Mon Apr 11 18:25:01 2022

Running: compiler (Compile Input) on SBCTI22_syn|SBCTI22_Implmnt
# Mon Apr 11 18:25:01 2022
Copied C:\Users\firas.abdelghani\Dropbox\Board-Design\Board-Design-Git\Lattice FPGA Works\TensorI22\SBCTI22\SBCTI22_Implmnt\synwork\SBCTI22_comp.srs to C:\Users\firas.abdelghani\Dropbox\Board-Design\Board-Design-Git\Lattice FPGA Works\TensorI22\SBCTI22\SBCTI22_Implmnt\SBCTI22.srs

compiler completed
# Mon Apr 11 18:25:02 2022

Return Code: 0
Run Time:00h:00m:01s

Running: multi_srs_gen (Multi-srs Generator) on SBCTI22_syn|SBCTI22_Implmnt
# Mon Apr 11 18:25:02 2022

multi_srs_gen completed
# Mon Apr 11 18:25:02 2022

Return Code: 0
Run Time:00h:00m:00s
Copied C:\Users\firas.abdelghani\Dropbox\Board-Design\Board-Design-Git\Lattice FPGA Works\TensorI22\SBCTI22\SBCTI22_Implmnt\synwork\SBCTI22_mult.srs to C:\Users\firas.abdelghani\Dropbox\Board-Design\Board-Design-Git\Lattice FPGA Works\TensorI22\SBCTI22\SBCTI22_Implmnt\SBCTI22.srs
Complete: Compile Process on SBCTI22_syn|SBCTI22_Implmnt

Running: premap (Pre-mapping) on SBCTI22_syn|SBCTI22_Implmnt
# Mon Apr 11 18:25:02 2022

premap completed with warnings
# Mon Apr 11 18:25:02 2022

Return Code: 1
Run Time:00h:00m:00s
Complete: Compile on SBCTI22_syn|SBCTI22_Implmnt

Running: map (Map) on SBCTI22_syn|SBCTI22_Implmnt
# Mon Apr 11 18:25:02 2022
License granted for 4 parallel jobs

Running: fpga_mapper (Map & Optimize) on SBCTI22_syn|SBCTI22_Implmnt
# Mon Apr 11 18:25:02 2022
Copied C:\Users\firas.abdelghani\Dropbox\Board-Design\Board-Design-Git\Lattice FPGA Works\TensorI22\SBCTI22\SBCTI22_Implmnt\synwork\SBCTI22_m.srm to C:\Users\firas.abdelghani\Dropbox\Board-Design\Board-Design-Git\Lattice FPGA Works\TensorI22\SBCTI22\SBCTI22_Implmnt\SBCTI22.srm

fpga_mapper completed with warnings
# Mon Apr 11 18:25:12 2022

Return Code: 1
Run Time:00h:00m:10s
Complete: Map on SBCTI22_syn|SBCTI22_Implmnt
Complete: Logic Synthesis on SBCTI22_syn|SBCTI22_Implmnt

exit status=0

exit status=0

