---------------------------------------
Resource Usage Report for TOP 

Mapping to part: ice40lp1kqn84
Cell usage:
GND             7 uses
SB_CARRY        128 uses
SB_DFF          33 uses
SB_DFFE         17 uses
SB_DFFESR       6 uses
SB_DFFESS       1 use
SB_DFFSR        90 uses
SB_GB           1 use
VCC             7 uses
SB_LUT4         221 uses

I/O Register bits:                  0
Register bits not including I/Os:   147 (11%)

@S |Mapping Summary:
Total  LUTs: 221 (17%)

Distribution of All Consumed LUTs = LUT4 
Distribution of All Consumed Luts 221 = 221 

