Running in Lattice mode


Starting:    C:\lscc\iCEcube2.2020.12\synpbase\bin64\mbin\synbatch.exe
Install:     C:\lscc\iCEcube2.2020.12\synpbase
Hostname:    DESKTOP-M2TPG58
Date:        Tue Apr 12 09:16:48 2022
Version:     L-2016.09L+ice40

Arguments:   -product synplify_pro -batch SBCTI22HOME_syn.prj
ProductType: synplify_pro





log file: "C:\Users\firas\Dropbox\Board-Design\Board-Design-Git\Lattice FPGA Works\TensorI22\SBCTI22HOME\SBCTI22HOME_Implmnt\SBCTI22HOME.srr"
Running: SBCTI22HOME_Implmnt in foreground

Running SBCTI22HOME_syn|SBCTI22HOME_Implmnt

Running: compile (Compile) on SBCTI22HOME_syn|SBCTI22HOME_Implmnt
# Tue Apr 12 09:16:48 2022

Running: compile_flow (Compile Process) on SBCTI22HOME_syn|SBCTI22HOME_Implmnt
# Tue Apr 12 09:16:48 2022

Running: compiler (Compile Input) on SBCTI22HOME_syn|SBCTI22HOME_Implmnt
# Tue Apr 12 09:16:48 2022
Copied C:\Users\firas\Dropbox\Board-Design\Board-Design-Git\Lattice FPGA Works\TensorI22\SBCTI22HOME\SBCTI22HOME_Implmnt\synwork\SBCTI22HOME_comp.srs to C:\Users\firas\Dropbox\Board-Design\Board-Design-Git\Lattice FPGA Works\TensorI22\SBCTI22HOME\SBCTI22HOME_Implmnt\SBCTI22HOME.srs

compiler completed
# Tue Apr 12 09:16:50 2022

Return Code: 0
Run Time:00h:00m:02s

Running: multi_srs_gen (Multi-srs Generator) on SBCTI22HOME_syn|SBCTI22HOME_Implmnt
# Tue Apr 12 09:16:50 2022

multi_srs_gen completed
# Tue Apr 12 09:16:50 2022

Return Code: 0
Run Time:00h:00m:00s
Copied C:\Users\firas\Dropbox\Board-Design\Board-Design-Git\Lattice FPGA Works\TensorI22\SBCTI22HOME\SBCTI22HOME_Implmnt\synwork\SBCTI22HOME_mult.srs to C:\Users\firas\Dropbox\Board-Design\Board-Design-Git\Lattice FPGA Works\TensorI22\SBCTI22HOME\SBCTI22HOME_Implmnt\SBCTI22HOME.srs
Complete: Compile Process on SBCTI22HOME_syn|SBCTI22HOME_Implmnt

Running: premap (Pre-mapping) on SBCTI22HOME_syn|SBCTI22HOME_Implmnt
# Tue Apr 12 09:16:50 2022

premap completed with warnings
# Tue Apr 12 09:16:50 2022

Return Code: 1
Run Time:00h:00m:00s
Complete: Compile on SBCTI22HOME_syn|SBCTI22HOME_Implmnt

Running: map (Map) on SBCTI22HOME_syn|SBCTI22HOME_Implmnt
# Tue Apr 12 09:16:50 2022
License granted for 4 parallel jobs

Running: fpga_mapper (Map & Optimize) on SBCTI22HOME_syn|SBCTI22HOME_Implmnt
# Tue Apr 12 09:16:50 2022
Copied C:\Users\firas\Dropbox\Board-Design\Board-Design-Git\Lattice FPGA Works\TensorI22\SBCTI22HOME\SBCTI22HOME_Implmnt\synwork\SBCTI22HOME_m.srm to C:\Users\firas\Dropbox\Board-Design\Board-Design-Git\Lattice FPGA Works\TensorI22\SBCTI22HOME\SBCTI22HOME_Implmnt\SBCTI22HOME.srm

fpga_mapper completed with warnings
# Tue Apr 12 09:17:00 2022

Return Code: 1
Run Time:00h:00m:10s
Complete: Map on SBCTI22HOME_syn|SBCTI22HOME_Implmnt
Complete: Logic Synthesis on SBCTI22HOME_syn|SBCTI22HOME_Implmnt

exit status=0

exit status=0

