---------------------------------------
Resource Usage Report for TOP 

Mapping to part: ice40lp1kqn84
Cell usage:
GND             8 uses
SB_CARRY        307 uses
SB_DFF          39 uses
SB_DFFE         82 uses
SB_DFFER        64 uses
SB_DFFR         14 uses
SB_DFFS         3 uses
SB_GB           2 uses
VCC             8 uses
SB_LUT4         938 uses

I/O ports: 59
I/O primitives: 33
SB_GB_IO       1 use
SB_IO          32 uses

I/O Register bits:                  0
Register bits not including I/Os:   202 (15%)

@S |Mapping Summary:
Total  LUTs: 938 (73%)

Distribution of All Consumed LUTs = LUT4 
Distribution of All Consumed Luts 938 = 938 

