Running in Lattice mode


Starting:    C:\lscc\iCEcube2.2020.12\synpbase\bin64\mbin\synbatch.exe
Install:     C:\lscc\iCEcube2.2020.12\synpbase
Hostname:    FIRAS-AIRTOP
Date:        Wed Apr 13 16:29:03 2022
Version:     L-2016.09L+ice40

Arguments:   -product synplify_pro -batch SBCTI22WORK_syn.prj
ProductType: synplify_pro





log file: "C:\Users\firas.abdelghani\Dropbox\Board-Design\Board-Design-Git\Lattice FPGA Works\TensorI22\SBCTI22WORK\SBCTI22WORK_Implmnt\SBCTI22WORK.srr"
Running: SBCTI22WORK_Implmnt in foreground

Running SBCTI22WORK_syn|SBCTI22WORK_Implmnt

Running: compile (Compile) on SBCTI22WORK_syn|SBCTI22WORK_Implmnt
# Wed Apr 13 16:29:03 2022

Running: compile_flow (Compile Process) on SBCTI22WORK_syn|SBCTI22WORK_Implmnt
# Wed Apr 13 16:29:03 2022

Running: compiler (Compile Input) on SBCTI22WORK_syn|SBCTI22WORK_Implmnt
# Wed Apr 13 16:29:03 2022
Copied C:\Users\firas.abdelghani\Dropbox\Board-Design\Board-Design-Git\Lattice FPGA Works\TensorI22\SBCTI22WORK\SBCTI22WORK_Implmnt\synwork\SBCTI22WORK_comp.srs to C:\Users\firas.abdelghani\Dropbox\Board-Design\Board-Design-Git\Lattice FPGA Works\TensorI22\SBCTI22WORK\SBCTI22WORK_Implmnt\SBCTI22WORK.srs

compiler completed
# Wed Apr 13 16:29:05 2022

Return Code: 0
Run Time:00h:00m:02s

Running: multi_srs_gen (Multi-srs Generator) on SBCTI22WORK_syn|SBCTI22WORK_Implmnt
# Wed Apr 13 16:29:05 2022

multi_srs_gen completed
# Wed Apr 13 16:29:05 2022

Return Code: 0
Run Time:00h:00m:00s
Copied C:\Users\firas.abdelghani\Dropbox\Board-Design\Board-Design-Git\Lattice FPGA Works\TensorI22\SBCTI22WORK\SBCTI22WORK_Implmnt\synwork\SBCTI22WORK_mult.srs to C:\Users\firas.abdelghani\Dropbox\Board-Design\Board-Design-Git\Lattice FPGA Works\TensorI22\SBCTI22WORK\SBCTI22WORK_Implmnt\SBCTI22WORK.srs
Complete: Compile Process on SBCTI22WORK_syn|SBCTI22WORK_Implmnt

Running: premap (Pre-mapping) on SBCTI22WORK_syn|SBCTI22WORK_Implmnt
# Wed Apr 13 16:29:05 2022

premap completed with warnings
# Wed Apr 13 16:29:06 2022

Return Code: 1
Run Time:00h:00m:01s
Complete: Compile on SBCTI22WORK_syn|SBCTI22WORK_Implmnt

Running: map (Map) on SBCTI22WORK_syn|SBCTI22WORK_Implmnt
# Wed Apr 13 16:29:06 2022
License granted for 4 parallel jobs

Running: fpga_mapper (Map & Optimize) on SBCTI22WORK_syn|SBCTI22WORK_Implmnt
# Wed Apr 13 16:29:06 2022
Copied C:\Users\firas.abdelghani\Dropbox\Board-Design\Board-Design-Git\Lattice FPGA Works\TensorI22\SBCTI22WORK\SBCTI22WORK_Implmnt\synwork\SBCTI22WORK_m.srm to C:\Users\firas.abdelghani\Dropbox\Board-Design\Board-Design-Git\Lattice FPGA Works\TensorI22\SBCTI22WORK\SBCTI22WORK_Implmnt\SBCTI22WORK.srm

fpga_mapper completed with warnings
# Wed Apr 13 16:29:15 2022

Return Code: 1
Run Time:00h:00m:09s
Complete: Map on SBCTI22WORK_syn|SBCTI22WORK_Implmnt
Complete: Logic Synthesis on SBCTI22WORK_syn|SBCTI22WORK_Implmnt

exit status=0

exit status=0

