* ******************************************************************************

* iCEcube Packer

* Version:            2020.12.27943

* Build Date:         Dec  9 2020 17:31:51

* File Generated:     Jun 19 2022 13:11:24

* Purpose:            General info of design implementation

* Copyright (C) 2006-2010 by Lattice Semiconductor Corp. All rights reserved.

* ******************************************************************************

Command Line: C:\lscc\iCEcube2.2020.12\sbt_backend\bin\win32\opt\packer.exe  C:\lscc\iCEcube2.2020.12\sbt_backend\devices\ICE40P01.dev  C:/Users/firas.abdelghani/Dropbox/Board-Design/Board-Design-Git/Lattice FPGA Works/TensorI22/SBCTI22WORK3/SBCTI22WORK3_Implmnt\sbt\netlist\oadb-TOP  --package  QN84  --outdir  C:/Users/firas.abdelghani/Dropbox/Board-Design/Board-Design-Git/Lattice FPGA Works/TensorI22/SBCTI22WORK3/SBCTI22WORK3_Implmnt\sbt\outputs\packer  --translator  C:\lscc\iCEcube2.2020.12\sbt_backend\bin\sdc_translator.tcl  --src_sdc_file  C:/Users/firas.abdelghani/Dropbox/Board-Design/Board-Design-Git/Lattice FPGA Works/TensorI22/SBCTI22WORK3/SBCTI22WORK3_Implmnt\sbt\outputs\placer\TOP_pl.sdc  --dst_sdc_file  C:/Users/firas.abdelghani/Dropbox/Board-Design/Board-Design-Git/Lattice FPGA Works/TensorI22/SBCTI22WORK3/SBCTI22WORK3_Implmnt\sbt\outputs\packer\TOP_pk.sdc  --devicename  iCE40LP1K  

***** Device Info *****
Chip: iCE40LP1K
Package: QN84
Size: 12 X 16

***** Design Utilization Info *****
Design: TOP
Used Logic Cell: 188/1280
Used Logic Tile: 38/160
Used IO Cell:    59/112
Used Bram Cell For iCE40: 0/16
Used PLL For iCE40: 0/0
Ram Cascading Used: 0
Lut Cascading Used: 1

***** Clock Info *****
Clock Domain: fpga_osc
Clock Source: ipInertedIONet_FPGA_OSC 
Clock Driver: ipInertedIOPad_FPGA_OSC (ICE_IO)
Driver Position: (7, 0, 0)
Fanout to FF: 109
Fanout to Tile: 25


***** Placement Info *****
Logic cell utilization per tile
    . . . . + . . . . 1 . . . . 
   ----------------------------
17|                             
16|   1 1 0 1 0 0 0 0 0 0 0 0   
15|   0 1 0 1 4 1 0 0 0 0 0 0   
14|   5 8 0 8 8 8 3 0 0 0 0 0   
13|   3 8 0 8 6 8 3 0 0 0 0 0   
12|   4 1 0 7 8 6 0 0 0 0 0 0   
11|   2 1 0 8 8 1 0 0 0 0 0 0   
10|   6 8 0 8 8 1 0 0 0 0 0 0   
 9|   5 8 0 4 8 0 0 0 0 0 0 0   
 8|   0 0 0 0 0 0 0 0 0 0 0 0   
 7|   0 0 0 0 0 0 0 0 0 0 0 0   
 6|   0 0 0 0 0 0 0 0 0 0 0 0   
 5|   0 0 0 0 0 0 0 0 0 0 0 0   
 4|   0 0 0 0 0 0 0 0 0 0 0 0   
 3|   0 0 0 0 0 0 0 0 0 0 0 0   
 2|   0 0 0 0 0 0 0 0 0 0 0 0   
 1|   0 0 0 0 0 0 0 0 0 0 0 0   
 0|                             

Maximum number of Logic cells per logic tile: 8
Average number of Logic cells per logic tile: 4.95

***** Input Pin Density Info *****
Number of input nets per logic tile
     .  .  .  .  +  .  .  .  .  1  .  .  .  . 
   ------------------------------------------
17|                                           
16|     2  3  0  3  0  0  0  0  0  0  0  0    
15|     0  2  0  2  8  2  0  0  0  0  0  0    
14|    18 16  0 16 22 16 12  0  0  0  0  0    
13|    12 17  0 17 18 17 10  0  0  0  0  0    
12|     8  4  0 19 18 14  0  0  0  0  0  0    
11|     3  2  0  8 16  4  0  0  0  0  0  0    
10|    10 16  0 22 16  3  0  0  0  0  0  0    
 9|    20 17  0  9 16  0  0  0  0  0  0  0    
 8|     0  0  0  0  0  0  0  0  0  0  0  0    
 7|     0  0  0  0  0  0  0  0  0  0  0  0    
 6|     0  0  0  0  0  0  0  0  0  0  0  0    
 5|     0  0  0  0  0  0  0  0  0  0  0  0    
 4|     0  0  0  0  0  0  0  0  0  0  0  0    
 3|     0  0  0  0  0  0  0  0  0  0  0  0    
 2|     0  0  0  0  0  0  0  0  0  0  0  0    
 1|     0  0  0  0  0  0  0  0  0  0  0  0    
 0|                                           

Maximum number of input nets per logic tile: 22
Average number of input nets per logic tile: 11.53

Number of input pins per logic tile
     .  .  .  .  +  .  .  .  .  1  .  .  .  . 
   ------------------------------------------
17|                                           
16|     2  3  0  3  0  0  0  0  0  0  0  0    
15|     0  2  0  2 16  2  0  0  0  0  0  0    
14|    18 22  0 22 25 22 12  0  0  0  0  0    
13|    12 25  0 25 20 25 10  0  0  0  0  0    
12|    13  4  0 21 18 19  0  0  0  0  0  0    
11|     3  2  0  8 16  4  0  0  0  0  0  0    
10|    22 22  0 28 16  3  0  0  0  0  0  0    
 9|    20 25  0 12 16  0  0  0  0  0  0  0    
 8|     0  0  0  0  0  0  0  0  0  0  0  0    
 7|     0  0  0  0  0  0  0  0  0  0  0  0    
 6|     0  0  0  0  0  0  0  0  0  0  0  0    
 5|     0  0  0  0  0  0  0  0  0  0  0  0    
 4|     0  0  0  0  0  0  0  0  0  0  0  0    
 3|     0  0  0  0  0  0  0  0  0  0  0  0    
 2|     0  0  0  0  0  0  0  0  0  0  0  0    
 1|     0  0  0  0  0  0  0  0  0  0  0  0    
 0|                                           

Maximum number of input pins per logic tile: 28
Average number of input pins per logic tile: 14.21

***** Run Time Info *****
Run Time:  0
