---------------------------------------
Resource Usage Report for TOP 

Mapping to part: ice40lp1kqn84
Cell usage:
GND             8 uses
SB_CARRY        333 uses
SB_DFF          39 uses
SB_DFFE         81 uses
SB_DFFER        64 uses
SB_DFFR         14 uses
SB_DFFS         3 uses
SB_GB           2 uses
VCC             8 uses
SB_LUT4         999 uses

I/O Register bits:                  0
Register bits not including I/Os:   201 (15%)

@S |Mapping Summary:
Total  LUTs: 999 (78%)

Distribution of All Consumed LUTs = LUT4 
Distribution of All Consumed Luts 999 = 999 

