---------------------------------------
Resource Usage Report for TOP 

Mapping to part: ice40lp1kqn84
Cell usage:
GND             9 uses
SB_CARRY        307 uses
SB_DFF          38 uses
SB_DFFE         98 uses
SB_DFFER        48 uses
SB_DFFR         14 uses
SB_DFFS         3 uses
SB_GB           2 uses
VCC             9 uses
SB_LUT4         918 uses

I/O ports: 61
I/O primitives: 37
SB_GB_IO       1 use
SB_IO          36 uses

I/O Register bits:                  0
Register bits not including I/Os:   201 (15%)

@S |Mapping Summary:
Total  LUTs: 918 (71%)

Distribution of All Consumed LUTs = LUT4 
Distribution of All Consumed Luts 918 = 918 

