* ******************************************************************************

* iCEcube Placer

* Version:            2020.12.27943

* Build Date:         Dec  9 2020 17:55:50

* File Generated:     Apr 14 2022 10:42:15

* Purpose:            

* Copyright (C) 2006-2010 by Lattice Semiconductor Corp. All rights reserved.

* ******************************************************************************

Executing : C:\lscc\iCEcube2.2020.12\sbt_backend\bin\win32\opt\sbtplacer.exe --des-lib C:/Users/firas/Dropbox/Board-Design/Board-Design-Git/Lattice FPGA Works/TensorI22/SBCTI22HOME5/SBCTI22HOME5_Implmnt\sbt\netlist\oadb-TOP --outdir C:/Users/firas/Dropbox/Board-Design/Board-Design-Git/Lattice FPGA Works/TensorI22/SBCTI22HOME5/SBCTI22HOME5_Implmnt\sbt\outputs\placer --device-file C:\lscc\iCEcube2.2020.12\sbt_backend\devices\ICE40P01.dev --package QN84 --deviceMarketName iCE40LP1K --sdc-file C:/Users/firas/Dropbox/Board-Design/Board-Design-Git/Lattice FPGA Works/TensorI22/SBCTI22HOME5/SBCTI22HOME5_Implmnt\sbt\Temp/sbt_temp.sdc --lib-file C:\lscc\iCEcube2.2020.12\sbt_backend\devices\ice40LP1K.lib --effort_level std --out-sdc-file C:/Users/firas/Dropbox/Board-Design/Board-Design-Git/Lattice FPGA Works/TensorI22/SBCTI22HOME5/SBCTI22HOME5_Implmnt\sbt\outputs\placer\TOP_pl.sdc
I2004: Option and Settings Summary
=============================================================
Device file          - C:\lscc\iCEcube2.2020.12\sbt_backend\devices\ICE40P01.dev
Package              - QN84
Design database      - C:/Users/firas/Dropbox/Board-Design/Board-Design-Git/Lattice FPGA Works/TensorI22/SBCTI22HOME5/SBCTI22HOME5_Implmnt\sbt\netlist\oadb-TOP
SDC file             - C:/Users/firas/Dropbox/Board-Design/Board-Design-Git/Lattice FPGA Works/TensorI22/SBCTI22HOME5/SBCTI22HOME5_Implmnt\sbt\Temp/sbt_temp.sdc
Output directory     - C:/Users/firas/Dropbox/Board-Design/Board-Design-Git/Lattice FPGA Works/TensorI22/SBCTI22HOME5/SBCTI22HOME5_Implmnt\sbt\outputs\placer
Timing library       - C:\lscc\iCEcube2.2020.12\sbt_backend\devices\ice40LP1K.lib
Effort level         - std

I2050: Starting reading inputs for placer
=============================================================
I2100: Reading design library: C:/Users/firas/Dropbox/Board-Design/Board-Design-Git/Lattice FPGA Works/TensorI22/SBCTI22HOME5/SBCTI22HOME5_Implmnt\sbt\netlist\oadb-TOP/BFPGA_DESIGN_ep
I2065: Reading device file : C:\lscc\iCEcube2.2020.12\sbt_backend\devices\ICE40P01.dev
I2051: Reading of inputs for placer completed successfully

I2053: Starting placement of the design
=============================================================

Input Design Statistics
    Number of LUTs      	:	999
    Number of DFFs      	:	201
    Number of DFFs packed to IO	:	0
    Number of Carrys    	:	333
    Number of RAMs      	:	0
    Number of ROMs      	:	0
    Number of IOs       	:	59
    Number of GBIOs     	:	0
    Number of GBs       	:	2
    Number of WarmBoot  	:	0
    Number of PLLs      	:	0


Phase 1
I2077: Start design legalization

Design Legalization Statistics
    Number of feedthru LUTs inserted to legalize input of DFFs     	:	0
    Number of feedthru LUTs inserted for LUTs driving multiple DFFs	:	59
    Number of LUTs replicated for LUTs driving multiple DFFs       	:	70
    Number of feedthru LUTs inserted to legalize output of CARRYs  	:	37
    Number of feedthru LUTs inserted to legalize global signals    	:	0
    Number of feedthru CARRYs inserted to legalize input of CARRYs 	:	0
    Number of inserted LUTs to Legalize IOs with PIN_TYPE= 01xxxx  	:	0
    Number of inserted LUTs to Legalize IOs with PIN_TYPE= 10xxxx  	:	0
    Number of inserted LUTs to Legalize IOs with PIN_TYPE= 11xxxx  	:	0
    Total LUTs inserted                                            	:	166
    Total CARRYs inserted                                          	:	0


I2078: Design legalization is completed successfully
I2088: Phase 1, elapsed time : 0.0 (sec)


Phase 2
I2088: Phase 2, elapsed time : 0.1 (sec)

Phase 3
Warning-1035: Removing timing arc from pin "b2v_inst11.count_off_RNI5TD0V3[0]_LC_75/in3" to pin "b2v_inst11.count_off_RNI5TD0V3[0]_LC_75/lcout" to break the combinatorial loop
Warning-1035: Removing timing arc from pin "b2v_inst11.dutycycle_RNI5AV24[13]_LC_128/in0" to pin "b2v_inst11.dutycycle_RNI5AV24[13]_LC_128/lcout" to break the combinatorial loop
Warning-1035: Removing timing arc from pin "b2v_inst11.count_RNI[0]_LC_20/in1" to pin "b2v_inst11.count_RNI[0]_LC_20/lcout" to break the combinatorial loop
Warning-1035: Removing timing arc from pin "b2v_inst11.count_RNI[1]_LC_21/in0" to pin "b2v_inst11.count_RNI[1]_LC_21/lcout" to break the combinatorial loop
Warning-1035: Removing timing arc from pin "b2v_inst11.un85_clk_100khz_1_cry_15_c_RNILDIRJ62_LC_643/in3" to pin "b2v_inst11.un85_clk_100khz_1_cry_15_c_RNILDIRJ62_LC_643/lcout" to break the combinatorial loop
Warning-1035: Removing timing arc from pin "b2v_inst11.un85_clk_100khz_1_cry_15_c_RNILDIRJ62_LC_643/in2" to pin "b2v_inst11.un85_clk_100khz_1_cry_15_c_RNILDIRJ62_LC_643/lcout" to break the combinatorial loop
Warning-1035: Removing timing arc from pin "b2v_inst11.curr_state_RNIOCA3[0]_LC_114/in1" to pin "b2v_inst11.curr_state_RNIOCA3[0]_LC_114/lcout" to break the combinatorial loop
Warning-1035: Removing timing arc from pin "b2v_inst11.un85_clk_100khz_1_cry_15_c_RNILDIRJ62_0_LC_644/in2" to pin "b2v_inst11.un85_clk_100khz_1_cry_15_c_RNILDIRJ62_0_LC_644/lcout" to break the combinatorial loop
Warning-1035: Removing timing arc from pin "b2v_inst11.un1_count_cry_1_c_RNIIIQD_LC_390/in1" to pin "b2v_inst11.un1_count_cry_1_c_RNIIIQD_LC_390/lcout" to break the combinatorial loop
Warning-1035: Removing timing arc from pin "b2v_inst11.un1_count_cry_2_c_RNIJKRD_LC_391/in1" to pin "b2v_inst11.un1_count_cry_2_c_RNIJKRD_LC_391/lcout" to break the combinatorial loop
Warning-1035: Removing timing arc from pin "b2v_inst11.un1_count_cry_3_c_RNIKMSD_LC_392/in1" to pin "b2v_inst11.un1_count_cry_3_c_RNIKMSD_LC_392/lcout" to break the combinatorial loop
Warning-1035: Removing timing arc from pin "b2v_inst11.un1_count_cry_4_c_RNILOTD_LC_393/in1" to pin "b2v_inst11.un1_count_cry_4_c_RNILOTD_LC_393/lcout" to break the combinatorial loop
Warning-1035: Removing timing arc from pin "b2v_inst11.un1_count_cry_5_c_RNIMQUD_LC_394/in1" to pin "b2v_inst11.un1_count_cry_5_c_RNIMQUD_LC_394/lcout" to break the combinatorial loop
Warning-1035: Removing timing arc from pin "b2v_inst11.un1_count_cry_6_c_RNINSVD_LC_395/in1" to pin "b2v_inst11.un1_count_cry_6_c_RNINSVD_LC_395/lcout" to break the combinatorial loop
Warning-1035: Removing timing arc from pin "b2v_inst11.un1_count_cry_7_c_RNIOU0E_LC_396/in1" to pin "b2v_inst11.un1_count_cry_7_c_RNIOU0E_LC_396/lcout" to break the combinatorial loop
Warning-1035: Removing timing arc from pin "b2v_inst11.un1_count_cry_8_c_RNIP02E_LC_397/in1" to pin "b2v_inst11.un1_count_cry_8_c_RNIP02E_LC_397/lcout" to break the combinatorial loop
Warning-1035: Removing timing arc from pin "b2v_inst11.un1_count_cry_9_c_RNIQ23E_LC_398/in1" to pin "b2v_inst11.un1_count_cry_9_c_RNIQ23E_LC_398/lcout" to break the combinatorial loop
Warning-1035: Removing timing arc from pin "b2v_inst11.un1_count_cry_10_c_RNI24R6_LC_385/in1" to pin "b2v_inst11.un1_count_cry_10_c_RNI24R6_LC_385/lcout" to break the combinatorial loop
Warning-1035: Removing timing arc from pin "b2v_inst11.un1_count_cry_11_c_RNI36S6_LC_386/in1" to pin "b2v_inst11.un1_count_cry_11_c_RNI36S6_LC_386/lcout" to break the combinatorial loop
Warning-1035: Removing timing arc from pin "b2v_inst11.un1_count_cry_12_c_RNI48T6_LC_387/in1" to pin "b2v_inst11.un1_count_cry_12_c_RNI48T6_LC_387/lcout" to break the combinatorial loop
Warning-1035: Removing timing arc from pin "b2v_inst11.un1_count_cry_13_c_RNI5AU6_LC_388/in1" to pin "b2v_inst11.un1_count_cry_13_c_RNI5AU6_LC_388/lcout" to break the combinatorial loop
Warning-1035: Removing timing arc from pin "b2v_inst11.un1_count_cry_14_c_RNI6CV6_LC_389/in0" to pin "b2v_inst11.un1_count_cry_14_c_RNI6CV6_LC_389/lcout" to break the combinatorial loop
Warning-1035: Removing timing arc from pin "b2v_inst11.un85_clk_100khz_1_cry_15_c_RNILDIRJ62_0_LC_644/in1" to pin "b2v_inst11.un85_clk_100khz_1_cry_15_c_RNILDIRJ62_0_LC_644/lcout" to break the combinatorial loop
Warning-1035: Removing timing arc from pin "b2v_inst11.dutycycle_RNIK9J85[5]_LC_156/in1" to pin "b2v_inst11.dutycycle_RNIK9J85[5]_LC_156/lcout" to break the combinatorial loop
Warning-1035: Removing timing arc from pin "b2v_inst11.dutycycle_RNIK9J85[5]_LC_156/in3" to pin "b2v_inst11.dutycycle_RNIK9J85[5]_LC_156/lcout" to break the combinatorial loop
Warning-1035: Removing timing arc from pin "b2v_inst11.dutycycle_RNIB79JE[3]_LC_139/in2" to pin "b2v_inst11.dutycycle_RNIB79JE[3]_LC_139/lcout" to break the combinatorial loop
Warning-1035: Removing timing arc from pin "b2v_inst11.dutycycle_RNIRO179[3]_LC_174/in3" to pin "b2v_inst11.dutycycle_RNIRO179[3]_LC_174/lcout" to break the combinatorial loop
Warning-1035: Removing timing arc from pin "b2v_inst11.dutycycle_RNIK9J85[5]_LC_156/in2" to pin "b2v_inst11.dutycycle_RNIK9J85[5]_LC_156/lcout" to break the combinatorial loop
Warning-1035: Removing timing arc from pin "b2v_inst11.dutycycle_RNIH6AK7[2]_LC_151/in1" to pin "b2v_inst11.dutycycle_RNIH6AK7[2]_LC_151/lcout" to break the combinatorial loop
Warning-1035: Removing timing arc from pin "b2v_inst11.dutycycle_RNICO933[12]_LC_141/in3" to pin "b2v_inst11.dutycycle_RNICO933[12]_LC_141/lcout" to break the combinatorial loop
Warning-1035: Removing timing arc from pin "b2v_inst11.dutycycle_RNI5AV24[2]_LC_131/in1" to pin "b2v_inst11.dutycycle_RNI5AV24[2]_LC_131/lcout" to break the combinatorial loop
Warning-1035: Removing timing arc from pin "b2v_inst11.dutycycle_RNIDQ4A1_1[2]_LC_143/in3" to pin "b2v_inst11.dutycycle_RNIDQ4A1_1[2]_LC_143/lcout" to break the combinatorial loop
Warning-1035: Removing timing arc from pin "b2v_inst11.dutycycle_RNI5AV24[4]_LC_132/in1" to pin "b2v_inst11.dutycycle_RNI5AV24[4]_LC_132/lcout" to break the combinatorial loop
Warning-1035: Removing timing arc from pin "b2v_inst11.dutycycle_RNIRO179[3]_LC_174/in1" to pin "b2v_inst11.dutycycle_RNIRO179[3]_LC_174/lcout" to break the combinatorial loop
Warning-1035: Removing timing arc from pin "b2v_inst11.dutycycle_RNI_3[15]_LC_246/in0" to pin "b2v_inst11.dutycycle_RNI_3[15]_LC_246/lcout" to break the combinatorial loop
Warning-1035: Removing timing arc from pin "b2v_inst11.dutycycle_RNIM7549[4]_LC_161/in3" to pin "b2v_inst11.dutycycle_RNIM7549[4]_LC_161/lcout" to break the combinatorial loop
Warning-1035: Removing timing arc from pin "b2v_inst11.dutycycle_RNIQH45K[5]_LC_169/in3" to pin "b2v_inst11.dutycycle_RNIQH45K[5]_LC_169/lcout" to break the combinatorial loop
Warning-1035: Removing timing arc from pin "b2v_inst11.dutycycle_RNI5IIRB[6]_LC_136/in2" to pin "b2v_inst11.dutycycle_RNI5IIRB[6]_LC_136/lcout" to break the combinatorial loop
Warning-1035: Removing timing arc from pin "b2v_inst11.dutycycle_RNI_0[0]_LC_179/in0" to pin "b2v_inst11.dutycycle_RNI_0[0]_LC_179/lcout" to break the combinatorial loop
Warning-1035: Removing timing arc from pin "b2v_inst11.dutycycle_RNI_0[6]_LC_191/in0" to pin "b2v_inst11.dutycycle_RNI_0[6]_LC_191/lcout" to break the combinatorial loop
Warning-1035: Removing timing arc from pin "b2v_inst11.dutycycle_RNIRO179[3]_LC_174/in0" to pin "b2v_inst11.dutycycle_RNIRO179[3]_LC_174/lcout" to break the combinatorial loop
Warning-1035: Removing timing arc from pin "b2v_inst11.func_state_RNIIGCET1[1]_LC_339/in3" to pin "b2v_inst11.func_state_RNIIGCET1[1]_LC_339/lcout" to break the combinatorial loop
Warning-1035: Removing timing arc from pin "b2v_inst11.dutycycle_RNIL4TIA[1]_LC_158/in3" to pin "b2v_inst11.dutycycle_RNIL4TIA[1]_LC_158/lcout" to break the combinatorial loop
Warning-1035: Removing timing arc from pin "b2v_inst11.dutycycle_RNI_0[0]_LC_179/in1" to pin "b2v_inst11.dutycycle_RNI_0[0]_LC_179/lcout" to break the combinatorial loop
Warning-1035: Removing timing arc from pin "b2v_inst11.dutycycle_RNI_7[0]_LC_284/in0" to pin "b2v_inst11.dutycycle_RNI_7[0]_LC_284/lcout" to break the combinatorial loop
Warning-1035: Removing timing arc from pin "b2v_inst11.dutycycle_RNI_8[0]_LC_293/in2" to pin "b2v_inst11.dutycycle_RNI_8[0]_LC_293/lcout" to break the combinatorial loop
Warning-1035: Removing timing arc from pin "b2v_inst11.un1_dutycycle_94_cry_0_s0_c_RNIC05_LC_416/in2" to pin "b2v_inst11.un1_dutycycle_94_cry_0_s0_c_RNIC05_LC_416/lcout" to break the combinatorial loop
Warning-1035: Removing timing arc from pin "b2v_inst11.dutycycle_RNITBE6C[2]_LC_175/in0" to pin "b2v_inst11.dutycycle_RNITBE6C[2]_LC_175/lcout" to break the combinatorial loop
Warning-1035: Removing timing arc from pin "b2v_inst11.dutycycle_RNI51C57[3]_LC_127/in2" to pin "b2v_inst11.dutycycle_RNI51C57[3]_LC_127/lcout" to break the combinatorial loop
Warning-1035: Removing timing arc from pin "b2v_inst11.un1_dutycycle_94_cry_2_s0_c_RNIEAP4_LC_438/in2" to pin "b2v_inst11.un1_dutycycle_94_cry_2_s0_c_RNIEAP4_LC_438/lcout" to break the combinatorial loop
Warning-1035: Removing timing arc from pin "b2v_inst11.un1_dutycycle_94_cry_3_s0_c_RNIFF3F_LC_441/carryin" to pin "b2v_inst11.un1_dutycycle_94_cry_3_s0_c_RNIFF3F_LC_441/carryout" to break the combinatorial loop
Warning-1035: Removing timing arc from pin "b2v_inst11.un1_dutycycle_94_cry_2_s0_c_RNITMJ9_LC_439/in2" to pin "b2v_inst11.un1_dutycycle_94_cry_2_s0_c_RNITMJ9_LC_439/lcout" to break the combinatorial loop
Warning-1035: Removing timing arc from pin "b2v_inst11.un1_dutycycle_94_cry_5_s0_c_RNIGFLH1_LC_449/in3" to pin "b2v_inst11.un1_dutycycle_94_cry_5_s0_c_RNIGFLH1_LC_449/lcout" to break the combinatorial loop
Warning-1035: Removing timing arc from pin "b2v_inst11.dutycycle_RNIUDOLB[7]_LC_177/in2" to pin "b2v_inst11.dutycycle_RNIUDOLB[7]_LC_177/lcout" to break the combinatorial loop
Warning-1035: Removing timing arc from pin "b2v_inst11.un1_dutycycle_94_cry_6_s0_c_RNI5V4S_LC_452/in1" to pin "b2v_inst11.un1_dutycycle_94_cry_6_s0_c_RNI5V4S_LC_452/lcout" to break the combinatorial loop
Warning-1035: Removing timing arc from pin "b2v_inst11.dutycycle_RNI99IH8[8]_LC_138/in2" to pin "b2v_inst11.dutycycle_RNI99IH8[8]_LC_138/lcout" to break the combinatorial loop
Warning-1035: Removing timing arc from pin "b2v_inst11.dutycycle_RNI_4[13]_LC_259/in0" to pin "b2v_inst11.dutycycle_RNI_4[13]_LC_259/lcout" to break the combinatorial loop
Warning-1035: Removing timing arc from pin "b2v_inst11.un1_dutycycle_94_cry_7_s0_c_RNIJ3C8_LC_455/in2" to pin "b2v_inst11.un1_dutycycle_94_cry_7_s0_c_RNIJ3C8_LC_455/lcout" to break the combinatorial loop
Warning-1035: Removing timing arc from pin "b2v_inst11.dutycycle_RNICK668[9]_LC_140/in2" to pin "b2v_inst11.dutycycle_RNICK668[9]_LC_140/lcout" to break the combinatorial loop
Warning-1035: Removing timing arc from pin "b2v_inst11.dutycycle_RNI_3[15]_LC_246/in1" to pin "b2v_inst11.dutycycle_RNI_3[15]_LC_246/lcout" to break the combinatorial loop
Warning-1035: Removing timing arc from pin "b2v_inst11.un1_dutycycle_94_cry_8_s0_c_RNIK8M2_LC_458/in2" to pin "b2v_inst11.un1_dutycycle_94_cry_8_s0_c_RNIK8M2_LC_458/lcout" to break the combinatorial loop
Warning-1035: Removing timing arc from pin "b2v_inst11.dutycycle_RNI_4[13]_LC_259/in3" to pin "b2v_inst11.dutycycle_RNI_4[13]_LC_259/lcout" to break the combinatorial loop
Warning-1035: Removing timing arc from pin "b2v_inst11.dutycycle_RNIM01V8[10]_LC_160/in2" to pin "b2v_inst11.dutycycle_RNIM01V8[10]_LC_160/lcout" to break the combinatorial loop
Warning-1035: Removing timing arc from pin "b2v_inst11.un1_dutycycle_94_cry_9_s0_c_RNILD0D_LC_461/in2" to pin "b2v_inst11.un1_dutycycle_94_cry_9_s0_c_RNILD0D_LC_461/lcout" to break the combinatorial loop
Warning-1035: Removing timing arc from pin "b2v_inst11.dutycycle_RNI_0[6]_LC_191/in1" to pin "b2v_inst11.dutycycle_RNI_0[6]_LC_191/lcout" to break the combinatorial loop
Warning-1035: Removing timing arc from pin "b2v_inst11.dutycycle_RNI_3[12]_LC_244/in0" to pin "b2v_inst11.dutycycle_RNI_3[12]_LC_244/lcout" to break the combinatorial loop
Warning-1035: Removing timing arc from pin "b2v_inst11.dutycycle_RNIFMPT5[11]_LC_148/in2" to pin "b2v_inst11.dutycycle_RNIFMPT5[11]_LC_148/lcout" to break the combinatorial loop
Warning-1035: Removing timing arc from pin "b2v_inst11.un1_dutycycle_94_cry_10_s0_c_RNITVP8_LC_420/in2" to pin "b2v_inst11.un1_dutycycle_94_cry_10_s0_c_RNITVP8_LC_420/lcout" to break the combinatorial loop
Warning-1035: Removing timing arc from pin "b2v_inst11.dutycycle_RNII1EI5[12]_LC_152/in3" to pin "b2v_inst11.dutycycle_RNII1EI5[12]_LC_152/lcout" to break the combinatorial loop
Warning-1035: Removing timing arc from pin "b2v_inst11.dutycycle_RNIDSSV8[13]_LC_147/in3" to pin "b2v_inst11.dutycycle_RNIDSSV8[13]_LC_147/lcout" to break the combinatorial loop
Warning-1035: Removing timing arc from pin "b2v_inst11.dutycycle_RNIG7HK8[14]_LC_150/in2" to pin "b2v_inst11.dutycycle_RNIG7HK8[14]_LC_150/lcout" to break the combinatorial loop
Warning-1035: Removing timing arc from pin "b2v_inst11.dutycycle_RNI_4[13]_LC_259/in1" to pin "b2v_inst11.dutycycle_RNI_4[13]_LC_259/lcout" to break the combinatorial loop
Warning-1035: Removing timing arc from pin "b2v_inst11.un1_dutycycle_94_cry_13_s0_c_RNI0FO7_LC_428/in2" to pin "b2v_inst11.un1_dutycycle_94_cry_13_s0_c_RNI0FO7_LC_428/lcout" to break the combinatorial loop
Warning-1035: Removing timing arc from pin "b2v_inst11.dutycycle_RNIJI598[15]_LC_154/in2" to pin "b2v_inst11.dutycycle_RNIJI598[15]_LC_154/lcout" to break the combinatorial loop
Warning-1035: Removing timing arc from pin "b2v_inst11.un1_dutycycle_94_cry_14_s0_c_RNI3A64_LC_431/in0" to pin "b2v_inst11.un1_dutycycle_94_cry_14_s0_c_RNI3A64_LC_431/lcout" to break the combinatorial loop
Warning-1035: Removing timing arc from pin "b2v_inst11.dutycycle_RNI_3[15]_LC_246/in2" to pin "b2v_inst11.dutycycle_RNI_3[15]_LC_246/lcout" to break the combinatorial loop
Warning-1035: Removing timing arc from pin "b2v_inst11.un1_dutycycle_94_cry_14_s0_c_RNI3A64_LC_431/in1" to pin "b2v_inst11.un1_dutycycle_94_cry_14_s0_c_RNI3A64_LC_431/lcout" to break the combinatorial loop
Warning-1035: Removing timing arc from pin "b2v_inst11.un1_dutycycle_94_cry_13_s0_c_RNI10IF_LC_429/in2" to pin "b2v_inst11.un1_dutycycle_94_cry_13_s0_c_RNI10IF_LC_429/lcout" to break the combinatorial loop
Warning-1035: Removing timing arc from pin "b2v_inst11.un1_dutycycle_94_cry_10_s0_c_RNI8SPR1_LC_419/in3" to pin "b2v_inst11.un1_dutycycle_94_cry_10_s0_c_RNI8SPR1_LC_419/lcout" to break the combinatorial loop
Warning-1035: Removing timing arc from pin "b2v_inst11.un1_dutycycle_94_cry_9_s0_c_RNION642_LC_462/in3" to pin "b2v_inst11.un1_dutycycle_94_cry_9_s0_c_RNION642_LC_462/lcout" to break the combinatorial loop
Warning-1035: Removing timing arc from pin "b2v_inst11.un1_dutycycle_94_cry_8_s0_c_RNIMDIF1_LC_459/in3" to pin "b2v_inst11.un1_dutycycle_94_cry_8_s0_c_RNIMDIF1_LC_459/lcout" to break the combinatorial loop
Warning-1035: Removing timing arc from pin "b2v_inst11.un1_dutycycle_94_cry_7_s0_c_RNIK3UQ1_LC_456/in3" to pin "b2v_inst11.un1_dutycycle_94_cry_7_s0_c_RNIK3UQ1_LC_456/lcout" to break the combinatorial loop
Warning-1035: Removing timing arc from pin "b2v_inst11.un1_dutycycle_94_cry_6_s1_c_RNIJ03E_LC_454/in2" to pin "b2v_inst11.un1_dutycycle_94_cry_6_s1_c_RNIJ03E_LC_454/lcout" to break the combinatorial loop
Warning-1035: Removing timing arc from pin "b2v_inst11.un1_dutycycle_94_cry_0_s0_c_RNIP2B_LC_417/in2" to pin "b2v_inst11.un1_dutycycle_94_cry_0_s0_c_RNIP2B_LC_417/lcout" to break the combinatorial loop
Warning-1035: Removing timing arc from pin "b2v_inst11.un1_dutycycle_94_cry_3_s0_c_RNIFF3F_LC_441/in1" to pin "b2v_inst11.un1_dutycycle_94_cry_3_s0_c_RNIFF3F_LC_441/carryout" to break the combinatorial loop
Warning-1035: Removing timing arc from pin "b2v_inst11.un1_dutycycle_94_cry_5_s0_c_RNIHPN3_LC_450/in1" to pin "b2v_inst11.un1_dutycycle_94_cry_5_s0_c_RNIHPN3_LC_450/lcout" to break the combinatorial loop
Warning-1035: Removing timing arc from pin "b2v_inst11.func_state_RNI05F44[1]_LC_301/in2" to pin "b2v_inst11.func_state_RNI05F44[1]_LC_301/lcout" to break the combinatorial loop
Warning-1035: Removing timing arc from pin "b2v_inst11.func_state_RNI6IFF4_0[1]_LC_308/in2" to pin "b2v_inst11.func_state_RNI6IFF4_0[1]_LC_308/lcout" to break the combinatorial loop
Warning-1035: Removing timing arc from pin "b2v_inst11.func_state_RNII89R8[0]_LC_338/in2" to pin "b2v_inst11.func_state_RNII89R8[0]_LC_338/lcout" to break the combinatorial loop
Warning-1035: Removing timing arc from pin "b2v_inst11.func_state_RNII89R8[0]_LC_338/in1" to pin "b2v_inst11.func_state_RNII89R8[0]_LC_338/lcout" to break the combinatorial loop
Warning-1035: Removing timing arc from pin "b2v_inst11.func_state_RNITU8B9[0]_LC_349/in1" to pin "b2v_inst11.func_state_RNITU8B9[0]_LC_349/lcout" to break the combinatorial loop
Warning-1035: Removing timing arc from pin "b2v_inst11.dutycycle_RNI5AV24[13]_LC_128/in1" to pin "b2v_inst11.dutycycle_RNI5AV24[13]_LC_128/lcout" to break the combinatorial loop
Warning-1035: Removing timing arc from pin "b2v_inst11.dutycycle_RNI5AV24[2]_LC_131/in0" to pin "b2v_inst11.dutycycle_RNI5AV24[2]_LC_131/lcout" to break the combinatorial loop
Warning-1035: Removing timing arc from pin "b2v_inst11.dutycycle_RNI5AV24[4]_LC_132/in0" to pin "b2v_inst11.dutycycle_RNI5AV24[4]_LC_132/lcout" to break the combinatorial loop
Warning-1035: Removing timing arc from pin "b2v_inst11.count_clk_RNIG510T[7]_LC_54/in0" to pin "b2v_inst11.count_clk_RNIG510T[7]_LC_54/lcout" to break the combinatorial loop
Warning-1035: Removing timing arc from pin "b2v_inst11.count_off_RNI_0[1]_LC_89/in0" to pin "b2v_inst11.count_off_RNI_0[1]_LC_89/lcout" to break the combinatorial loop
Warning-1035: Removing timing arc from pin "b2v_inst11.count_off_RNI51J2V3[2]_LC_73/in2" to pin "b2v_inst11.count_off_RNI51J2V3[2]_LC_73/lcout" to break the combinatorial loop
Warning-1035: Removing timing arc from pin "b2v_inst11.count_off_RNI_1[1]_LC_92/in0" to pin "b2v_inst11.count_off_RNI_1[1]_LC_92/lcout" to break the combinatorial loop
Warning-1035: Removing timing arc from pin "b2v_inst11.un3_count_off_1_cry_2_c_RNIV362_LC_613/in1" to pin "b2v_inst11.un3_count_off_1_cry_2_c_RNIV362_LC_613/lcout" to break the combinatorial loop
Warning-1035: Removing timing arc from pin "b2v_inst11.un3_count_off_1_cry_3_c_RNI0672_LC_614/in1" to pin "b2v_inst11.un3_count_off_1_cry_3_c_RNI0672_LC_614/lcout" to break the combinatorial loop
Warning-1035: Removing timing arc from pin "b2v_inst11.count_off_RNI_0[1]_LC_89/in1" to pin "b2v_inst11.count_off_RNI_0[1]_LC_89/lcout" to break the combinatorial loop
Warning-1035: Removing timing arc from pin "b2v_inst11.un3_count_off_1_cry_4_c_RNI1882_LC_615/in1" to pin "b2v_inst11.un3_count_off_1_cry_4_c_RNI1882_LC_615/lcout" to break the combinatorial loop
Warning-1035: Removing timing arc from pin "b2v_inst11.count_off_RNI_0[1]_LC_89/in2" to pin "b2v_inst11.count_off_RNI_0[1]_LC_89/lcout" to break the combinatorial loop
Warning-1035: Removing timing arc from pin "b2v_inst11.un3_count_off_1_cry_5_c_RNI2A92_LC_616/in1" to pin "b2v_inst11.un3_count_off_1_cry_5_c_RNI2A92_LC_616/lcout" to break the combinatorial loop
Warning-1035: Removing timing arc from pin "b2v_inst11.un3_count_off_1_cry_6_c_RNI3CA2_LC_617/in1" to pin "b2v_inst11.un3_count_off_1_cry_6_c_RNI3CA2_LC_617/lcout" to break the combinatorial loop
Warning-1035: Removing timing arc from pin "b2v_inst11.un3_count_off_1_cry_7_c_RNI4EB2_LC_618/in1" to pin "b2v_inst11.un3_count_off_1_cry_7_c_RNI4EB2_LC_618/lcout" to break the combinatorial loop
Warning-1035: Removing timing arc from pin "b2v_inst11.count_off_RNI_1[1]_LC_92/in3" to pin "b2v_inst11.count_off_RNI_1[1]_LC_92/lcout" to break the combinatorial loop
Warning-1035: Removing timing arc from pin "b2v_inst11.un3_count_off_1_cry_8_c_RNI5GC2_LC_619/in1" to pin "b2v_inst11.un3_count_off_1_cry_8_c_RNI5GC2_LC_619/lcout" to break the combinatorial loop
Warning-1035: Removing timing arc from pin "b2v_inst11.un3_count_off_1_cry_9_c_RNI6ID2_LC_620/in1" to pin "b2v_inst11.un3_count_off_1_cry_9_c_RNI6ID2_LC_620/lcout" to break the combinatorial loop
Warning-1035: Removing timing arc from pin "b2v_inst11.un3_count_off_1_cry_10_c_RNIEVK5_LC_607/in1" to pin "b2v_inst11.un3_count_off_1_cry_10_c_RNIEVK5_LC_607/lcout" to break the combinatorial loop
Warning-1035: Removing timing arc from pin "b2v_inst11.un3_count_off_1_cry_11_c_RNIF1M5_LC_608/in1" to pin "b2v_inst11.un3_count_off_1_cry_11_c_RNIF1M5_LC_608/lcout" to break the combinatorial loop
Warning-1035: Removing timing arc from pin "b2v_inst11.count_off_RNI_1[1]_LC_92/in2" to pin "b2v_inst11.count_off_RNI_1[1]_LC_92/lcout" to break the combinatorial loop
Warning-1035: Removing timing arc from pin "b2v_inst11.un3_count_off_1_cry_12_c_RNIG3N5_LC_609/in1" to pin "b2v_inst11.un3_count_off_1_cry_12_c_RNIG3N5_LC_609/lcout" to break the combinatorial loop
Warning-1035: Removing timing arc from pin "b2v_inst11.un3_count_off_1_cry_13_c_RNIH5O5_LC_610/in1" to pin "b2v_inst11.un3_count_off_1_cry_13_c_RNIH5O5_LC_610/lcout" to break the combinatorial loop
Warning-1035: Removing timing arc from pin "b2v_inst11.un3_count_off_1_cry_14_c_RNII7P5_LC_611/in0" to pin "b2v_inst11.un3_count_off_1_cry_14_c_RNII7P5_LC_611/lcout" to break the combinatorial loop
Warning-1035: Removing timing arc from pin "b2v_inst11.count_off_RNI5TD0V3[0]_LC_75/in2" to pin "b2v_inst11.count_off_RNI5TD0V3[0]_LC_75/lcout" to break the combinatorial loop
Warning-1035: Removing timing arc from pin "b2v_inst11.count_off_RNI6UD0V3[1]_LC_76/in3" to pin "b2v_inst11.count_off_RNI6UD0V3[1]_LC_76/lcout" to break the combinatorial loop
Warning-1035: Removing timing arc from pin "b2v_inst11.count_clk_RNIJ9H9T[5]_LC_56/in2" to pin "b2v_inst11.count_clk_RNIJ9H9T[5]_LC_56/lcout" to break the combinatorial loop
Warning-1035: Removing timing arc from pin "b2v_inst11.count_off_RNI5TD0V3[0]_LC_75/in0" to pin "b2v_inst11.count_off_RNI5TD0V3[0]_LC_75/lcout" to break the combinatorial loop
Warning-1035: Removing timing arc from pin "b2v_inst11.count_off_RNI6UD0V3[1]_LC_76/in0" to pin "b2v_inst11.count_off_RNI6UD0V3[1]_LC_76/lcout" to break the combinatorial loop
Warning-1035: Removing timing arc from pin "b2v_inst11.count_clk_RNI10NQ5[3]_LC_31/in3" to pin "b2v_inst11.count_clk_RNI10NQ5[3]_LC_31/lcout" to break the combinatorial loop
Warning-1035: Removing timing arc from pin "b2v_inst11.count_clk_RNI10NQ5_0[3]_LC_29/in1" to pin "b2v_inst11.count_clk_RNI10NQ5_0[3]_LC_29/lcout" to break the combinatorial loop
Warning-1035: Removing timing arc from pin "b2v_inst11.count_clk_RNI0TCLB[2]_LC_28/in0" to pin "b2v_inst11.count_clk_RNI0TCLB[2]_LC_28/lcout" to break the combinatorial loop
Warning-1035: Removing timing arc from pin "b2v_inst11.un1_count_clk_2_cry_3_c_RNIU9O5_LC_378/in1" to pin "b2v_inst11.un1_count_clk_2_cry_3_c_RNIU9O5_LC_378/lcout" to break the combinatorial loop
Warning-1035: Removing timing arc from pin "b2v_inst11.un1_count_clk_2_cry_4_c_RNIVBP5_LC_379/in1" to pin "b2v_inst11.un1_count_clk_2_cry_4_c_RNIVBP5_LC_379/lcout" to break the combinatorial loop
Warning-1035: Removing timing arc from pin "b2v_inst11.count_clk_RNIG510T[7]_LC_54/in1" to pin "b2v_inst11.count_clk_RNIG510T[7]_LC_54/lcout" to break the combinatorial loop
Warning-1035: Removing timing arc from pin "b2v_inst11.un1_count_clk_2_cry_5_c_RNI0EQ5_LC_380/in1" to pin "b2v_inst11.un1_count_clk_2_cry_5_c_RNI0EQ5_LC_380/lcout" to break the combinatorial loop
Warning-1035: Removing timing arc from pin "b2v_inst11.count_clk_RNIG510T[7]_LC_54/in2" to pin "b2v_inst11.count_clk_RNIG510T[7]_LC_54/lcout" to break the combinatorial loop
Warning-1035: Removing timing arc from pin "b2v_inst11.un1_count_clk_2_cry_6_c_RNI1GR5_LC_381/in1" to pin "b2v_inst11.un1_count_clk_2_cry_6_c_RNI1GR5_LC_381/lcout" to break the combinatorial loop
Warning-1035: Removing timing arc from pin "b2v_inst11.count_clk_RNI0TCLB[2]_LC_28/in1" to pin "b2v_inst11.count_clk_RNI0TCLB[2]_LC_28/lcout" to break the combinatorial loop
Warning-1035: Removing timing arc from pin "b2v_inst11.un1_count_clk_2_cry_7_c_RNI2IS5_LC_382/in1" to pin "b2v_inst11.un1_count_clk_2_cry_7_c_RNI2IS5_LC_382/lcout" to break the combinatorial loop
Warning-1035: Removing timing arc from pin "b2v_inst11.un1_count_clk_2_cry_8_c_RNI3KT5_LC_383/in1" to pin "b2v_inst11.un1_count_clk_2_cry_8_c_RNI3KT5_LC_383/lcout" to break the combinatorial loop
Warning-1035: Removing timing arc from pin "b2v_inst11.un1_count_clk_2_cry_9_c_RNI4MU5_LC_384/in1" to pin "b2v_inst11.un1_count_clk_2_cry_9_c_RNI4MU5_LC_384/lcout" to break the combinatorial loop
Warning-1035: Removing timing arc from pin "b2v_inst11.un1_count_clk_2_cry_10_c_RNIC1AA_LC_370/in1" to pin "b2v_inst11.un1_count_clk_2_cry_10_c_RNIC1AA_LC_370/lcout" to break the combinatorial loop
Warning-1035: Removing timing arc from pin "b2v_inst11.un1_count_clk_2_cry_11_c_RNID3BA_LC_371/in1" to pin "b2v_inst11.un1_count_clk_2_cry_11_c_RNID3BA_LC_371/lcout" to break the combinatorial loop
Warning-1035: Removing timing arc from pin "b2v_inst11.un1_count_clk_2_cry_12_c_RNIE5CA_LC_372/in1" to pin "b2v_inst11.un1_count_clk_2_cry_12_c_RNIE5CA_LC_372/lcout" to break the combinatorial loop
Warning-1035: Removing timing arc from pin "b2v_inst11.un1_count_clk_2_cry_13_c_RNIF7DA_LC_373/in1" to pin "b2v_inst11.un1_count_clk_2_cry_13_c_RNIF7DA_LC_373/lcout" to break the combinatorial loop
Warning-1035: Removing timing arc from pin "b2v_inst11.un1_count_clk_2_cry_14_c_RNIG9EA_LC_374/in0" to pin "b2v_inst11.un1_count_clk_2_cry_14_c_RNIG9EA_LC_374/lcout" to break the combinatorial loop
Warning-1035: Removing timing arc from pin "b2v_inst11.count_clk_RNI10NQ5[3]_LC_31/in0" to pin "b2v_inst11.count_clk_RNI10NQ5[3]_LC_31/lcout" to break the combinatorial loop
Warning-1035: Removing timing arc from pin "b2v_inst11.count_clk_RNI1LVK5[0]_LC_34/in1" to pin "b2v_inst11.count_clk_RNI1LVK5[0]_LC_34/lcout" to break the combinatorial loop
Warning-1035: Removing timing arc from pin "b2v_inst11.count_clk_RNI[1]_LC_69/in0" to pin "b2v_inst11.count_clk_RNI[1]_LC_69/lcout" to break the combinatorial loop
Warning-1035: Removing timing arc from pin "b2v_inst11.count_clk_RNI0TCLB[2]_LC_28/in2" to pin "b2v_inst11.count_clk_RNI0TCLB[2]_LC_28/lcout" to break the combinatorial loop
Warning-1035: Removing timing arc from pin "b2v_inst11.un1_count_clk_2_cry_1_c_RNIS5M5_LC_375/in1" to pin "b2v_inst11.un1_count_clk_2_cry_1_c_RNIS5M5_LC_375/lcout" to break the combinatorial loop
Warning-1035: Removing timing arc from pin "b2v_inst11.dutycycle_RNIR0IIA[0]_LC_173/in3" to pin "b2v_inst11.dutycycle_RNIR0IIA[0]_LC_173/lcout" to break the combinatorial loop
Warning-1035: Removing timing arc from pin "b2v_inst11.dutycycle_RNI_0[0]_LC_179/in2" to pin "b2v_inst11.dutycycle_RNI_0[0]_LC_179/lcout" to break the combinatorial loop
Warning-1035: Removing timing arc from pin "b2v_inst11.dutycycle_RNI_7[0]_LC_284/in1" to pin "b2v_inst11.dutycycle_RNI_7[0]_LC_284/lcout" to break the combinatorial loop
Warning-1035: Removing timing arc from pin "b2v_inst11.dutycycle_RNI_8[0]_LC_293/in3" to pin "b2v_inst11.dutycycle_RNI_8[0]_LC_293/lcout" to break the combinatorial loop
Warning-1035: Removing timing arc from pin "b2v_inst11.func_state_RNIDQ4A1[0]_LC_323/in3" to pin "b2v_inst11.func_state_RNIDQ4A1[0]_LC_323/lcout" to break the combinatorial loop
Warning-1035: Removing timing arc from pin "b2v_inst11.dutycycle_RNI[2]_LC_225/in0" to pin "b2v_inst11.dutycycle_RNI[2]_LC_225/lcout" to break the combinatorial loop
Warning-1035: Removing timing arc from pin "b2v_inst11.dutycycle_RNI_6[2]_LC_279/in0" to pin "b2v_inst11.dutycycle_RNI_6[2]_LC_279/lcout" to break the combinatorial loop
Warning-1035: Removing timing arc from pin "b2v_inst11.func_state_RNI5DLR[1]_LC_307/in2" to pin "b2v_inst11.func_state_RNI5DLR[1]_LC_307/lcout" to break the combinatorial loop
Warning-1035: Removing timing arc from pin "b2v_inst11.func_state_RNIDQ4A1_0[1]_LC_325/in0" to pin "b2v_inst11.func_state_RNIDQ4A1_0[1]_LC_325/lcout" to break the combinatorial loop
Warning-1035: Removing timing arc from pin "b2v_inst11.func_state_RNIDQ4A1_0[1]_LC_325/in2" to pin "b2v_inst11.func_state_RNIDQ4A1_0[1]_LC_325/lcout" to break the combinatorial loop
Warning-1035: Removing timing arc from pin "b2v_inst11.func_state_RNIQK9K2[1]_LC_347/in2" to pin "b2v_inst11.func_state_RNIQK9K2[1]_LC_347/lcout" to break the combinatorial loop
Warning-1035: Removing timing arc from pin "b2v_inst11.dutycycle_RNI_13[0]_LC_204/in0" to pin "b2v_inst11.dutycycle_RNI_13[0]_LC_204/lcout" to break the combinatorial loop
Warning-1035: Removing timing arc from pin "b2v_inst11.func_state_RNIQK9K2[1]_LC_347/in0" to pin "b2v_inst11.func_state_RNIQK9K2[1]_LC_347/lcout" to break the combinatorial loop
Warning-1035: Removing timing arc from pin "b2v_inst11.un1_dutycycle_94_cry_4_s0_c_RNIGKD9_LC_446/in1" to pin "b2v_inst11.un1_dutycycle_94_cry_4_s0_c_RNIGKD9_LC_446/carryout" to break the combinatorial loop
Warning-1035: Removing timing arc from pin "b2v_inst11.dutycycle_RNI_13[0]_LC_204/in2" to pin "b2v_inst11.dutycycle_RNI_13[0]_LC_204/lcout" to break the combinatorial loop
Warning-1035: Removing timing arc from pin "b2v_inst11.func_state_RNIQK9K2[1]_LC_347/in1" to pin "b2v_inst11.func_state_RNIQK9K2[1]_LC_347/lcout" to break the combinatorial loop
Warning-1035: Removing timing arc from pin "b2v_inst11.un1_dutycycle_94_cry_5_s0_c_RNI3QVB4_LC_448/in0" to pin "b2v_inst11.un1_dutycycle_94_cry_5_s0_c_RNI3QVB4_LC_448/lcout" to break the combinatorial loop
Warning-1035: Removing timing arc from pin "b2v_inst11.count_clk_RNIJ9H9T[5]_LC_56/in1" to pin "b2v_inst11.count_clk_RNIJ9H9T[5]_LC_56/lcout" to break the combinatorial loop
Warning-1035: Removing timing arc from pin "b2v_inst11.func_state_RNIDQ4A1_0[1]_LC_325/in1" to pin "b2v_inst11.func_state_RNIDQ4A1_0[1]_LC_325/lcout" to break the combinatorial loop
Warning-1035: Removing timing arc from pin "b2v_inst11.dutycycle_RNI5AV24[2]_LC_131/in2" to pin "b2v_inst11.dutycycle_RNI5AV24[2]_LC_131/lcout" to break the combinatorial loop
Warning-1035: Removing timing arc from pin "b2v_inst11.dutycycle_RNICO933[12]_LC_141/in1" to pin "b2v_inst11.dutycycle_RNICO933[12]_LC_141/lcout" to break the combinatorial loop
Warning-1035: Removing timing arc from pin "b2v_inst11.dutycycle_RNI5AV24[13]_LC_128/in3" to pin "b2v_inst11.dutycycle_RNI5AV24[13]_LC_128/lcout" to break the combinatorial loop
Warning-1035: Removing timing arc from pin "b2v_inst11.dutycycle_RNIDSSV8[13]_LC_147/in1" to pin "b2v_inst11.dutycycle_RNIDSSV8[13]_LC_147/lcout" to break the combinatorial loop
Warning-1035: Removing timing arc from pin "b2v_inst11.un1_dutycycle_94_cry_5_s0_c_RNIGFLH1_LC_449/in0" to pin "b2v_inst11.un1_dutycycle_94_cry_5_s0_c_RNIGFLH1_LC_449/lcout" to break the combinatorial loop
Warning-1035: Removing timing arc from pin "b2v_inst11.dutycycle_RNI5AV24[4]_LC_132/in3" to pin "b2v_inst11.dutycycle_RNI5AV24[4]_LC_132/lcout" to break the combinatorial loop
Warning-1035: Removing timing arc from pin "b2v_inst11.func_state_RNIOM65U[1]_LC_346/in1" to pin "b2v_inst11.func_state_RNIOM65U[1]_LC_346/lcout" to break the combinatorial loop
Warning-1035: Removing timing arc from pin "b2v_inst11.func_state_RNIIGCET1[1]_LC_339/in1" to pin "b2v_inst11.func_state_RNIIGCET1[1]_LC_339/lcout" to break the combinatorial loop
Warning-1035: Removing timing arc from pin "b2v_inst11.un1_dutycycle_94_cry_5_s0_c_RNIHPN3_LC_450/in2" to pin "b2v_inst11.un1_dutycycle_94_cry_5_s0_c_RNIHPN3_LC_450/lcout" to break the combinatorial loop
Warning-1035: Removing timing arc from pin "b2v_inst11.dutycycle_RNIOMFH6[13]_LC_165/in3" to pin "b2v_inst11.dutycycle_RNIOMFH6[13]_LC_165/lcout" to break the combinatorial loop
Warning-1035: Removing timing arc from pin "b2v_inst11.dutycycle_RNI_7[0]_LC_284/in2" to pin "b2v_inst11.dutycycle_RNI_7[0]_LC_284/lcout" to break the combinatorial loop
Warning-1035: Removing timing arc from pin "b2v_inst11.func_state_RNIOM65U[1]_LC_346/in2" to pin "b2v_inst11.func_state_RNIOM65U[1]_LC_346/lcout" to break the combinatorial loop
Warning-1035: Removing timing arc from pin "b2v_inst11.count_off_RNI[1]_LC_90/in1" to pin "b2v_inst11.count_off_RNI[1]_LC_90/lcout" to break the combinatorial loop
Warning-1035: Removing timing arc from pin "b2v_inst16.count_RNIE4RF_0[1]_LC_661/in1" to pin "b2v_inst16.count_RNIE4RF_0[1]_LC_661/lcout" to break the combinatorial loop
Warning-1035: Removing timing arc from pin "b2v_inst16.count_RNIE4RF_0[1]_LC_661/in0" to pin "b2v_inst16.count_RNIE4RF_0[1]_LC_661/lcout" to break the combinatorial loop
Warning-1035: Removing timing arc from pin "b2v_inst16.count_RNIE4RF[1]_LC_662/in3" to pin "b2v_inst16.count_RNIE4RF[1]_LC_662/lcout" to break the combinatorial loop
Warning-1035: Removing timing arc from pin "b2v_inst16.count_RNIE4RF_2[1]_LC_664/in3" to pin "b2v_inst16.count_RNIE4RF_2[1]_LC_664/lcout" to break the combinatorial loop
Warning-1035: Removing timing arc from pin "b2v_inst16.count_RNI[0]_LC_675/in1" to pin "b2v_inst16.count_RNI[0]_LC_675/lcout" to break the combinatorial loop
Warning-1035: Removing timing arc from pin "b2v_inst16.count_RNI_0[0]_LC_676/in2" to pin "b2v_inst16.count_RNI_0[0]_LC_676/lcout" to break the combinatorial loop
Warning-1035: Removing timing arc from pin "b2v_inst16.count_RNIE4RF_3[1]_LC_665/in2" to pin "b2v_inst16.count_RNIE4RF_3[1]_LC_665/lcout" to break the combinatorial loop
Warning-1035: Removing timing arc from pin "b2v_inst16.un4_count_1_cry_1_c_RNIAGME_LC_700/in1" to pin "b2v_inst16.un4_count_1_cry_1_c_RNIAGME_LC_700/lcout" to break the combinatorial loop
Warning-1035: Removing timing arc from pin "b2v_inst16.count_RNIE4RF_3[1]_LC_665/in1" to pin "b2v_inst16.count_RNIE4RF_3[1]_LC_665/lcout" to break the combinatorial loop
Warning-1035: Removing timing arc from pin "b2v_inst16.un4_count_1_cry_2_c_RNIBINE_LC_701/in0" to pin "b2v_inst16.un4_count_1_cry_2_c_RNIBINE_LC_701/lcout" to break the combinatorial loop
Warning-1035: Removing timing arc from pin "b2v_inst16.un4_count_1_cry_2_THRU_LUT4_0_LC_1134/in1" to pin "b2v_inst16.un4_count_1_cry_2_THRU_LUT4_0_LC_1134/lcout" to break the combinatorial loop
Warning-1035: Removing timing arc from pin "b2v_inst16.un4_count_1_cry_3_c_RNICKOE_LC_702/in0" to pin "b2v_inst16.un4_count_1_cry_3_c_RNICKOE_LC_702/lcout" to break the combinatorial loop
Warning-1035: Removing timing arc from pin "b2v_inst16.un4_count_1_cry_3_THRU_LUT4_0_LC_1135/in1" to pin "b2v_inst16.un4_count_1_cry_3_THRU_LUT4_0_LC_1135/lcout" to break the combinatorial loop
Warning-1035: Removing timing arc from pin "b2v_inst16.un4_count_1_cry_4_c_RNIDMPE_LC_703/in0" to pin "b2v_inst16.un4_count_1_cry_4_c_RNIDMPE_LC_703/lcout" to break the combinatorial loop
Warning-1035: Removing timing arc from pin "b2v_inst16.un4_count_1_cry_4_THRU_LUT4_0_LC_1136/in1" to pin "b2v_inst16.un4_count_1_cry_4_THRU_LUT4_0_LC_1136/lcout" to break the combinatorial loop
Warning-1035: Removing timing arc from pin "b2v_inst16.un4_count_1_cry_5_c_RNIEOQE_LC_704/in1" to pin "b2v_inst16.un4_count_1_cry_5_c_RNIEOQE_LC_704/lcout" to break the combinatorial loop
Warning-1035: Removing timing arc from pin "b2v_inst16.un4_count_1_cry_6_c_RNIFQRE_LC_705/in0" to pin "b2v_inst16.un4_count_1_cry_6_c_RNIFQRE_LC_705/lcout" to break the combinatorial loop
Warning-1035: Removing timing arc from pin "b2v_inst16.un4_count_1_cry_6_THRU_LUT4_0_LC_1137/in1" to pin "b2v_inst16.un4_count_1_cry_6_THRU_LUT4_0_LC_1137/lcout" to break the combinatorial loop
Warning-1035: Removing timing arc from pin "b2v_inst16.count_RNIE4RF_3[1]_LC_665/in3" to pin "b2v_inst16.count_RNIE4RF_3[1]_LC_665/lcout" to break the combinatorial loop
Warning-1035: Removing timing arc from pin "b2v_inst16.un4_count_1_cry_7_c_RNIGSSE_LC_706/in0" to pin "b2v_inst16.un4_count_1_cry_7_c_RNIGSSE_LC_706/lcout" to break the combinatorial loop
Warning-1035: Removing timing arc from pin "b2v_inst16.un4_count_1_cry_7_THRU_LUT4_0_LC_1138/in1" to pin "b2v_inst16.un4_count_1_cry_7_THRU_LUT4_0_LC_1138/lcout" to break the combinatorial loop
Warning-1035: Removing timing arc from pin "b2v_inst16.count_RNIE4RF_1[1]_LC_663/in2" to pin "b2v_inst16.count_RNIE4RF_1[1]_LC_663/lcout" to break the combinatorial loop
Warning-1035: Removing timing arc from pin "b2v_inst16.un4_count_1_cry_8_c_RNIHUTE_LC_707/in0" to pin "b2v_inst16.un4_count_1_cry_8_c_RNIHUTE_LC_707/lcout" to break the combinatorial loop
Warning-1035: Removing timing arc from pin "b2v_inst16.un4_count_1_cry_8_THRU_LUT4_0_LC_1139/in1" to pin "b2v_inst16.un4_count_1_cry_8_THRU_LUT4_0_LC_1139/lcout" to break the combinatorial loop
Warning-1035: Removing timing arc from pin "b2v_inst16.un4_count_1_cry_9_c_RNII0VE_LC_708/in1" to pin "b2v_inst16.un4_count_1_cry_9_c_RNII0VE_LC_708/lcout" to break the combinatorial loop
Warning-1035: Removing timing arc from pin "b2v_inst16.count_RNIE4RF_1[1]_LC_663/in0" to pin "b2v_inst16.count_RNIE4RF_1[1]_LC_663/lcout" to break the combinatorial loop
Warning-1035: Removing timing arc from pin "b2v_inst16.un4_count_1_cry_10_c_RNIQPK3_LC_695/in0" to pin "b2v_inst16.un4_count_1_cry_10_c_RNIQPK3_LC_695/lcout" to break the combinatorial loop
Warning-1035: Removing timing arc from pin "b2v_inst16.un4_count_1_cry_10_THRU_LUT4_0_LC_1133/in1" to pin "b2v_inst16.un4_count_1_cry_10_THRU_LUT4_0_LC_1133/lcout" to break the combinatorial loop
Warning-1035: Removing timing arc from pin "b2v_inst16.un4_count_1_cry_11_c_RNIRRL3_LC_696/in1" to pin "b2v_inst16.un4_count_1_cry_11_c_RNIRRL3_LC_696/lcout" to break the combinatorial loop
Warning-1035: Removing timing arc from pin "b2v_inst16.un4_count_1_cry_12_c_RNISTM3_LC_697/in1" to pin "b2v_inst16.un4_count_1_cry_12_c_RNISTM3_LC_697/lcout" to break the combinatorial loop
Warning-1035: Removing timing arc from pin "b2v_inst16.un4_count_1_cry_13_c_RNITVN3_LC_698/in1" to pin "b2v_inst16.un4_count_1_cry_13_c_RNITVN3_LC_698/lcout" to break the combinatorial loop
Warning-1035: Removing timing arc from pin "b2v_inst16.un4_count_1_cry_14_c_RNIU1P3_LC_699/in0" to pin "b2v_inst16.un4_count_1_cry_14_c_RNIU1P3_LC_699/lcout" to break the combinatorial loop
Warning-1035: Removing timing arc from pin "b2v_inst16.count_RNIE4RF_0[1]_LC_661/in3" to pin "b2v_inst16.count_RNIE4RF_0[1]_LC_661/lcout" to break the combinatorial loop
Warning-1035: Removing timing arc from pin "b2v_inst16.count_RNIE4RF[1]_LC_662/in0" to pin "b2v_inst16.count_RNIE4RF[1]_LC_662/lcout" to break the combinatorial loop
Warning-1035: Removing timing arc from pin "b2v_inst16.curr_state_RNIBO6I1_1[0]_LC_686/in1" to pin "b2v_inst16.curr_state_RNIBO6I1_1[0]_LC_686/lcout" to break the combinatorial loop
Warning-1035: Removing timing arc from pin "b2v_inst5.count_RNIL9B73[0]_LC_883/in0" to pin "b2v_inst5.count_RNIL9B73[0]_LC_883/lcout" to break the combinatorial loop
Warning-1035: Removing timing arc from pin "b2v_inst5.count_RNI870S9[8]_LC_871/in3" to pin "b2v_inst5.count_RNI870S9[8]_LC_871/lcout" to break the combinatorial loop
Warning-1035: Removing timing arc from pin "b2v_inst5.count_RNI870S9[8]_LC_871/in2" to pin "b2v_inst5.count_RNI870S9[8]_LC_871/lcout" to break the combinatorial loop
Warning-1035: Removing timing arc from pin "b2v_inst5.un2_count_1_cry_0_c_RNILCP9_LC_911/in1" to pin "b2v_inst5.un2_count_1_cry_0_c_RNILCP9_LC_911/lcout" to break the combinatorial loop
Warning-1035: Removing timing arc from pin "b2v_inst5.un2_count_1_cry_1_c_RNIMEQ9_LC_918/in1" to pin "b2v_inst5.un2_count_1_cry_1_c_RNIMEQ9_LC_918/lcout" to break the combinatorial loop
Warning-1035: Removing timing arc from pin "b2v_inst5.un2_count_1_cry_2_c_RNINGR9_LC_919/in1" to pin "b2v_inst5.un2_count_1_cry_2_c_RNINGR9_LC_919/lcout" to break the combinatorial loop
Warning-1035: Removing timing arc from pin "b2v_inst5.count_RNI870S9[8]_LC_871/in0" to pin "b2v_inst5.count_RNI870S9[8]_LC_871/lcout" to break the combinatorial loop
Warning-1035: Removing timing arc from pin "b2v_inst5.un2_count_1_cry_3_c_RNIN23K1_LC_920/in0" to pin "b2v_inst5.un2_count_1_cry_3_c_RNIN23K1_LC_920/lcout" to break the combinatorial loop
Warning-1035: Removing timing arc from pin "b2v_inst5.un2_count_1_cry_3_THRU_LUT4_0_LC_1154/in1" to pin "b2v_inst5.un2_count_1_cry_3_THRU_LUT4_0_LC_1154/lcout" to break the combinatorial loop
Warning-1035: Removing timing arc from pin "b2v_inst5.un2_count_1_cry_4_c_RNIPKT9_LC_921/in1" to pin "b2v_inst5.un2_count_1_cry_4_c_RNIPKT9_LC_921/lcout" to break the combinatorial loop
Warning-1035: Removing timing arc from pin "b2v_inst5.un2_count_1_cry_5_c_RNIQMU9_LC_922/in1" to pin "b2v_inst5.un2_count_1_cry_5_c_RNIQMU9_LC_922/lcout" to break the combinatorial loop
Warning-1035: Removing timing arc from pin "b2v_inst5.un2_count_1_cry_6_c_RNIROV9_LC_923/in1" to pin "b2v_inst5.un2_count_1_cry_6_c_RNIROV9_LC_923/lcout" to break the combinatorial loop
Warning-1035: Removing timing arc from pin "b2v_inst5.un2_count_1_cry_7_c_RNIPCCH3_LC_924/in0" to pin "b2v_inst5.un2_count_1_cry_7_c_RNIPCCH3_LC_924/lcout" to break the combinatorial loop
Warning-1035: Removing timing arc from pin "b2v_inst5.un2_count_1_cry_7_THRU_LUT4_0_LC_1155/in1" to pin "b2v_inst5.un2_count_1_cry_7_THRU_LUT4_0_LC_1155/lcout" to break the combinatorial loop
Warning-1035: Removing timing arc from pin "b2v_inst5.count_RNI7BCA2_0[10]_LC_869/in1" to pin "b2v_inst5.count_RNI7BCA2_0[10]_LC_869/lcout" to break the combinatorial loop
Warning-1035: Removing timing arc from pin "b2v_inst5.un2_count_1_cry_8_c_RNISC8K1_LC_925/in0" to pin "b2v_inst5.un2_count_1_cry_8_c_RNISC8K1_LC_925/lcout" to break the combinatorial loop
Warning-1035: Removing timing arc from pin "b2v_inst5.un2_count_1_cry_8_THRU_LUT4_0_LC_1156/in1" to pin "b2v_inst5.un2_count_1_cry_8_THRU_LUT4_0_LC_1156/lcout" to break the combinatorial loop
Warning-1035: Removing timing arc from pin "b2v_inst5.count_RNI7BCA2_0[10]_LC_869/in3" to pin "b2v_inst5.count_RNI7BCA2_0[10]_LC_869/lcout" to break the combinatorial loop
Warning-1035: Removing timing arc from pin "b2v_inst5.un2_count_1_cry_9_c_RNI4QLU3_LC_926/in0" to pin "b2v_inst5.un2_count_1_cry_9_c_RNI4QLU3_LC_926/lcout" to break the combinatorial loop
Warning-1035: Removing timing arc from pin "b2v_inst5.un2_count_1_cry_9_THRU_LUT4_0_LC_1157/in1" to pin "b2v_inst5.un2_count_1_cry_9_THRU_LUT4_0_LC_1157/lcout" to break the combinatorial loop
Warning-1035: Removing timing arc from pin "b2v_inst5.un2_count_1_cry_10_c_RNI5KTC1_LC_913/in1" to pin "b2v_inst5.un2_count_1_cry_10_c_RNI5KTC1_LC_913/lcout" to break the combinatorial loop
Warning-1035: Removing timing arc from pin "b2v_inst5.un2_count_1_cry_11_c_RNI76O2_LC_914/in1" to pin "b2v_inst5.un2_count_1_cry_11_c_RNI76O2_LC_914/lcout" to break the combinatorial loop
Warning-1035: Removing timing arc from pin "b2v_inst5.un2_count_1_cry_12_c_RNI7OVC1_LC_915/in0" to pin "b2v_inst5.un2_count_1_cry_12_c_RNI7OVC1_LC_915/lcout" to break the combinatorial loop
Warning-1035: Removing timing arc from pin "b2v_inst5.un2_count_1_cry_12_THRU_LUT4_0_LC_1153/in1" to pin "b2v_inst5.un2_count_1_cry_12_THRU_LUT4_0_LC_1153/lcout" to break the combinatorial loop
Warning-1035: Removing timing arc from pin "b2v_inst5.un2_count_1_cry_13_c_RNI9AQ2_LC_916/in1" to pin "b2v_inst5.un2_count_1_cry_13_c_RNI9AQ2_LC_916/lcout" to break the combinatorial loop
Warning-1035: Removing timing arc from pin "b2v_inst5.un2_count_1_cry_14_c_RNI9S1D1_LC_917/in0" to pin "b2v_inst5.un2_count_1_cry_14_c_RNI9S1D1_LC_917/lcout" to break the combinatorial loop
Warning-1035: Removing timing arc from pin "b2v_inst5.curr_state_7_1_0_.m4_0_a2_LC_902/in1" to pin "b2v_inst5.curr_state_7_1_0_.m4_0_a2_LC_902/lcout" to break the combinatorial loop
Warning-1035: Removing timing arc from pin "b2v_inst5.curr_state_7_1_0_.m6_i_LC_903/in0" to pin "b2v_inst5.curr_state_7_1_0_.m6_i_LC_903/lcout" to break the combinatorial loop
Warning-1035: Removing timing arc from pin "b2v_inst200.curr_state_13_2_0_.m11_0_LC_787/in3" to pin "b2v_inst200.curr_state_13_2_0_.m11_0_LC_787/lcout" to break the combinatorial loop
Warning-1035: Removing timing arc from pin "b2v_inst200.count_RNIOAVU1[1]_LC_780/in1" to pin "b2v_inst200.count_RNIOAVU1[1]_LC_780/lcout" to break the combinatorial loop
Warning-1035: Removing timing arc from pin "b2v_inst200.count_RNI[0]_LC_783/in1" to pin "b2v_inst200.count_RNI[0]_LC_783/lcout" to break the combinatorial loop
Warning-1035: Removing timing arc from pin "b2v_inst200.count_RNIOAVU1[1]_LC_780/in3" to pin "b2v_inst200.count_RNIOAVU1[1]_LC_780/lcout" to break the combinatorial loop
Warning-1035: Removing timing arc from pin "b2v_inst200.count_RNI[1]_LC_784/in1" to pin "b2v_inst200.count_RNI[1]_LC_784/lcout" to break the combinatorial loop
Warning-1035: Removing timing arc from pin "b2v_inst200.un2_count_1_cry_1_c_RNIJNSD_LC_805/in1" to pin "b2v_inst200.un2_count_1_cry_1_c_RNIJNSD_LC_805/lcout" to break the combinatorial loop
Warning-1035: Removing timing arc from pin "b2v_inst200.count_RNI5RUP8[8]_LC_764/in3" to pin "b2v_inst200.count_RNI5RUP8[8]_LC_764/lcout" to break the combinatorial loop
Warning-1035: Removing timing arc from pin "b2v_inst200.un2_count_1_cry_2_c_RNIKPTD_LC_806/in1" to pin "b2v_inst200.un2_count_1_cry_2_c_RNIKPTD_LC_806/lcout" to break the combinatorial loop
Warning-1035: Removing timing arc from pin "b2v_inst200.un2_count_1_cry_3_c_RNILRUD_LC_807/in1" to pin "b2v_inst200.un2_count_1_cry_3_c_RNILRUD_LC_807/lcout" to break the combinatorial loop
Warning-1035: Removing timing arc from pin "b2v_inst200.un2_count_1_cry_4_c_RNIMTVD_LC_808/in1" to pin "b2v_inst200.un2_count_1_cry_4_c_RNIMTVD_LC_808/lcout" to break the combinatorial loop
Warning-1035: Removing timing arc from pin "b2v_inst200.count_RNI5RUP8[8]_LC_764/in0" to pin "b2v_inst200.count_RNI5RUP8[8]_LC_764/lcout" to break the combinatorial loop
Warning-1035: Removing timing arc from pin "b2v_inst200.un2_count_1_cry_5_c_RNINV0E_LC_809/in1" to pin "b2v_inst200.un2_count_1_cry_5_c_RNINV0E_LC_809/lcout" to break the combinatorial loop
Warning-1035: Removing timing arc from pin "b2v_inst200.un2_count_1_cry_6_c_RNIO12E_LC_810/in1" to pin "b2v_inst200.un2_count_1_cry_6_c_RNIO12E_LC_810/lcout" to break the combinatorial loop
Warning-1035: Removing timing arc from pin "b2v_inst200.count_RNI5RUP8[8]_LC_764/in1" to pin "b2v_inst200.count_RNI5RUP8[8]_LC_764/lcout" to break the combinatorial loop
Warning-1035: Removing timing arc from pin "b2v_inst200.un2_count_1_cry_7_c_RNIP33E_LC_811/in1" to pin "b2v_inst200.un2_count_1_cry_7_c_RNIP33E_LC_811/lcout" to break the combinatorial loop
Warning-1035: Removing timing arc from pin "b2v_inst200.un2_count_1_cry_8_c_RNIQ54E_LC_812/in1" to pin "b2v_inst200.un2_count_1_cry_8_c_RNIQ54E_LC_812/lcout" to break the combinatorial loop
Warning-1035: Removing timing arc from pin "b2v_inst200.un2_count_1_cry_9_c_RNIR75E_LC_813/in1" to pin "b2v_inst200.un2_count_1_cry_9_c_RNIR75E_LC_813/lcout" to break the combinatorial loop
Warning-1035: Removing timing arc from pin "b2v_inst200.count_RNI1QM71[11]_LC_754/in1" to pin "b2v_inst200.count_RNI1QM71[11]_LC_754/lcout" to break the combinatorial loop
Warning-1035: Removing timing arc from pin "b2v_inst200.un2_count_1_cry_11_c_RNI4C39_LC_799/in1" to pin "b2v_inst200.un2_count_1_cry_11_c_RNI4C39_LC_799/lcout" to break the combinatorial loop
Warning-1035: Removing timing arc from pin "b2v_inst200.un2_count_1_cry_12_c_RNI5E49_LC_800/in1" to pin "b2v_inst200.un2_count_1_cry_12_c_RNI5E49_LC_800/lcout" to break the combinatorial loop
Warning-1035: Removing timing arc from pin "b2v_inst200.un2_count_1_cry_13_c_RNI6G59_LC_801/in1" to pin "b2v_inst200.un2_count_1_cry_13_c_RNI6G59_LC_801/lcout" to break the combinatorial loop
Warning-1035: Removing timing arc from pin "b2v_inst200.un2_count_1_cry_14_c_RNI96R71_LC_802/in1" to pin "b2v_inst200.un2_count_1_cry_14_c_RNI96R71_LC_802/lcout" to break the combinatorial loop
Warning-1035: Removing timing arc from pin "b2v_inst200.count_RNIOAVU1[1]_LC_780/in2" to pin "b2v_inst200.count_RNIOAVU1[1]_LC_780/lcout" to break the combinatorial loop
Warning-1035: Removing timing arc from pin "b2v_inst200.un2_count_1_cry_15_c_RNI8K79_LC_803/in1" to pin "b2v_inst200.un2_count_1_cry_15_c_RNI8K79_LC_803/lcout" to break the combinatorial loop
Warning-1035: Removing timing arc from pin "b2v_inst200.un2_count_1_cry_16_c_RNI9M89_LC_804/in0" to pin "b2v_inst200.un2_count_1_cry_16_c_RNI9M89_LC_804/lcout" to break the combinatorial loop
Warning-1035: Removing timing arc from pin "b2v_inst200.curr_state_13_2_0_.m6_i_0_LC_791/in2" to pin "b2v_inst200.curr_state_13_2_0_.m6_i_0_LC_791/lcout" to break the combinatorial loop
Warning-1035: Removing timing arc from pin "b2v_inst200.curr_state_13_2_0_.m8_i_LC_792/in2" to pin "b2v_inst200.curr_state_13_2_0_.m8_i_LC_792/lcout" to break the combinatorial loop
Warning-1035: Removing timing arc from pin "b2v_inst200.curr_state_13_2_0_.m11_0_a2_0_LC_788/in0" to pin "b2v_inst200.curr_state_13_2_0_.m11_0_a2_0_LC_788/lcout" to break the combinatorial loop
Warning-1035: Removing timing arc from pin "b2v_inst200.curr_state_13_2_0_.m6_i_LC_790/in0" to pin "b2v_inst200.curr_state_13_2_0_.m6_i_LC_790/lcout" to break the combinatorial loop
Warning-1035: Removing timing arc from pin "b2v_inst200.curr_state_13_2_0_.m6_i_LC_790/in1" to pin "b2v_inst200.curr_state_13_2_0_.m6_i_LC_790/lcout" to break the combinatorial loop
Warning-1035: Removing timing arc from pin "b2v_inst200.curr_state_13_2_0_.m6_i_0_LC_791/in3" to pin "b2v_inst200.curr_state_13_2_0_.m6_i_0_LC_791/lcout" to break the combinatorial loop
Warning-1035: Removing timing arc from pin "b2v_inst6.count_RNIANDN72[2]_LC_936/in3" to pin "b2v_inst6.count_RNIANDN72[2]_LC_936/lcout" to break the combinatorial loop
Warning-1035: Removing timing arc from pin "b2v_inst6.count_RNICV5H1[1]_LC_940/in0" to pin "b2v_inst6.count_RNICV5H1[1]_LC_940/lcout" to break the combinatorial loop
Warning-1035: Removing timing arc from pin "b2v_inst6.un2_count_1_cry_1_c_RNIN2P3_LC_989/in1" to pin "b2v_inst6.un2_count_1_cry_1_c_RNIN2P3_LC_989/lcout" to break the combinatorial loop
Warning-1035: Removing timing arc from pin "b2v_inst6.un2_count_1_cry_2_c_RNI440L1_LC_990/in0" to pin "b2v_inst6.un2_count_1_cry_2_c_RNI440L1_LC_990/lcout" to break the combinatorial loop
Warning-1035: Removing timing arc from pin "b2v_inst6.un2_count_1_cry_2_THRU_LUT4_0_LC_1159/in1" to pin "b2v_inst6.un2_count_1_cry_2_THRU_LUT4_0_LC_1159/lcout" to break the combinatorial loop
Warning-1035: Removing timing arc from pin "b2v_inst6.un2_count_1_cry_3_c_RNI561L1_LC_991/in0" to pin "b2v_inst6.un2_count_1_cry_3_c_RNI561L1_LC_991/lcout" to break the combinatorial loop
Warning-1035: Removing timing arc from pin "b2v_inst6.un2_count_1_cry_3_THRU_LUT4_0_LC_1160/in1" to pin "b2v_inst6.un2_count_1_cry_3_THRU_LUT4_0_LC_1160/lcout" to break the combinatorial loop
Warning-1035: Removing timing arc from pin "b2v_inst6.un2_count_1_cry_4_c_RNI682L1_LC_992/in0" to pin "b2v_inst6.un2_count_1_cry_4_c_RNI682L1_LC_992/lcout" to break the combinatorial loop
Warning-1035: Removing timing arc from pin "b2v_inst6.un2_count_1_cry_4_THRU_LUT4_0_LC_1161/in1" to pin "b2v_inst6.un2_count_1_cry_4_THRU_LUT4_0_LC_1161/lcout" to break the combinatorial loop
Warning-1035: Removing timing arc from pin "b2v_inst6.count_RNI0P8PG[12]_LC_929/in1" to pin "b2v_inst6.count_RNI0P8PG[12]_LC_929/lcout" to break the combinatorial loop
Warning-1035: Removing timing arc from pin "b2v_inst6.un2_count_1_cry_5_c_RNIRAT3_LC_993/in1" to pin "b2v_inst6.un2_count_1_cry_5_c_RNIRAT3_LC_993/lcout" to break the combinatorial loop
Warning-1035: Removing timing arc from pin "b2v_inst6.un2_count_1_cry_6_c_RNI8C4L1_LC_994/in0" to pin "b2v_inst6.un2_count_1_cry_6_c_RNI8C4L1_LC_994/lcout" to break the combinatorial loop
Warning-1035: Removing timing arc from pin "b2v_inst6.un2_count_1_cry_6_THRU_LUT4_0_LC_1162/in1" to pin "b2v_inst6.un2_count_1_cry_6_THRU_LUT4_0_LC_1162/lcout" to break the combinatorial loop
Warning-1035: Removing timing arc from pin "b2v_inst6.un2_count_1_cry_7_c_RNI9E5L1_LC_995/in0" to pin "b2v_inst6.un2_count_1_cry_7_c_RNI9E5L1_LC_995/lcout" to break the combinatorial loop
Warning-1035: Removing timing arc from pin "b2v_inst6.un2_count_1_cry_7_THRU_LUT4_0_LC_1163/in1" to pin "b2v_inst6.un2_count_1_cry_7_THRU_LUT4_0_LC_1163/lcout" to break the combinatorial loop
Warning-1035: Removing timing arc from pin "b2v_inst6.un2_count_1_cry_8_c_RNIAG6L1_LC_996/in0" to pin "b2v_inst6.un2_count_1_cry_8_c_RNIAG6L1_LC_996/lcout" to break the combinatorial loop
Warning-1035: Removing timing arc from pin "b2v_inst6.un2_count_1_cry_8_THRU_LUT4_0_LC_1164/in1" to pin "b2v_inst6.un2_count_1_cry_8_THRU_LUT4_0_LC_1164/lcout" to break the combinatorial loop
Warning-1035: Removing timing arc from pin "b2v_inst6.un2_count_1_cry_9_c_RNIVI14_LC_998/in1" to pin "b2v_inst6.un2_count_1_cry_9_c_RNIVI14_LC_998/lcout" to break the combinatorial loop
Warning-1035: Removing timing arc from pin "b2v_inst6.un2_count_1_cry_10_c_RNIJOFS1_LC_981/in0" to pin "b2v_inst6.un2_count_1_cry_10_c_RNIJOFS1_LC_981/lcout" to break the combinatorial loop
Warning-1035: Removing timing arc from pin "b2v_inst6.un2_count_1_cry_10_THRU_LUT4_0_LC_1158/in1" to pin "b2v_inst6.un2_count_1_cry_10_THRU_LUT4_0_LC_1158/lcout" to break the combinatorial loop
Warning-1035: Removing timing arc from pin "b2v_inst6.un2_count_1_cry_11_c_RNI8RAB_LC_982/in1" to pin "b2v_inst6.un2_count_1_cry_11_c_RNI8RAB_LC_982/lcout" to break the combinatorial loop
Warning-1035: Removing timing arc from pin "b2v_inst6.un2_count_1_cry_12_c_RNI9TBB_LC_984/in1" to pin "b2v_inst6.un2_count_1_cry_12_c_RNI9TBB_LC_984/lcout" to break the combinatorial loop
Warning-1035: Removing timing arc from pin "b2v_inst6.count_RNIANDN72[2]_LC_936/in0" to pin "b2v_inst6.count_RNIANDN72[2]_LC_936/lcout" to break the combinatorial loop
Warning-1035: Removing timing arc from pin "b2v_inst6.un2_count_1_cry_13_c_RNIR6IO5_LC_986/in1" to pin "b2v_inst6.un2_count_1_cry_13_c_RNIR6IO5_LC_986/lcout" to break the combinatorial loop
Warning-1035: Removing timing arc from pin "b2v_inst6.count_RNIANDN72[2]_LC_936/in1" to pin "b2v_inst6.count_RNIANDN72[2]_LC_936/lcout" to break the combinatorial loop
Warning-1035: Removing timing arc from pin "b2v_inst6.un2_count_1_cry_14_c_RNIN0KS1_LC_987/in0" to pin "b2v_inst6.un2_count_1_cry_14_c_RNIN0KS1_LC_987/lcout" to break the combinatorial loop
Warning-1035: Removing timing arc from pin "b2v_inst6.count_RNI0P8PG[12]_LC_929/in3" to pin "b2v_inst6.count_RNI0P8PG[12]_LC_929/lcout" to break the combinatorial loop
Warning-1035: Removing timing arc from pin "b2v_inst6.count_RNICV5H1[0]_LC_939/in1" to pin "b2v_inst6.count_RNICV5H1[0]_LC_939/lcout" to break the combinatorial loop
Warning-1035: Removing timing arc from pin "b2v_inst6.curr_state_7_1_0_.m6_i_o3_0_LC_969/in1" to pin "b2v_inst6.curr_state_7_1_0_.m6_i_o3_0_LC_969/lcout" to break the combinatorial loop
Warning-1035: Removing timing arc from pin "b2v_inst6.curr_state_7_1_0_.m4_0_LC_967/in3" to pin "b2v_inst6.curr_state_7_1_0_.m4_0_LC_967/lcout" to break the combinatorial loop
Warning-1035: Removing timing arc from pin "b2v_inst6.curr_state_7_1_0_.m4_0_LC_967/in0" to pin "b2v_inst6.curr_state_7_1_0_.m4_0_LC_967/lcout" to break the combinatorial loop
Warning-1035: Removing timing arc from pin "b2v_inst6.count_RNICV5H1[0]_LC_939/in2" to pin "b2v_inst6.count_RNICV5H1[0]_LC_939/lcout" to break the combinatorial loop
Warning-1035: Removing timing arc from pin "b2v_inst6.curr_state_RNIK0DK3[0]_LC_971/in2" to pin "b2v_inst6.curr_state_RNIK0DK3[0]_LC_971/lcout" to break the combinatorial loop
Warning-1035: Removing timing arc from pin "b2v_inst6.curr_state_7_1_0_.m6_i_a3_LC_968/in1" to pin "b2v_inst6.curr_state_7_1_0_.m6_i_a3_LC_968/lcout" to break the combinatorial loop
Warning-1035: Removing timing arc from pin "b2v_inst6.curr_state_7_1_0_.m6_i_o3_0_LC_969/in2" to pin "b2v_inst6.curr_state_7_1_0_.m6_i_o3_0_LC_969/lcout" to break the combinatorial loop
Warning-1035: Removing timing arc from pin "b2v_inst5.curr_state_7_1_0_.m4_0_LC_901/in0" to pin "b2v_inst5.curr_state_7_1_0_.m4_0_LC_901/lcout" to break the combinatorial loop
Warning-1035: Removing timing arc from pin "b2v_inst5.curr_state_RNIRH7S1[0]_LC_908/in1" to pin "b2v_inst5.curr_state_RNIRH7S1[0]_LC_908/lcout" to break the combinatorial loop
Warning-1035: Removing timing arc from pin "b2v_inst5.curr_state_7_1_0_.m4_0_LC_901/in1" to pin "b2v_inst5.curr_state_7_1_0_.m4_0_LC_901/lcout" to break the combinatorial loop
Warning-1035: Removing timing arc from pin "b2v_inst5.curr_state_RNIRH7S1[0]_LC_908/in2" to pin "b2v_inst5.curr_state_RNIRH7S1[0]_LC_908/lcout" to break the combinatorial loop
Warning-1035: Removing timing arc from pin "b2v_inst36.count_RNI1FG91[0]_LC_816/in2" to pin "b2v_inst36.count_RNI1FG91[0]_LC_816/lcout" to break the combinatorial loop
Warning-1035: Removing timing arc from pin "b2v_inst36.curr_state_7_1_0_.m4_LC_845/in0" to pin "b2v_inst36.curr_state_7_1_0_.m4_LC_845/lcout" to break the combinatorial loop
Warning-1035: Removing timing arc from pin "b2v_inst36.curr_state_7_1_0_.m4_LC_845/in1" to pin "b2v_inst36.curr_state_7_1_0_.m4_LC_845/lcout" to break the combinatorial loop
Warning-1035: Removing timing arc from pin "b2v_inst36.curr_state_7_1_0_.m6_LC_846/in1" to pin "b2v_inst36.curr_state_7_1_0_.m6_LC_846/lcout" to break the combinatorial loop
Warning-1035: Removing timing arc from pin "b2v_inst36.curr_state_RNINSDS[0]_LC_848/in2" to pin "b2v_inst36.curr_state_RNINSDS[0]_LC_848/lcout" to break the combinatorial loop
Warning-1035: Removing timing arc from pin "b2v_inst36.count_RNILNVH1_0[6]_LC_832/in0" to pin "b2v_inst36.count_RNILNVH1_0[6]_LC_832/lcout" to break the combinatorial loop
Warning-1035: Removing timing arc from pin "b2v_inst36.count_RNISNCLA[4]_LC_842/in1" to pin "b2v_inst36.count_RNISNCLA[4]_LC_842/lcout" to break the combinatorial loop
Warning-1035: Removing timing arc from pin "b2v_inst36.count_RNIRDCV5[1]_LC_839/in2" to pin "b2v_inst36.count_RNIRDCV5[1]_LC_839/lcout" to break the combinatorial loop
Warning-1035: Removing timing arc from pin "b2v_inst36.un2_count_1_cry_6_c_RNIAVSI_LC_862/in0" to pin "b2v_inst36.un2_count_1_cry_6_c_RNIAVSI_LC_862/lcout" to break the combinatorial loop
Warning-1035: Removing timing arc from pin "b2v_inst36.un2_count_1_cry_6_THRU_LUT4_0_LC_1150/in1" to pin "b2v_inst36.un2_count_1_cry_6_THRU_LUT4_0_LC_1150/lcout" to break the combinatorial loop
Warning-1035: Removing timing arc from pin "b2v_inst36.count_RNIRDCV5[1]_LC_839/in1" to pin "b2v_inst36.count_RNIRDCV5[1]_LC_839/lcout" to break the combinatorial loop
Warning-1035: Removing timing arc from pin "b2v_inst36.un2_count_1_cry_7_c_RNIB1UI_LC_863/in0" to pin "b2v_inst36.un2_count_1_cry_7_c_RNIB1UI_LC_863/lcout" to break the combinatorial loop
Warning-1035: Removing timing arc from pin "b2v_inst36.un2_count_1_cry_7_THRU_LUT4_0_LC_1151/in1" to pin "b2v_inst36.un2_count_1_cry_7_THRU_LUT4_0_LC_1151/lcout" to break the combinatorial loop
Warning-1035: Removing timing arc from pin "b2v_inst36.count_RNISNCLA[4]_LC_842/in0" to pin "b2v_inst36.count_RNISNCLA[4]_LC_842/lcout" to break the combinatorial loop
Warning-1035: Removing timing arc from pin "b2v_inst36.un2_count_1_cry_8_c_RNIC3VI_LC_864/in1" to pin "b2v_inst36.un2_count_1_cry_8_c_RNIC3VI_LC_864/lcout" to break the combinatorial loop
Warning-1035: Removing timing arc from pin "b2v_inst36.un2_count_1_cry_9_c_RNID50J_LC_865/in0" to pin "b2v_inst36.un2_count_1_cry_9_c_RNID50J_LC_865/lcout" to break the combinatorial loop
Warning-1035: Removing timing arc from pin "b2v_inst36.un2_count_1_cry_9_THRU_LUT4_0_LC_1152/in1" to pin "b2v_inst36.un2_count_1_cry_9_THRU_LUT4_0_LC_1152/lcout" to break the combinatorial loop
Warning-1035: Removing timing arc from pin "b2v_inst36.count_RNI2GG91_0[1]_LC_817/in1" to pin "b2v_inst36.count_RNI2GG91_0[1]_LC_817/lcout" to break the combinatorial loop
Warning-1035: Removing timing arc from pin "b2v_inst36.un2_count_1_cry_10_c_RNILUVB_LC_852/in0" to pin "b2v_inst36.un2_count_1_cry_10_c_RNILUVB_LC_852/lcout" to break the combinatorial loop
Warning-1035: Removing timing arc from pin "b2v_inst36.un2_count_1_cry_10_THRU_LUT4_0_LC_1146/in1" to pin "b2v_inst36.un2_count_1_cry_10_THRU_LUT4_0_LC_1146/lcout" to break the combinatorial loop
Warning-1035: Removing timing arc from pin "b2v_inst36.un2_count_1_cry_11_c_RNIM01C_LC_853/in1" to pin "b2v_inst36.un2_count_1_cry_11_c_RNIM01C_LC_853/lcout" to break the combinatorial loop
Warning-1035: Removing timing arc from pin "b2v_inst36.count_RNISNCLA[4]_LC_842/in2" to pin "b2v_inst36.count_RNISNCLA[4]_LC_842/lcout" to break the combinatorial loop
Warning-1035: Removing timing arc from pin "b2v_inst36.un2_count_1_cry_12_c_RNIN22C_LC_854/in1" to pin "b2v_inst36.un2_count_1_cry_12_c_RNIN22C_LC_854/lcout" to break the combinatorial loop
Warning-1035: Removing timing arc from pin "b2v_inst36.un2_count_1_cry_13_c_RNIO43C_LC_855/in1" to pin "b2v_inst36.un2_count_1_cry_13_c_RNIO43C_LC_855/lcout" to break the combinatorial loop
Warning-1035: Removing timing arc from pin "b2v_inst36.un2_count_1_cry_14_c_RNIP64C_LC_856/in0" to pin "b2v_inst36.un2_count_1_cry_14_c_RNIP64C_LC_856/lcout" to break the combinatorial loop
Warning-1035: Removing timing arc from pin "b2v_inst36.count_RNIRQCA[1]_LC_841/in2" to pin "b2v_inst36.count_RNIRQCA[1]_LC_841/lcout" to break the combinatorial loop
Warning-1035: Removing timing arc from pin "b2v_inst36.count_RNIRDCV5[1]_LC_839/in3" to pin "b2v_inst36.count_RNIRDCV5[1]_LC_839/lcout" to break the combinatorial loop
Warning-1035: Removing timing arc from pin "b2v_inst36.un2_count_1_cry_1_c_RNI5LNI_LC_857/in0" to pin "b2v_inst36.un2_count_1_cry_1_c_RNI5LNI_LC_857/lcout" to break the combinatorial loop
Warning-1035: Removing timing arc from pin "b2v_inst36.un2_count_1_cry_1_c_RNI5LNI_LC_857/in1" to pin "b2v_inst36.un2_count_1_cry_1_c_RNI5LNI_LC_857/lcout" to break the combinatorial loop
Warning-1035: Removing timing arc from pin "b2v_inst36.un2_count_1_cry_2_c_RNI6NOI_LC_858/in0" to pin "b2v_inst36.un2_count_1_cry_2_c_RNI6NOI_LC_858/lcout" to break the combinatorial loop
Warning-1035: Removing timing arc from pin "b2v_inst36.un2_count_1_cry_2_THRU_LUT4_0_LC_1148/in1" to pin "b2v_inst36.un2_count_1_cry_2_THRU_LUT4_0_LC_1148/lcout" to break the combinatorial loop
Warning-1035: Removing timing arc from pin "b2v_inst36.un2_count_1_cry_3_c_RNI7PPI_LC_859/in1" to pin "b2v_inst36.un2_count_1_cry_3_c_RNI7PPI_LC_859/lcout" to break the combinatorial loop
Warning-1035: Removing timing arc from pin "b2v_inst36.un2_count_1_cry_4_c_RNI8RQI_LC_860/in0" to pin "b2v_inst36.un2_count_1_cry_4_c_RNI8RQI_LC_860/lcout" to break the combinatorial loop
Warning-1035: Removing timing arc from pin "b2v_inst36.un2_count_1_cry_4_THRU_LUT4_0_LC_1149/in1" to pin "b2v_inst36.un2_count_1_cry_4_THRU_LUT4_0_LC_1149/lcout" to break the combinatorial loop
Warning-1035: Removing timing arc from pin "b2v_inst36.curr_state_RNINSDS[0]_LC_848/in1" to pin "b2v_inst36.curr_state_RNINSDS[0]_LC_848/lcout" to break the combinatorial loop
Warning-1035: Removing timing arc from pin "b2v_inst36.count_RNIRQCA[1]_LC_841/in0" to pin "b2v_inst36.count_RNIRQCA[1]_LC_841/lcout" to break the combinatorial loop

Design Statistics after Packing
    Number of LUTs      	:	1166
    Number of DFFs      	:	201
    Number of DFFs packed to IO	:	0
    Number of Carrys    	:	333

Device Utilization Summary after Packing
    Sequential LogicCells
        LUT and DFF      	:	177
        LUT, DFF and CARRY	:	24
    Combinational LogicCells
        Only LUT         	:	696
        CARRY Only       	:	40
        LUT with CARRY   	:	269
    LogicCells                  :	1206/1280
    PLBs                        :	159/160
    BRAMs                       :	0/16
    IOs and GBIOs               :	59/67
    PLLs                        :	0/0


I2088: Phase 3, elapsed time : 1.9 (sec)

Phase 4
I2088: Phase 4, elapsed time : 0.2 (sec)

Phase 5
I2088: Phase 5, elapsed time : 4.4 (sec)

Phase 6
I2088: Phase 6, elapsed time : 56.7 (sec)

Final Design Statistics
    Number of LUTs      	:	1166
    Number of DFFs      	:	201
    Number of DFFs packed to IO	:	0
    Number of Carrys    	:	333
    Number of RAMs      	:	0
    Number of ROMs      	:	0
    Number of IOs       	:	59
    Number of GBIOs     	:	0
    Number of GBs       	:	2
    Number of WarmBoot  	:	0
    Number of PLLs      	:	0

Device Utilization Summary
    LogicCells                  :	1206/1280
    PLBs                        :	159/160
    BRAMs                       :	0/16
    IOs and GBIOs               :	59/67
    PLLs                        :	0/0



#####################################################################
Placement Timing Summary

The timing summary is based on estimated routing delays after
placement. For final timing report, please carry out the timing
analysis after routing.
=====================================================================

#####################################################################
                     Clock Summary 
=====================================================================
Number of clocks: 1
Clock: TOP|FPGA_OSC | Frequency: 3.55 MHz | Target: 48.69 MHz

=====================================================================
                     End of Clock Summary
#####################################################################

I2054: Placement of design completed successfully

I2076: Placer run-time: 63.8 sec.

