Running in Lattice mode

Starting:    C:\lscc\iCEcube2.2020.12\synpbase\bin64\mbin\synplify.exe
Install:     C:\lscc\iCEcube2.2020.12\synpbase
Hostname:    DESKTOP-M2TPG58
Date:        Tue Apr 12 18:17:53 2022
Version:     L-2016.09L+ice40

Arguments:   -product synplify_pro SBCTI22HOME4_syn.prj
ProductType: synplify_pro




Copied C:\Users\firas\Dropbox\Board-Design\Board-Design-Git\Lattice FPGA Works\TensorI22\SBCTI22HOME4\SBCTI22HOME4_Implmnt\SBCTI22HOME4.srr to C:\Users\firas\Dropbox\Board-Design\Board-Design-Git\Lattice FPGA Works\TensorI22\SBCTI22HOME4\SBCTI22HOME4_Implmnt\backup\SBCTI22HOME4.srr
log file: "C:\Users\firas\Dropbox\Board-Design\Board-Design-Git\Lattice FPGA Works\TensorI22\SBCTI22HOME4\SBCTI22HOME4_Implmnt\SBCTI22HOME4.srr"
Running: SBCTI22HOME4_Implmnt in foreground

Running SBCTI22HOME4_syn|SBCTI22HOME4_Implmnt

Running: compile (Compile) on SBCTI22HOME4_syn|SBCTI22HOME4_Implmnt
# Tue Apr 12 18:17:54 2022

Running: compile_flow (Compile Process) on SBCTI22HOME4_syn|SBCTI22HOME4_Implmnt
# Tue Apr 12 18:17:54 2022

Running: compiler (Compile Input) on SBCTI22HOME4_syn|SBCTI22HOME4_Implmnt
# Tue Apr 12 18:17:54 2022
compiler exited with errors
Job failed on: SBCTI22HOME4_syn|SBCTI22HOME4_Implmnt

Job: "compiler" terminated with error status: 2
See log file: "C:\Users\firas\Dropbox\Board-Design\Board-Design-Git\Lattice FPGA Works\TensorI22\SBCTI22HOME4\SBCTI22HOME4_Implmnt\synlog\SBCTI22HOME4_compiler.srr"
# Tue Apr 12 18:17:54 2022

Return Code: 2
Run Time:00h:00m:00s
Complete: Compile Process on SBCTI22HOME4_syn|SBCTI22HOME4_Implmnt
Complete: Compile on SBCTI22HOME4_syn|SBCTI22HOME4_Implmnt
Complete: Logic Synthesis on SBCTI22HOME4_syn|SBCTI22HOME4_Implmnt
New HDL Analyst: enabled
Opening object source file c:\users\firas\dropbox\board-design\board-design-git\lattice fpga works\tensori22\top.vhd
log file: "C:\Users\firas\Dropbox\Board-Design\Board-Design-Git\Lattice FPGA Works\TensorI22\SBCTI22HOME4\SBCTI22HOME4_Implmnt\SBCTI22HOME4.srr"
Running: constraint_check in foreground


Running: constraint_check (Constraint Check) on SBCTI22HOME4_syn|SBCTI22HOME4_Implmnt
# Tue Apr 12 18:18:13 2022

Running: compile (Compile) on SBCTI22HOME4_syn|SBCTI22HOME4_Implmnt
# Tue Apr 12 18:18:13 2022

Running: compile_flow (Compile Process) on SBCTI22HOME4_syn|SBCTI22HOME4_Implmnt
# Tue Apr 12 18:18:13 2022

Running: compiler (Compile Input) on SBCTI22HOME4_syn|SBCTI22HOME4_Implmnt
# Tue Apr 12 18:18:13 2022
compiler exited with errors
Job failed on: SBCTI22HOME4_syn|SBCTI22HOME4_Implmnt

Job: "compiler" terminated with error status: 2
See log file: "C:\Users\firas\Dropbox\Board-Design\Board-Design-Git\Lattice FPGA Works\TensorI22\SBCTI22HOME4\SBCTI22HOME4_Implmnt\SBCTI22HOME4_cck.srr"
# Tue Apr 12 18:18:13 2022

Return Code: 2
Run Time:00h:00m:00s
Complete: Compile Process on SBCTI22HOME4_syn|SBCTI22HOME4_Implmnt
Complete: Compile on SBCTI22HOME4_syn|SBCTI22HOME4_Implmnt
Complete: Constraint Check on SBCTI22HOME4_syn|SBCTI22HOME4_Implmnt
log file: "C:\Users\firas\Dropbox\Board-Design\Board-Design-Git\Lattice FPGA Works\TensorI22\SBCTI22HOME4\SBCTI22HOME4_Implmnt\SBCTI22HOME4.srr"
Running: SBCTI22HOME4_Implmnt in foreground

Running SBCTI22HOME4_syn|SBCTI22HOME4_Implmnt

Running: compile (Compile) on SBCTI22HOME4_syn|SBCTI22HOME4_Implmnt
# Tue Apr 12 18:18:18 2022

Running: compile_flow (Compile Process) on SBCTI22HOME4_syn|SBCTI22HOME4_Implmnt
# Tue Apr 12 18:18:18 2022

Running: compiler (Compile Input) on SBCTI22HOME4_syn|SBCTI22HOME4_Implmnt
# Tue Apr 12 18:18:18 2022
compiler exited with errors
Job failed on: SBCTI22HOME4_syn|SBCTI22HOME4_Implmnt

Job: "compiler" terminated with error status: 2
See log file: "C:\Users\firas\Dropbox\Board-Design\Board-Design-Git\Lattice FPGA Works\TensorI22\SBCTI22HOME4\SBCTI22HOME4_Implmnt\synlog\SBCTI22HOME4_compiler.srr"
# Tue Apr 12 18:18:18 2022

Return Code: 2
Run Time:00h:00m:00s
Complete: Compile Process on SBCTI22HOME4_syn|SBCTI22HOME4_Implmnt
Complete: Compile on SBCTI22HOME4_syn|SBCTI22HOME4_Implmnt
Complete: Logic Synthesis on SBCTI22HOME4_syn|SBCTI22HOME4_Implmnt
log file: "C:\Users\firas\Dropbox\Board-Design\Board-Design-Git\Lattice FPGA Works\TensorI22\SBCTI22HOME4\SBCTI22HOME4_Implmnt\SBCTI22HOME4.srr"
Running: SBCTI22HOME4_Implmnt in foreground

Running SBCTI22HOME4_syn|SBCTI22HOME4_Implmnt

Running: compile (Compile) on SBCTI22HOME4_syn|SBCTI22HOME4_Implmnt
# Tue Apr 12 18:18:20 2022

Running: compile_flow (Compile Process) on SBCTI22HOME4_syn|SBCTI22HOME4_Implmnt
# Tue Apr 12 18:18:20 2022

Running: compiler (Compile Input) on SBCTI22HOME4_syn|SBCTI22HOME4_Implmnt
# Tue Apr 12 18:18:20 2022
compiler exited with errors
Job failed on: SBCTI22HOME4_syn|SBCTI22HOME4_Implmnt

Job: "compiler" terminated with error status: 2
See log file: "C:\Users\firas\Dropbox\Board-Design\Board-Design-Git\Lattice FPGA Works\TensorI22\SBCTI22HOME4\SBCTI22HOME4_Implmnt\synlog\SBCTI22HOME4_compiler.srr"
# Tue Apr 12 18:18:20 2022

Return Code: 2
Run Time:00h:00m:00s
Complete: Compile Process on SBCTI22HOME4_syn|SBCTI22HOME4_Implmnt
Complete: Compile on SBCTI22HOME4_syn|SBCTI22HOME4_Implmnt
Complete: Logic Synthesis on SBCTI22HOME4_syn|SBCTI22HOME4_Implmnt
Opening object source file c:\users\firas\dropbox\board-design\board-design-git\lattice fpga works\tensori22\top.vhd
log file: "C:\Users\firas\Dropbox\Board-Design\Board-Design-Git\Lattice FPGA Works\TensorI22\SBCTI22HOME4\SBCTI22HOME4_Implmnt\SBCTI22HOME4.srr"
Running: SBCTI22HOME4_Implmnt in foreground

Running SBCTI22HOME4_syn|SBCTI22HOME4_Implmnt

Running: compile (Compile) on SBCTI22HOME4_syn|SBCTI22HOME4_Implmnt
# Tue Apr 12 18:18:24 2022

Running: compile_flow (Compile Process) on SBCTI22HOME4_syn|SBCTI22HOME4_Implmnt
# Tue Apr 12 18:18:24 2022

Running: compiler (Compile Input) on SBCTI22HOME4_syn|SBCTI22HOME4_Implmnt
# Tue Apr 12 18:18:24 2022
compiler exited with errors
Job failed on: SBCTI22HOME4_syn|SBCTI22HOME4_Implmnt

Job: "compiler" terminated with error status: 2
See log file: "C:\Users\firas\Dropbox\Board-Design\Board-Design-Git\Lattice FPGA Works\TensorI22\SBCTI22HOME4\SBCTI22HOME4_Implmnt\synlog\SBCTI22HOME4_compiler.srr"
# Tue Apr 12 18:18:25 2022

Return Code: 2
Run Time:00h:00m:01s
Complete: Compile Process on SBCTI22HOME4_syn|SBCTI22HOME4_Implmnt
Complete: Compile on SBCTI22HOME4_syn|SBCTI22HOME4_Implmnt
Complete: Logic Synthesis on SBCTI22HOME4_syn|SBCTI22HOME4_Implmnt
Opening object source file c:\users\firas\dropbox\board-design\board-design-git\lattice fpga works\tensori22\top.vhd
log file: "C:\Users\firas\Dropbox\Board-Design\Board-Design-Git\Lattice FPGA Works\TensorI22\SBCTI22HOME4\SBCTI22HOME4_Implmnt\SBCTI22HOME4.srr"
Running: SBCTI22HOME4_Implmnt in foreground

Running SBCTI22HOME4_syn|SBCTI22HOME4_Implmnt

Running: compile (Compile) on SBCTI22HOME4_syn|SBCTI22HOME4_Implmnt
# Tue Apr 12 18:18:43 2022

Running: compile_flow (Compile Process) on SBCTI22HOME4_syn|SBCTI22HOME4_Implmnt
# Tue Apr 12 18:18:43 2022

Running: compiler (Compile Input) on SBCTI22HOME4_syn|SBCTI22HOME4_Implmnt
# Tue Apr 12 18:18:43 2022
compiler exited with errors
Job failed on: SBCTI22HOME4_syn|SBCTI22HOME4_Implmnt

Job: "compiler" terminated with error status: 2
See log file: "C:\Users\firas\Dropbox\Board-Design\Board-Design-Git\Lattice FPGA Works\TensorI22\SBCTI22HOME4\SBCTI22HOME4_Implmnt\synlog\SBCTI22HOME4_compiler.srr"
# Tue Apr 12 18:18:43 2022

Return Code: 2
Run Time:00h:00m:00s
Complete: Compile Process on SBCTI22HOME4_syn|SBCTI22HOME4_Implmnt
Complete: Compile on SBCTI22HOME4_syn|SBCTI22HOME4_Implmnt
Complete: Logic Synthesis on SBCTI22HOME4_syn|SBCTI22HOME4_Implmnt
Opening object source file c:\users\firas\dropbox\board-design\board-design-git\lattice fpga works\tensori22\top.vhd
Opening object source file c:\users\firas\dropbox\board-design\board-design-git\lattice fpga works\tensori22\top.vhd
Opening object source file c:\users\firas\dropbox\board-design\board-design-git\lattice fpga works\tensori22\top.vhd
Opening object source file c:\users\firas\dropbox\board-design\board-design-git\lattice fpga works\tensori22\top.vhd
log file: "C:\Users\firas\Dropbox\Board-Design\Board-Design-Git\Lattice FPGA Works\TensorI22\SBCTI22HOME4\SBCTI22HOME4_Implmnt\SBCTI22HOME4.srr"
Running: SBCTI22HOME4_Implmnt in foreground

Running SBCTI22HOME4_syn|SBCTI22HOME4_Implmnt

Running: compile (Compile) on SBCTI22HOME4_syn|SBCTI22HOME4_Implmnt
# Tue Apr 12 18:19:42 2022

Running: compile_flow (Compile Process) on SBCTI22HOME4_syn|SBCTI22HOME4_Implmnt
# Tue Apr 12 18:19:42 2022

Running: compiler (Compile Input) on SBCTI22HOME4_syn|SBCTI22HOME4_Implmnt
# Tue Apr 12 18:19:42 2022
compiler exited with errors
Job failed on: SBCTI22HOME4_syn|SBCTI22HOME4_Implmnt

Job: "compiler" terminated with error status: 2
See log file: "C:\Users\firas\Dropbox\Board-Design\Board-Design-Git\Lattice FPGA Works\TensorI22\SBCTI22HOME4\SBCTI22HOME4_Implmnt\synlog\SBCTI22HOME4_compiler.srr"
# Tue Apr 12 18:19:42 2022

Return Code: 2
Run Time:00h:00m:00s
Complete: Compile Process on SBCTI22HOME4_syn|SBCTI22HOME4_Implmnt
Complete: Compile on SBCTI22HOME4_syn|SBCTI22HOME4_Implmnt
Complete: Logic Synthesis on SBCTI22HOME4_syn|SBCTI22HOME4_Implmnt
Opening object source file c:\users\firas\dropbox\board-design\board-design-git\lattice fpga works\tensori22\top.vhd
Opening object source file c:\users\firas\dropbox\board-design\board-design-git\lattice fpga works\tensori22\top.vhd
log file: "C:\Users\firas\Dropbox\Board-Design\Board-Design-Git\Lattice FPGA Works\TensorI22\SBCTI22HOME4\SBCTI22HOME4_Implmnt\SBCTI22HOME4.srr"
Running: SBCTI22HOME4_Implmnt in foreground

Running SBCTI22HOME4_syn|SBCTI22HOME4_Implmnt

Running: compile (Compile) on SBCTI22HOME4_syn|SBCTI22HOME4_Implmnt
# Tue Apr 12 18:20:06 2022

Running: compile_flow (Compile Process) on SBCTI22HOME4_syn|SBCTI22HOME4_Implmnt
# Tue Apr 12 18:20:06 2022

Running: compiler (Compile Input) on SBCTI22HOME4_syn|SBCTI22HOME4_Implmnt
# Tue Apr 12 18:20:06 2022
compiler exited with errors
Job failed on: SBCTI22HOME4_syn|SBCTI22HOME4_Implmnt

Job: "compiler" terminated with error status: 2
See log file: "C:\Users\firas\Dropbox\Board-Design\Board-Design-Git\Lattice FPGA Works\TensorI22\SBCTI22HOME4\SBCTI22HOME4_Implmnt\synlog\SBCTI22HOME4_compiler.srr"
# Tue Apr 12 18:20:07 2022

Return Code: 2
Run Time:00h:00m:01s
Complete: Compile Process on SBCTI22HOME4_syn|SBCTI22HOME4_Implmnt
Complete: Compile on SBCTI22HOME4_syn|SBCTI22HOME4_Implmnt
Complete: Logic Synthesis on SBCTI22HOME4_syn|SBCTI22HOME4_Implmnt
Opening object source file c:\users\firas\dropbox\board-design\board-design-git\lattice fpga works\tensori22\top.vhd
Opening object source file c:\users\firas\dropbox\board-design\board-design-git\lattice fpga works\tensori22\sbcti22home4\sbcti22home4_implmnt\sbcti22home4.srr
log file: "C:\Users\firas\Dropbox\Board-Design\Board-Design-Git\Lattice FPGA Works\TensorI22\SBCTI22HOME4\SBCTI22HOME4_Implmnt\SBCTI22HOME4.srr"
Running: SBCTI22HOME4_Implmnt in foreground

Running SBCTI22HOME4_syn|SBCTI22HOME4_Implmnt

Running: compile (Compile) on SBCTI22HOME4_syn|SBCTI22HOME4_Implmnt
# Tue Apr 12 18:20:34 2022

Running: compile_flow (Compile Process) on SBCTI22HOME4_syn|SBCTI22HOME4_Implmnt
# Tue Apr 12 18:20:34 2022

Running: compiler (Compile Input) on SBCTI22HOME4_syn|SBCTI22HOME4_Implmnt
# Tue Apr 12 18:20:34 2022
Copied C:\Users\firas\Dropbox\Board-Design\Board-Design-Git\Lattice FPGA Works\TensorI22\SBCTI22HOME4\SBCTI22HOME4_Implmnt\synwork\SBCTI22HOME4_comp.srs to C:\Users\firas\Dropbox\Board-Design\Board-Design-Git\Lattice FPGA Works\TensorI22\SBCTI22HOME4\SBCTI22HOME4_Implmnt\SBCTI22HOME4.srs

compiler completed
# Tue Apr 12 18:20:36 2022

Return Code: 0
Run Time:00h:00m:02s

Running: multi_srs_gen (Multi-srs Generator) on SBCTI22HOME4_syn|SBCTI22HOME4_Implmnt
# Tue Apr 12 18:20:36 2022

multi_srs_gen completed
# Tue Apr 12 18:20:36 2022

Return Code: 0
Run Time:00h:00m:00s
Copied C:\Users\firas\Dropbox\Board-Design\Board-Design-Git\Lattice FPGA Works\TensorI22\SBCTI22HOME4\SBCTI22HOME4_Implmnt\synwork\SBCTI22HOME4_mult.srs to C:\Users\firas\Dropbox\Board-Design\Board-Design-Git\Lattice FPGA Works\TensorI22\SBCTI22HOME4\SBCTI22HOME4_Implmnt\SBCTI22HOME4.srs
Complete: Compile Process on SBCTI22HOME4_syn|SBCTI22HOME4_Implmnt

Running: premap (Pre-mapping) on SBCTI22HOME4_syn|SBCTI22HOME4_Implmnt
# Tue Apr 12 18:20:36 2022

premap completed with warnings
# Tue Apr 12 18:20:37 2022

Return Code: 1
Run Time:00h:00m:01s
Complete: Compile on SBCTI22HOME4_syn|SBCTI22HOME4_Implmnt

Running: map (Map) on SBCTI22HOME4_syn|SBCTI22HOME4_Implmnt
# Tue Apr 12 18:20:37 2022

Running: fpga_mapper (Map & Optimize) on SBCTI22HOME4_syn|SBCTI22HOME4_Implmnt
# Tue Apr 12 18:20:37 2022
Copied C:\Users\firas\Dropbox\Board-Design\Board-Design-Git\Lattice FPGA Works\TensorI22\SBCTI22HOME4\SBCTI22HOME4_Implmnt\synwork\SBCTI22HOME4_m.srm to C:\Users\firas\Dropbox\Board-Design\Board-Design-Git\Lattice FPGA Works\TensorI22\SBCTI22HOME4\SBCTI22HOME4_Implmnt\SBCTI22HOME4.srm

fpga_mapper completed with warnings
# Tue Apr 12 18:20:44 2022

Return Code: 1
Run Time:00h:00m:07s
Complete: Map on SBCTI22HOME4_syn|SBCTI22HOME4_Implmnt
Complete: Logic Synthesis on SBCTI22HOME4_syn|SBCTI22HOME4_Implmnt
exit status=2
