* ******************************************************************************

* iCEcube Placer

* Version:            2020.12.27943

* Build Date:         Dec  9 2020 17:55:50

* File Generated:     Apr 13 2022 16:47:06

* Purpose:            

* Copyright (C) 2006-2010 by Lattice Semiconductor Corp. All rights reserved.

* ******************************************************************************

Executing : C:\lscc\iCEcube2.2020.12\sbt_backend\bin\win32\opt\sbtplacer.exe --des-lib C:/Users/firas.abdelghani/Dropbox/Board-Design/Board-Design-Git/Lattice FPGA Works/TensorI22/SBCTI22WORK/SBCTI22WORK_Implmnt\sbt\netlist\oadb-TOP --outdir C:/Users/firas.abdelghani/Dropbox/Board-Design/Board-Design-Git/Lattice FPGA Works/TensorI22/SBCTI22WORK/SBCTI22WORK_Implmnt\sbt\outputs\placer --device-file C:\lscc\iCEcube2.2020.12\sbt_backend\devices\ICE40P01.dev --package QN84 --deviceMarketName iCE40LP1K --sdc-file C:/Users/firas.abdelghani/Dropbox/Board-Design/Board-Design-Git/Lattice FPGA Works/TensorI22/SBCTI22WORK/SBCTI22WORK_Implmnt\sbt\Temp/sbt_temp.sdc --lib-file C:\lscc\iCEcube2.2020.12\sbt_backend\devices\ice40LP1K.lib --effort_level std --out-sdc-file C:/Users/firas.abdelghani/Dropbox/Board-Design/Board-Design-Git/Lattice FPGA Works/TensorI22/SBCTI22WORK/SBCTI22WORK_Implmnt\sbt\outputs\placer\TOP_pl.sdc
I2004: Option and Settings Summary
=============================================================
Device file          - C:\lscc\iCEcube2.2020.12\sbt_backend\devices\ICE40P01.dev
Package              - QN84
Design database      - C:/Users/firas.abdelghani/Dropbox/Board-Design/Board-Design-Git/Lattice FPGA Works/TensorI22/SBCTI22WORK/SBCTI22WORK_Implmnt\sbt\netlist\oadb-TOP
SDC file             - C:/Users/firas.abdelghani/Dropbox/Board-Design/Board-Design-Git/Lattice FPGA Works/TensorI22/SBCTI22WORK/SBCTI22WORK_Implmnt\sbt\Temp/sbt_temp.sdc
Output directory     - C:/Users/firas.abdelghani/Dropbox/Board-Design/Board-Design-Git/Lattice FPGA Works/TensorI22/SBCTI22WORK/SBCTI22WORK_Implmnt\sbt\outputs\placer
Timing library       - C:\lscc\iCEcube2.2020.12\sbt_backend\devices\ice40LP1K.lib
Effort level         - std

I2050: Starting reading inputs for placer
=============================================================
I2100: Reading design library: C:/Users/firas.abdelghani/Dropbox/Board-Design/Board-Design-Git/Lattice FPGA Works/TensorI22/SBCTI22WORK/SBCTI22WORK_Implmnt\sbt\netlist\oadb-TOP/BFPGA_DESIGN_ep
I2065: Reading device file : C:\lscc\iCEcube2.2020.12\sbt_backend\devices\ICE40P01.dev
I2051: Reading of inputs for placer completed successfully

I2053: Starting placement of the design
=============================================================

Input Design Statistics
    Number of LUTs      	:	938
    Number of DFFs      	:	202
    Number of DFFs packed to IO	:	0
    Number of Carrys    	:	307
    Number of RAMs      	:	0
    Number of ROMs      	:	0
    Number of IOs       	:	32
    Number of GBIOs     	:	1
    Number of GBs       	:	2
    Number of WarmBoot  	:	0
    Number of PLLs      	:	0


Phase 1
I2077: Start design legalization

Design Legalization Statistics
    Number of feedthru LUTs inserted to legalize input of DFFs     	:	0
    Number of feedthru LUTs inserted for LUTs driving multiple DFFs	:	65
    Number of LUTs replicated for LUTs driving multiple DFFs       	:	65
    Number of feedthru LUTs inserted to legalize output of CARRYs  	:	35
    Number of feedthru LUTs inserted to legalize global signals    	:	0
    Number of feedthru CARRYs inserted to legalize input of CARRYs 	:	0
    Number of inserted LUTs to Legalize IOs with PIN_TYPE= 01xxxx  	:	0
    Number of inserted LUTs to Legalize IOs with PIN_TYPE= 10xxxx  	:	0
    Number of inserted LUTs to Legalize IOs with PIN_TYPE= 11xxxx  	:	0
    Total LUTs inserted                                            	:	165
    Total CARRYs inserted                                          	:	0


I2078: Design legalization is completed successfully
I2088: Phase 1, elapsed time : 0.0 (sec)


Phase 2
I2088: Phase 2, elapsed time : 0.1 (sec)

Phase 3
Warning-1035: Removing timing arc from pin "b2v_inst11.count_off_RNI4AGAF[0]_LC_78/in3" to pin "b2v_inst11.count_off_RNI4AGAF[0]_LC_78/lcout" to break the combinatorial loop
Warning-1035: Removing timing arc from pin "b2v_inst11.count_clk_RNI[15]_LC_65/in3" to pin "b2v_inst11.count_clk_RNI[15]_LC_65/lcout" to break the combinatorial loop
Warning-1035: Removing timing arc from pin "b2v_inst11.count_clk_RNI1Q2F[12]_LC_33/in3" to pin "b2v_inst11.count_clk_RNI1Q2F[12]_LC_33/lcout" to break the combinatorial loop
Warning-1035: Removing timing arc from pin "b2v_inst11.count_clk_RNIVS8U1[13]_LC_54/in2" to pin "b2v_inst11.count_clk_RNIVS8U1[13]_LC_54/lcout" to break the combinatorial loop
Warning-1035: Removing timing arc from pin "b2v_inst11.count_clk_RNI8JP5[1]_LC_44/in1" to pin "b2v_inst11.count_clk_RNI8JP5[1]_LC_44/lcout" to break the combinatorial loop
Warning-1035: Removing timing arc from pin "b2v_inst11.func_state_RNILCR74[0]_LC_298/in3" to pin "b2v_inst11.func_state_RNILCR74[0]_LC_298/lcout" to break the combinatorial loop
Warning-1035: Removing timing arc from pin "b2v_inst11.count_off_RNIQTKGS2[9]_LC_100/in1" to pin "b2v_inst11.count_off_RNIQTKGS2[9]_LC_100/lcout" to break the combinatorial loop
Warning-1035: Removing timing arc from pin "b2v_inst11.count_off_RNI43NGF[11]_LC_77/in1" to pin "b2v_inst11.count_off_RNI43NGF[11]_LC_77/lcout" to break the combinatorial loop
Warning-1035: Removing timing arc from pin "b2v_inst11.un3_count_off_1_cry_11_c_RNIF1M5_LC_572/in1" to pin "b2v_inst11.un3_count_off_1_cry_11_c_RNIF1M5_LC_572/lcout" to break the combinatorial loop
Warning-1035: Removing timing arc from pin "b2v_inst11.count_off_RNIQTKGS2[9]_LC_100/in2" to pin "b2v_inst11.count_off_RNIQTKGS2[9]_LC_100/lcout" to break the combinatorial loop
Warning-1035: Removing timing arc from pin "b2v_inst11.un3_count_off_1_cry_12_c_RNIG3N5_LC_573/in1" to pin "b2v_inst11.un3_count_off_1_cry_12_c_RNIG3N5_LC_573/lcout" to break the combinatorial loop
Warning-1035: Removing timing arc from pin "b2v_inst11.un3_count_off_1_cry_13_c_RNIH5O5_LC_574/in1" to pin "b2v_inst11.un3_count_off_1_cry_13_c_RNIH5O5_LC_574/lcout" to break the combinatorial loop
Warning-1035: Removing timing arc from pin "b2v_inst11.un3_count_off_1_cry_14_c_RNII7P5_LC_575/in0" to pin "b2v_inst11.un3_count_off_1_cry_14_c_RNII7P5_LC_575/lcout" to break the combinatorial loop
Warning-1035: Removing timing arc from pin "b2v_inst11.count_off_RNI4AGAF[0]_LC_78/in2" to pin "b2v_inst11.count_off_RNI4AGAF[0]_LC_78/lcout" to break the combinatorial loop
Warning-1035: Removing timing arc from pin "b2v_inst11.count_off_RNI4N0JT1[2]_LC_81/in0" to pin "b2v_inst11.count_off_RNI4N0JT1[2]_LC_81/lcout" to break the combinatorial loop
Warning-1035: Removing timing arc from pin "b2v_inst11.count_off_RNI4ELCF[2]_LC_80/in1" to pin "b2v_inst11.count_off_RNI4ELCF[2]_LC_80/lcout" to break the combinatorial loop
Warning-1035: Removing timing arc from pin "b2v_inst11.count_off_RNI4N0JT1[2]_LC_81/in2" to pin "b2v_inst11.count_off_RNI4N0JT1[2]_LC_81/lcout" to break the combinatorial loop
Warning-1035: Removing timing arc from pin "b2v_inst11.un3_count_off_1_cry_2_c_RNIV362_LC_579/in1" to pin "b2v_inst11.un3_count_off_1_cry_2_c_RNIV362_LC_579/lcout" to break the combinatorial loop
Warning-1035: Removing timing arc from pin "b2v_inst11.un3_count_off_1_cry_3_c_RNI0672_LC_580/in1" to pin "b2v_inst11.un3_count_off_1_cry_3_c_RNI0672_LC_580/lcout" to break the combinatorial loop
Warning-1035: Removing timing arc from pin "b2v_inst11.un3_count_off_1_cry_4_c_RNI1882_LC_581/in1" to pin "b2v_inst11.un3_count_off_1_cry_4_c_RNI1882_LC_581/lcout" to break the combinatorial loop
Warning-1035: Removing timing arc from pin "b2v_inst11.count_off_RNICQPCF_0[6]_LC_92/in2" to pin "b2v_inst11.count_off_RNICQPCF_0[6]_LC_92/lcout" to break the combinatorial loop
Warning-1035: Removing timing arc from pin "b2v_inst11.un3_count_off_1_cry_5_c_RNI2A92_LC_582/in1" to pin "b2v_inst11.un3_count_off_1_cry_5_c_RNI2A92_LC_582/lcout" to break the combinatorial loop
Warning-1035: Removing timing arc from pin "b2v_inst11.count_off_RNI4N0JT1[2]_LC_81/in3" to pin "b2v_inst11.count_off_RNI4N0JT1[2]_LC_81/lcout" to break the combinatorial loop
Warning-1035: Removing timing arc from pin "b2v_inst11.un3_count_off_1_cry_6_c_RNI3CA2_LC_584/in1" to pin "b2v_inst11.un3_count_off_1_cry_6_c_RNI3CA2_LC_584/lcout" to break the combinatorial loop
Warning-1035: Removing timing arc from pin "b2v_inst11.un3_count_off_1_cry_7_c_RNI4EB2_LC_586/in1" to pin "b2v_inst11.un3_count_off_1_cry_7_c_RNI4EB2_LC_586/lcout" to break the combinatorial loop
Warning-1035: Removing timing arc from pin "b2v_inst11.count_off_RNIQTKGS2[9]_LC_100/in0" to pin "b2v_inst11.count_off_RNIQTKGS2[9]_LC_100/lcout" to break the combinatorial loop
Warning-1035: Removing timing arc from pin "b2v_inst11.un3_count_off_1_cry_8_c_RNI5GC2_LC_587/in1" to pin "b2v_inst11.un3_count_off_1_cry_8_c_RNI5GC2_LC_587/lcout" to break the combinatorial loop
Warning-1035: Removing timing arc from pin "b2v_inst11.un3_count_off_1_cry_9_c_RNI6ID2_LC_589/in1" to pin "b2v_inst11.un3_count_off_1_cry_9_c_RNI6ID2_LC_589/lcout" to break the combinatorial loop
Warning-1035: Removing timing arc from pin "b2v_inst11.count_off_RNI5BGAF[1]_LC_82/in3" to pin "b2v_inst11.count_off_RNI5BGAF[1]_LC_82/lcout" to break the combinatorial loop
Warning-1035: Removing timing arc from pin "b2v_inst11.count_off_RNICQPCF_0[6]_LC_92/in3" to pin "b2v_inst11.count_off_RNICQPCF_0[6]_LC_92/lcout" to break the combinatorial loop
Warning-1035: Removing timing arc from pin "b2v_inst11.dutycycle_RNI24DD8[7]_LC_133/in1" to pin "b2v_inst11.dutycycle_RNI24DD8[7]_LC_133/lcout" to break the combinatorial loop
Warning-1035: Removing timing arc from pin "b2v_inst11.dutycycle_RNI24DD8[7]_LC_133/in3" to pin "b2v_inst11.dutycycle_RNI24DD8[7]_LC_133/lcout" to break the combinatorial loop
Warning-1035: Removing timing arc from pin "b2v_inst11.count_RNI[0]_LC_25/in1" to pin "b2v_inst11.count_RNI[0]_LC_25/lcout" to break the combinatorial loop
Warning-1035: Removing timing arc from pin "b2v_inst11.count_RNI[1]_LC_26/in0" to pin "b2v_inst11.count_RNI[1]_LC_26/lcout" to break the combinatorial loop
Warning-1035: Removing timing arc from pin "b2v_inst11.un85_clk_100khz_cry_5_c_inv_LC_603/carryin" to pin "b2v_inst11.un85_clk_100khz_cry_5_c_inv_LC_603/carryout" to break the combinatorial loop
Warning-1035: Removing timing arc from pin "b2v_inst11.curr_state_RNIOCA3[0]_LC_123/in1" to pin "b2v_inst11.curr_state_RNIOCA3[0]_LC_123/lcout" to break the combinatorial loop
Warning-1035: Removing timing arc from pin "b2v_inst11.un85_clk_100khz_cry_15_c_RNI_LC_596/in1" to pin "b2v_inst11.un85_clk_100khz_cry_15_c_RNI_LC_596/lcout" to break the combinatorial loop
Warning-1035: Removing timing arc from pin "b2v_inst11.un1_count_cry_1_c_RNIIIQD_LC_359/in1" to pin "b2v_inst11.un1_count_cry_1_c_RNIIIQD_LC_359/lcout" to break the combinatorial loop
Warning-1035: Removing timing arc from pin "b2v_inst11.un1_count_cry_2_c_RNIJKRD_LC_360/in1" to pin "b2v_inst11.un1_count_cry_2_c_RNIJKRD_LC_360/lcout" to break the combinatorial loop
Warning-1035: Removing timing arc from pin "b2v_inst11.un1_count_cry_3_c_RNIKMSD_LC_361/in1" to pin "b2v_inst11.un1_count_cry_3_c_RNIKMSD_LC_361/lcout" to break the combinatorial loop
Warning-1035: Removing timing arc from pin "b2v_inst11.un1_count_cry_4_c_RNILOTD_LC_362/in1" to pin "b2v_inst11.un1_count_cry_4_c_RNILOTD_LC_362/lcout" to break the combinatorial loop
Warning-1035: Removing timing arc from pin "b2v_inst11.un1_count_cry_5_c_RNIMQUD_LC_363/in1" to pin "b2v_inst11.un1_count_cry_5_c_RNIMQUD_LC_363/lcout" to break the combinatorial loop
Warning-1035: Removing timing arc from pin "b2v_inst11.un1_count_cry_6_c_RNINSVD_LC_364/in1" to pin "b2v_inst11.un1_count_cry_6_c_RNINSVD_LC_364/lcout" to break the combinatorial loop
Warning-1035: Removing timing arc from pin "b2v_inst11.un1_count_cry_7_c_RNIOU0E_LC_365/in1" to pin "b2v_inst11.un1_count_cry_7_c_RNIOU0E_LC_365/lcout" to break the combinatorial loop
Warning-1035: Removing timing arc from pin "b2v_inst11.un1_count_cry_8_c_RNIP02E_LC_366/in1" to pin "b2v_inst11.un1_count_cry_8_c_RNIP02E_LC_366/lcout" to break the combinatorial loop
Warning-1035: Removing timing arc from pin "b2v_inst11.un1_count_cry_9_c_RNIQ23E_LC_367/in1" to pin "b2v_inst11.un1_count_cry_9_c_RNIQ23E_LC_367/lcout" to break the combinatorial loop
Warning-1035: Removing timing arc from pin "b2v_inst11.un1_count_cry_10_c_RNI24R6_LC_354/in1" to pin "b2v_inst11.un1_count_cry_10_c_RNI24R6_LC_354/lcout" to break the combinatorial loop
Warning-1035: Removing timing arc from pin "b2v_inst11.un1_count_cry_11_c_RNI36S6_LC_355/in1" to pin "b2v_inst11.un1_count_cry_11_c_RNI36S6_LC_355/lcout" to break the combinatorial loop
Warning-1035: Removing timing arc from pin "b2v_inst11.un1_count_cry_12_c_RNI48T6_LC_356/in1" to pin "b2v_inst11.un1_count_cry_12_c_RNI48T6_LC_356/lcout" to break the combinatorial loop
Warning-1035: Removing timing arc from pin "b2v_inst11.un1_count_cry_13_c_RNI5AU6_LC_357/in1" to pin "b2v_inst11.un1_count_cry_13_c_RNI5AU6_LC_357/lcout" to break the combinatorial loop
Warning-1035: Removing timing arc from pin "b2v_inst11.un1_count_cry_14_c_RNI6CV6_LC_358/in0" to pin "b2v_inst11.un1_count_cry_14_c_RNI6CV6_LC_358/lcout" to break the combinatorial loop
Warning-1035: Removing timing arc from pin "b2v_inst11.un85_clk_100khz_cry_15_c_inv_LC_598/in1" to pin "b2v_inst11.un85_clk_100khz_cry_15_c_inv_LC_598/carryout" to break the combinatorial loop
Warning-1035: Removing timing arc from pin "b2v_inst11.un85_clk_100khz_cry_14_c_inv_LC_595/in1" to pin "b2v_inst11.un85_clk_100khz_cry_14_c_inv_LC_595/carryout" to break the combinatorial loop
Warning-1035: Removing timing arc from pin "b2v_inst11.un85_clk_100khz_cry_13_c_inv_LC_594/in1" to pin "b2v_inst11.un85_clk_100khz_cry_13_c_inv_LC_594/carryout" to break the combinatorial loop
Warning-1035: Removing timing arc from pin "b2v_inst11.un85_clk_100khz_cry_12_c_inv_LC_593/in1" to pin "b2v_inst11.un85_clk_100khz_cry_12_c_inv_LC_593/carryout" to break the combinatorial loop
Warning-1035: Removing timing arc from pin "b2v_inst11.un85_clk_100khz_cry_11_c_inv_LC_592/in1" to pin "b2v_inst11.un85_clk_100khz_cry_11_c_inv_LC_592/carryout" to break the combinatorial loop
Warning-1035: Removing timing arc from pin "b2v_inst11.un85_clk_100khz_cry_10_c_inv_LC_591/in1" to pin "b2v_inst11.un85_clk_100khz_cry_10_c_inv_LC_591/carryout" to break the combinatorial loop
Warning-1035: Removing timing arc from pin "b2v_inst11.un85_clk_100khz_cry_9_c_inv_LC_607/in1" to pin "b2v_inst11.un85_clk_100khz_cry_9_c_inv_LC_607/carryout" to break the combinatorial loop
Warning-1035: Removing timing arc from pin "b2v_inst11.un85_clk_100khz_cry_8_c_inv_LC_606/in1" to pin "b2v_inst11.un85_clk_100khz_cry_8_c_inv_LC_606/carryout" to break the combinatorial loop
Warning-1035: Removing timing arc from pin "b2v_inst11.un85_clk_100khz_cry_7_c_inv_LC_605/in1" to pin "b2v_inst11.un85_clk_100khz_cry_7_c_inv_LC_605/carryout" to break the combinatorial loop
Warning-1035: Removing timing arc from pin "b2v_inst11.un85_clk_100khz_cry_6_c_inv_LC_604/in1" to pin "b2v_inst11.un85_clk_100khz_cry_6_c_inv_LC_604/carryout" to break the combinatorial loop
Warning-1035: Removing timing arc from pin "b2v_inst11.un85_clk_100khz_cry_5_c_inv_LC_603/in1" to pin "b2v_inst11.un85_clk_100khz_cry_5_c_inv_LC_603/carryout" to break the combinatorial loop
Warning-1035: Removing timing arc from pin "b2v_inst11.un85_clk_100khz_cry_15_c_RNI_LC_596/in0" to pin "b2v_inst11.un85_clk_100khz_cry_15_c_RNI_LC_596/lcout" to break the combinatorial loop
Warning-1035: Removing timing arc from pin "b2v_inst11.dutycycle_RNI8I5HB[0]_LC_142/in3" to pin "b2v_inst11.dutycycle_RNI8I5HB[0]_LC_142/lcout" to break the combinatorial loop
Warning-1035: Removing timing arc from pin "b2v_inst11.dutycycle_RNISSAOS1[5]_LC_179/in3" to pin "b2v_inst11.dutycycle_RNISSAOS1[5]_LC_179/lcout" to break the combinatorial loop
Warning-1035: Removing timing arc from pin "b2v_inst11.dutycycle_RNISSAOS1[5]_LC_179/in1" to pin "b2v_inst11.dutycycle_RNISSAOS1[5]_LC_179/lcout" to break the combinatorial loop
Warning-1035: Removing timing arc from pin "b2v_inst11.dutycycle_RNISSAOS1[5]_LC_179/in0" to pin "b2v_inst11.dutycycle_RNISSAOS1[5]_LC_179/lcout" to break the combinatorial loop
Warning-1035: Removing timing arc from pin "b2v_inst11.dutycycle_RNI7JLNN[5]_LC_140/in0" to pin "b2v_inst11.dutycycle_RNI7JLNN[5]_LC_140/lcout" to break the combinatorial loop
Warning-1035: Removing timing arc from pin "b2v_inst11.count_clk_RNIF6NL_0[6]_LC_48/in2" to pin "b2v_inst11.count_clk_RNIF6NL_0[6]_LC_48/lcout" to break the combinatorial loop
Warning-1035: Removing timing arc from pin "b2v_inst11.dutycycle_RNIERM9C[2]_LC_157/in2" to pin "b2v_inst11.dutycycle_RNIERM9C[2]_LC_157/lcout" to break the combinatorial loop
Warning-1035: Removing timing arc from pin "b2v_inst11.dutycycle_RNI_1[2]_LC_220/in1" to pin "b2v_inst11.dutycycle_RNI_1[2]_LC_220/lcout" to break the combinatorial loop
Warning-1035: Removing timing arc from pin "b2v_inst11.dutycycle_RNI9R6T4[12]_LC_144/in1" to pin "b2v_inst11.dutycycle_RNI9R6T4[12]_LC_144/lcout" to break the combinatorial loop
Warning-1035: Removing timing arc from pin "b2v_inst11.dutycycle_RNICDJJ5[2]_LC_151/in2" to pin "b2v_inst11.dutycycle_RNICDJJ5[2]_LC_151/lcout" to break the combinatorial loop
Warning-1035: Removing timing arc from pin "b2v_inst11.dutycycle_RNI_1[15]_LC_219/in0" to pin "b2v_inst11.dutycycle_RNI_1[15]_LC_219/lcout" to break the combinatorial loop
Warning-1035: Removing timing arc from pin "b2v_inst11.dutycycle_RNI[0]_LC_189/in0" to pin "b2v_inst11.dutycycle_RNI[0]_LC_189/lcout" to break the combinatorial loop
Warning-1035: Removing timing arc from pin "b2v_inst11.dutycycle_RNIC6LA7[12]_LC_146/in3" to pin "b2v_inst11.dutycycle_RNIC6LA7[12]_LC_146/lcout" to break the combinatorial loop
Warning-1035: Removing timing arc from pin "b2v_inst11.dutycycle_RNIRP00B[13]_LC_176/in2" to pin "b2v_inst11.dutycycle_RNIRP00B[13]_LC_176/lcout" to break the combinatorial loop
Warning-1035: Removing timing arc from pin "b2v_inst11.dutycycle_RNI_0[15]_LC_197/in0" to pin "b2v_inst11.dutycycle_RNI_0[15]_LC_197/lcout" to break the combinatorial loop
Warning-1035: Removing timing arc from pin "b2v_inst11.un1_dutycycle_94_cry_12_c_RNITRR5_LC_389/in2" to pin "b2v_inst11.un1_dutycycle_94_cry_12_c_RNITRR5_LC_389/lcout" to break the combinatorial loop
Warning-1035: Removing timing arc from pin "b2v_inst11.dutycycle_RNITS10B[14]_LC_180/in2" to pin "b2v_inst11.dutycycle_RNITS10B[14]_LC_180/lcout" to break the combinatorial loop
Warning-1035: Removing timing arc from pin "b2v_inst11.dutycycle_RNI_1[14]_LC_218/in3" to pin "b2v_inst11.dutycycle_RNI_1[14]_LC_218/lcout" to break the combinatorial loop
Warning-1035: Removing timing arc from pin "b2v_inst11.un1_dutycycle_94_cry_13_c_RNIUTS5_LC_390/in2" to pin "b2v_inst11.un1_dutycycle_94_cry_13_c_RNIUTS5_LC_390/lcout" to break the combinatorial loop
Warning-1035: Removing timing arc from pin "b2v_inst11.dutycycle_RNIVV20B[15]_LC_188/in2" to pin "b2v_inst11.dutycycle_RNIVV20B[15]_LC_188/lcout" to break the combinatorial loop
Warning-1035: Removing timing arc from pin "b2v_inst11.dutycycle_RNI_0[15]_LC_197/in1" to pin "b2v_inst11.dutycycle_RNI_0[15]_LC_197/lcout" to break the combinatorial loop
Warning-1035: Removing timing arc from pin "b2v_inst11.un1_dutycycle_94_cry_14_c_RNIVVT5_LC_391/in1" to pin "b2v_inst11.un1_dutycycle_94_cry_14_c_RNIVVT5_LC_391/lcout" to break the combinatorial loop
Warning-1035: Removing timing arc from pin "b2v_inst11.func_state_RNI9R6T4[1]_LC_286/in1" to pin "b2v_inst11.func_state_RNI9R6T4[1]_LC_286/lcout" to break the combinatorial loop
Warning-1035: Removing timing arc from pin "b2v_inst11.dutycycle_RNIA3KA7[11]_LC_145/in3" to pin "b2v_inst11.dutycycle_RNIA3KA7[11]_LC_145/lcout" to break the combinatorial loop
Warning-1035: Removing timing arc from pin "b2v_inst11.dutycycle_RNIU8G3G[2]_LC_181/in2" to pin "b2v_inst11.dutycycle_RNIU8G3G[2]_LC_181/lcout" to break the combinatorial loop
Warning-1035: Removing timing arc from pin "b2v_inst11.dutycycle_RNI4NJR6[5]_LC_135/in3" to pin "b2v_inst11.dutycycle_RNI4NJR6[5]_LC_135/lcout" to break the combinatorial loop
Warning-1035: Removing timing arc from pin "b2v_inst11.dutycycle_RNIP1UUA[3]_LC_172/in2" to pin "b2v_inst11.dutycycle_RNIP1UUA[3]_LC_172/lcout" to break the combinatorial loop
Warning-1035: Removing timing arc from pin "b2v_inst11.dutycycle_RNI_1[14]_LC_218/in0" to pin "b2v_inst11.dutycycle_RNI_1[14]_LC_218/lcout" to break the combinatorial loop
Warning-1035: Removing timing arc from pin "b2v_inst11.un1_dutycycle_94_cry_2_c_RNICFV8_LC_395/in2" to pin "b2v_inst11.un1_dutycycle_94_cry_2_c_RNICFV8_LC_395/lcout" to break the combinatorial loop
Warning-1035: Removing timing arc from pin "b2v_inst11.dutycycle_RNIKF34B[4]_LC_163/in2" to pin "b2v_inst11.dutycycle_RNIKF34B[4]_LC_163/lcout" to break the combinatorial loop
Warning-1035: Removing timing arc from pin "b2v_inst11.un1_dutycycle_94_cry_3_c_RNIDH09_LC_396/in2" to pin "b2v_inst11.un1_dutycycle_94_cry_3_c_RNIDH09_LC_396/lcout" to break the combinatorial loop
Warning-1035: Removing timing arc from pin "b2v_inst11.dutycycle_RNI7JLNN[5]_LC_140/in1" to pin "b2v_inst11.dutycycle_RNI7JLNN[5]_LC_140/lcout" to break the combinatorial loop
Warning-1035: Removing timing arc from pin "b2v_inst11.dutycycle_RNIQGT7G[6]_LC_174/in2" to pin "b2v_inst11.dutycycle_RNIQGT7G[6]_LC_174/lcout" to break the combinatorial loop
Warning-1035: Removing timing arc from pin "b2v_inst11.dutycycle_RNI[0]_LC_189/in2" to pin "b2v_inst11.dutycycle_RNI[0]_LC_189/lcout" to break the combinatorial loop
Warning-1035: Removing timing arc from pin "b2v_inst11.dutycycle_RNI_3[1]_LC_235/in0" to pin "b2v_inst11.dutycycle_RNI_3[1]_LC_235/lcout" to break the combinatorial loop
Warning-1035: Removing timing arc from pin "b2v_inst11.func_state_RNI608H1[0]_LC_274/in2" to pin "b2v_inst11.func_state_RNI608H1[0]_LC_274/lcout" to break the combinatorial loop
Warning-1035: Removing timing arc from pin "b2v_inst11.func_state_RNIOIMG7[1]_LC_307/in2" to pin "b2v_inst11.func_state_RNIOIMG7[1]_LC_307/lcout" to break the combinatorial loop
Warning-1035: Removing timing arc from pin "b2v_inst11.func_state_RNIDGAL3[0]_LC_289/in2" to pin "b2v_inst11.func_state_RNIDGAL3[0]_LC_289/lcout" to break the combinatorial loop
Warning-1035: Removing timing arc from pin "b2v_inst11.dutycycle_RNICDJJ5[10]_LC_147/in3" to pin "b2v_inst11.dutycycle_RNICDJJ5[10]_LC_147/lcout" to break the combinatorial loop
Warning-1035: Removing timing arc from pin "b2v_inst11.dutycycle_RNI_0[15]_LC_197/in2" to pin "b2v_inst11.dutycycle_RNI_0[15]_LC_197/lcout" to break the combinatorial loop
Warning-1035: Removing timing arc from pin "b2v_inst11.dutycycle_RNIEOB3B[10]_LC_156/in3" to pin "b2v_inst11.dutycycle_RNIEOB3B[10]_LC_156/lcout" to break the combinatorial loop
Warning-1035: Removing timing arc from pin "b2v_inst11.dutycycle_RNICDJJ5[8]_LC_153/in3" to pin "b2v_inst11.dutycycle_RNICDJJ5[8]_LC_153/lcout" to break the combinatorial loop
Warning-1035: Removing timing arc from pin "b2v_inst11.dutycycle_RNI0084B[8]_LC_131/in3" to pin "b2v_inst11.dutycycle_RNI0084B[8]_LC_131/lcout" to break the combinatorial loop
Warning-1035: Removing timing arc from pin "b2v_inst11.dutycycle_RNI5K4VA[9]_LC_137/in2" to pin "b2v_inst11.dutycycle_RNI5K4VA[9]_LC_137/lcout" to break the combinatorial loop
Warning-1035: Removing timing arc from pin "b2v_inst11.dutycycle_RNI_1[14]_LC_218/in1" to pin "b2v_inst11.dutycycle_RNI_1[14]_LC_218/lcout" to break the combinatorial loop
Warning-1035: Removing timing arc from pin "b2v_inst11.un1_dutycycle_94_cry_8_c_RNIIR59_LC_406/in2" to pin "b2v_inst11.un1_dutycycle_94_cry_8_c_RNIIR59_LC_406/lcout" to break the combinatorial loop
Warning-1035: Removing timing arc from pin "b2v_inst11.dutycycle_RNIG4U9E[0]_LC_159/in2" to pin "b2v_inst11.dutycycle_RNIG4U9E[0]_LC_159/lcout" to break the combinatorial loop
Warning-1035: Removing timing arc from pin "b2v_inst11.count_clk_RNIVS8U1[13]_LC_54/in0" to pin "b2v_inst11.count_clk_RNIVS8U1[13]_LC_54/lcout" to break the combinatorial loop
Warning-1035: Removing timing arc from pin "b2v_inst11.func_state_RNI608H1[1]_LC_276/in1" to pin "b2v_inst11.func_state_RNI608H1[1]_LC_276/lcout" to break the combinatorial loop
Warning-1035: Removing timing arc from pin "b2v_inst11.count_clk_RNI[6]_LC_69/in3" to pin "b2v_inst11.count_clk_RNI[6]_LC_69/lcout" to break the combinatorial loop
Warning-1035: Removing timing arc from pin "b2v_inst11.count_clk_RNI18IF[3]_LC_32/in1" to pin "b2v_inst11.count_clk_RNI18IF[3]_LC_32/lcout" to break the combinatorial loop
Warning-1035: Removing timing arc from pin "b2v_inst11.un1_count_clk_2_cry_3_c_RNIU9O5_LC_347/in1" to pin "b2v_inst11.un1_count_clk_2_cry_3_c_RNIU9O5_LC_347/lcout" to break the combinatorial loop
Warning-1035: Removing timing arc from pin "b2v_inst11.count_clk_RNI[1]_LC_63/in3" to pin "b2v_inst11.count_clk_RNI[1]_LC_63/lcout" to break the combinatorial loop
Warning-1035: Removing timing arc from pin "b2v_inst11.un1_count_clk_2_cry_4_c_RNIVBP5_LC_348/in1" to pin "b2v_inst11.un1_count_clk_2_cry_4_c_RNIVBP5_LC_348/lcout" to break the combinatorial loop
Warning-1035: Removing timing arc from pin "b2v_inst11.count_clk_RNI[6]_LC_69/in1" to pin "b2v_inst11.count_clk_RNI[6]_LC_69/lcout" to break the combinatorial loop
Warning-1035: Removing timing arc from pin "b2v_inst11.un1_count_clk_2_cry_5_c_RNI0EQ5_LC_349/in1" to pin "b2v_inst11.un1_count_clk_2_cry_5_c_RNI0EQ5_LC_349/lcout" to break the combinatorial loop
Warning-1035: Removing timing arc from pin "b2v_inst11.count_clk_RNI[6]_LC_69/in2" to pin "b2v_inst11.count_clk_RNI[6]_LC_69/lcout" to break the combinatorial loop
Warning-1035: Removing timing arc from pin "b2v_inst11.un1_count_clk_2_cry_6_c_RNI1GR5_LC_350/in1" to pin "b2v_inst11.un1_count_clk_2_cry_6_c_RNI1GR5_LC_350/lcout" to break the combinatorial loop
Warning-1035: Removing timing arc from pin "b2v_inst11.un1_count_clk_2_cry_7_c_RNI2IS5_LC_351/in1" to pin "b2v_inst11.un1_count_clk_2_cry_7_c_RNI2IS5_LC_351/lcout" to break the combinatorial loop
Warning-1035: Removing timing arc from pin "b2v_inst11.count_clk_RNIVS8U1[13]_LC_54/in1" to pin "b2v_inst11.count_clk_RNIVS8U1[13]_LC_54/lcout" to break the combinatorial loop
Warning-1035: Removing timing arc from pin "b2v_inst11.count_clk_RNI[1]_LC_63/in1" to pin "b2v_inst11.count_clk_RNI[1]_LC_63/lcout" to break the combinatorial loop
Warning-1035: Removing timing arc from pin "b2v_inst11.un1_count_clk_2_cry_8_c_RNI3KT5_LC_352/in1" to pin "b2v_inst11.un1_count_clk_2_cry_8_c_RNI3KT5_LC_352/lcout" to break the combinatorial loop
Warning-1035: Removing timing arc from pin "b2v_inst11.count_clk_RNIMAMA[10]_LC_50/in3" to pin "b2v_inst11.count_clk_RNIMAMA[10]_LC_50/lcout" to break the combinatorial loop
Warning-1035: Removing timing arc from pin "b2v_inst11.count_clk_RNI[15]_LC_65/in2" to pin "b2v_inst11.count_clk_RNI[15]_LC_65/lcout" to break the combinatorial loop
Warning-1035: Removing timing arc from pin "b2v_inst11.un1_count_clk_2_cry_10_c_RNIC1AA_LC_340/in1" to pin "b2v_inst11.un1_count_clk_2_cry_10_c_RNIC1AA_LC_340/lcout" to break the combinatorial loop
Warning-1035: Removing timing arc from pin "b2v_inst11.un1_count_clk_2_cry_11_c_RNID3BA_LC_341/carryin" to pin "b2v_inst11.un1_count_clk_2_cry_11_c_RNID3BA_LC_341/carryout" to break the combinatorial loop
Warning-1035: Removing timing arc from pin "b2v_inst11.count_clk_RNI1Q2F[12]_LC_33/in0" to pin "b2v_inst11.count_clk_RNI1Q2F[12]_LC_33/lcout" to break the combinatorial loop
Warning-1035: Removing timing arc from pin "b2v_inst11.count_clk_RNI[0]_LC_57/in0" to pin "b2v_inst11.count_clk_RNI[0]_LC_57/lcout" to break the combinatorial loop
Warning-1035: Removing timing arc from pin "b2v_inst11.count_clk_RNI[1]_LC_63/in2" to pin "b2v_inst11.count_clk_RNI[1]_LC_63/lcout" to break the combinatorial loop
Warning-1035: Removing timing arc from pin "b2v_inst11.un1_count_clk_2_cry_1_c_RNIS5M5_LC_345/in1" to pin "b2v_inst11.un1_count_clk_2_cry_1_c_RNIS5M5_LC_345/lcout" to break the combinatorial loop
Warning-1035: Removing timing arc from pin "b2v_inst11.count_clk_RNI1TQ9[0]_LC_34/in1" to pin "b2v_inst11.count_clk_RNI1TQ9[0]_LC_34/lcout" to break the combinatorial loop
Warning-1035: Removing timing arc from pin "b2v_inst11.count_clk_RNI[13]_LC_64/in2" to pin "b2v_inst11.count_clk_RNI[13]_LC_64/lcout" to break the combinatorial loop
Warning-1035: Removing timing arc from pin "b2v_inst11.count_clk_RNI3T3F[13]_LC_37/in2" to pin "b2v_inst11.count_clk_RNI3T3F[13]_LC_37/lcout" to break the combinatorial loop
Warning-1035: Removing timing arc from pin "b2v_inst11.count_clk_RNI[13]_LC_64/in0" to pin "b2v_inst11.count_clk_RNI[13]_LC_64/lcout" to break the combinatorial loop
Warning-1035: Removing timing arc from pin "b2v_inst11.count_clk_RNI505F[14]_LC_38/in1" to pin "b2v_inst11.count_clk_RNI505F[14]_LC_38/lcout" to break the combinatorial loop
Warning-1035: Removing timing arc from pin "b2v_inst11.count_clk_RNI[15]_LC_65/in0" to pin "b2v_inst11.count_clk_RNI[15]_LC_65/lcout" to break the combinatorial loop
Warning-1035: Removing timing arc from pin "b2v_inst11.un1_count_clk_2_cry_14_c_RNIG9EA_LC_344/in0" to pin "b2v_inst11.un1_count_clk_2_cry_14_c_RNIG9EA_LC_344/lcout" to break the combinatorial loop
Warning-1035: Removing timing arc from pin "b2v_inst11.count_clk_RNIMAMA[10]_LC_50/in0" to pin "b2v_inst11.count_clk_RNIMAMA[10]_LC_50/lcout" to break the combinatorial loop
Warning-1035: Removing timing arc from pin "b2v_inst11.func_state_RNI608H1[0]_LC_274/in0" to pin "b2v_inst11.func_state_RNI608H1[0]_LC_274/lcout" to break the combinatorial loop
Warning-1035: Removing timing arc from pin "b2v_inst11.func_state_RNI608H1[1]_LC_276/in2" to pin "b2v_inst11.func_state_RNI608H1[1]_LC_276/lcout" to break the combinatorial loop
Warning-1035: Removing timing arc from pin "b2v_inst11.dutycycle_RNI24DD8[7]_LC_133/in0" to pin "b2v_inst11.dutycycle_RNI24DD8[7]_LC_133/lcout" to break the combinatorial loop
Warning-1035: Removing timing arc from pin "b2v_inst11.dutycycle_RNIP7P13[4]_LC_173/in0" to pin "b2v_inst11.dutycycle_RNIP7P13[4]_LC_173/lcout" to break the combinatorial loop
Warning-1035: Removing timing arc from pin "b2v_inst11.dutycycle_RNIUPHS3[6]_LC_183/in0" to pin "b2v_inst11.dutycycle_RNIUPHS3[6]_LC_183/lcout" to break the combinatorial loop
Warning-1035: Removing timing arc from pin "b2v_inst11.func_state_RNI4C1Q3[1]_LC_271/in2" to pin "b2v_inst11.func_state_RNI4C1Q3[1]_LC_271/lcout" to break the combinatorial loop
Warning-1035: Removing timing arc from pin "b2v_inst11.dutycycle_RNI4NJR6[5]_LC_135/in1" to pin "b2v_inst11.dutycycle_RNI4NJR6[5]_LC_135/lcout" to break the combinatorial loop
Warning-1035: Removing timing arc from pin "b2v_inst11.func_state_RNI4C1Q3[1]_LC_271/in1" to pin "b2v_inst11.func_state_RNI4C1Q3[1]_LC_271/lcout" to break the combinatorial loop
Warning-1035: Removing timing arc from pin "b2v_inst11.dutycycle_RNIUPHS3[6]_LC_183/in1" to pin "b2v_inst11.dutycycle_RNIUPHS3[6]_LC_183/lcout" to break the combinatorial loop
Warning-1035: Removing timing arc from pin "b2v_inst11.func_state_RNI4C1Q3[1]_LC_271/in0" to pin "b2v_inst11.func_state_RNI4C1Q3[1]_LC_271/lcout" to break the combinatorial loop
Warning-1035: Removing timing arc from pin "b2v_inst11.dutycycle_RNIUPHS3[6]_LC_183/in2" to pin "b2v_inst11.dutycycle_RNIUPHS3[6]_LC_183/lcout" to break the combinatorial loop
Warning-1035: Removing timing arc from pin "b2v_inst11.func_state_RNIOIMG7[1]_LC_307/in0" to pin "b2v_inst11.func_state_RNIOIMG7[1]_LC_307/lcout" to break the combinatorial loop
Warning-1035: Removing timing arc from pin "b2v_inst11.func_state_RNIMLUM9[0]_LC_301/in2" to pin "b2v_inst11.func_state_RNIMLUM9[0]_LC_301/lcout" to break the combinatorial loop
Warning-1035: Removing timing arc from pin "b2v_inst11.dutycycle_RNI_3[6]_LC_240/in0" to pin "b2v_inst11.dutycycle_RNI_3[6]_LC_240/lcout" to break the combinatorial loop
Warning-1035: Removing timing arc from pin "b2v_inst11.dutycycle_RNIRGRIE[1]_LC_175/in3" to pin "b2v_inst11.dutycycle_RNIRGRIE[1]_LC_175/lcout" to break the combinatorial loop
Warning-1035: Removing timing arc from pin "b2v_inst11.dutycycle_RNI_3[1]_LC_235/in1" to pin "b2v_inst11.dutycycle_RNI_3[1]_LC_235/lcout" to break the combinatorial loop
Warning-1035: Removing timing arc from pin "b2v_inst11.dutycycle_RNI[6]_LC_256/in0" to pin "b2v_inst11.dutycycle_RNI[6]_LC_256/lcout" to break the combinatorial loop
Warning-1035: Removing timing arc from pin "b2v_inst11.un1_dutycycle_94_cry_0_c_RNIABT8_LC_386/in2" to pin "b2v_inst11.un1_dutycycle_94_cry_0_c_RNIABT8_LC_386/lcout" to break the combinatorial loop
Warning-1035: Removing timing arc from pin "b2v_inst11.un1_dutycycle_94_cry_1_c_RNI_LC_392/carryin" to pin "b2v_inst11.un1_dutycycle_94_cry_1_c_RNI_LC_392/carryout" to break the combinatorial loop
Warning-1035: Removing timing arc from pin "b2v_inst11.un1_dutycycle_94_cry_1_c_RNI_LC_392/in1" to pin "b2v_inst11.un1_dutycycle_94_cry_1_c_RNI_LC_392/carryout" to break the combinatorial loop
Warning-1035: Removing timing arc from pin "b2v_inst11.un1_dutycycle_94_cry_2_c_RNICFV8_LC_395/in1" to pin "b2v_inst11.un1_dutycycle_94_cry_2_c_RNICFV8_LC_395/lcout" to break the combinatorial loop
Warning-1035: Removing timing arc from pin "b2v_inst11.un1_dutycycle_94_cry_2_c_RNICFV8_LC_395/in1" to pin "b2v_inst11.un1_dutycycle_94_cry_2_c_RNICFV8_LC_395/carryout" to break the combinatorial loop
Warning-1035: Removing timing arc from pin "b2v_inst11.un1_dutycycle_94_cry_3_c_RNIDH09_LC_396/in1" to pin "b2v_inst11.un1_dutycycle_94_cry_3_c_RNIDH09_LC_396/lcout" to break the combinatorial loop
Warning-1035: Removing timing arc from pin "b2v_inst11.un1_dutycycle_94_cry_3_c_RNIDH09_LC_396/in1" to pin "b2v_inst11.un1_dutycycle_94_cry_3_c_RNIDH09_LC_396/carryout" to break the combinatorial loop
Warning-1035: Removing timing arc from pin "b2v_inst11.un1_dutycycle_94_cry_4_c_RNIEJ19_LC_398/in1" to pin "b2v_inst11.un1_dutycycle_94_cry_4_c_RNIEJ19_LC_398/carryout" to break the combinatorial loop
Warning-1035: Removing timing arc from pin "b2v_inst11.un1_dutycycle_94_cry_5_c_RNIFL29_LC_401/in1" to pin "b2v_inst11.un1_dutycycle_94_cry_5_c_RNIFL29_LC_401/lcout" to break the combinatorial loop
Warning-1035: Removing timing arc from pin "b2v_inst11.dutycycle_RNIJI0UD[7]_LC_162/in3" to pin "b2v_inst11.dutycycle_RNIJI0UD[7]_LC_162/lcout" to break the combinatorial loop
Warning-1035: Removing timing arc from pin "b2v_inst11.un1_dutycycle_94_cry_5_c_RNIQHGQ6_LC_402/in3" to pin "b2v_inst11.un1_dutycycle_94_cry_5_c_RNIQHGQ6_LC_402/lcout" to break the combinatorial loop
Warning-1035: Removing timing arc from pin "b2v_inst11.func_state_RNILCR74[0]_LC_298/in0" to pin "b2v_inst11.func_state_RNILCR74[0]_LC_298/lcout" to break the combinatorial loop
Warning-1035: Removing timing arc from pin "b2v_inst11.func_state_RNILCR74[0]_LC_298/in1" to pin "b2v_inst11.func_state_RNILCR74[0]_LC_298/lcout" to break the combinatorial loop
Warning-1035: Removing timing arc from pin "b2v_inst11.func_state_RNIR5S85[1]_LC_308/in1" to pin "b2v_inst11.func_state_RNIR5S85[1]_LC_308/lcout" to break the combinatorial loop
Warning-1035: Removing timing arc from pin "b2v_inst11.dutycycle_RNICME96[6]_LC_155/in1" to pin "b2v_inst11.dutycycle_RNICME96[6]_LC_155/lcout" to break the combinatorial loop
Warning-1035: Removing timing arc from pin "b2v_inst11.dutycycle_RNI_3[6]_LC_240/in1" to pin "b2v_inst11.dutycycle_RNI_3[6]_LC_240/lcout" to break the combinatorial loop
Warning-1035: Removing timing arc from pin "b2v_inst11.dutycycle_RNICME96[6]_LC_155/in2" to pin "b2v_inst11.dutycycle_RNICME96[6]_LC_155/lcout" to break the combinatorial loop
Warning-1035: Removing timing arc from pin "b2v_inst11.func_state_RNINPGR_1[1]_LC_305/in2" to pin "b2v_inst11.func_state_RNINPGR_1[1]_LC_305/lcout" to break the combinatorial loop
Warning-1035: Removing timing arc from pin "b2v_inst11.count_clk_RNI8JP5[1]_LC_44/in3" to pin "b2v_inst11.count_clk_RNI8JP5[1]_LC_44/lcout" to break the combinatorial loop
Warning-1035: Removing timing arc from pin "b2v_inst11.func_state_RNI8E1K7[1]_LC_284/in2" to pin "b2v_inst11.func_state_RNI8E1K7[1]_LC_284/lcout" to break the combinatorial loop
Warning-1035: Removing timing arc from pin "b2v_inst11.un1_dutycycle_94_cry_2_c_RNIBC872_LC_394/in0" to pin "b2v_inst11.un1_dutycycle_94_cry_2_c_RNIBC872_LC_394/lcout" to break the combinatorial loop
Warning-1035: Removing timing arc from pin "b2v_inst11.un1_dutycycle_94_cry_5_c_RNIEIB72_LC_400/in0" to pin "b2v_inst11.un1_dutycycle_94_cry_5_c_RNIEIB72_LC_400/lcout" to break the combinatorial loop
Warning-1035: Removing timing arc from pin "b2v_inst11.func_state_RNIF6NL_0[0]_LC_293/in3" to pin "b2v_inst11.func_state_RNIF6NL_0[0]_LC_293/lcout" to break the combinatorial loop
Warning-1035: Removing timing arc from pin "b2v_inst11.un1_dutycycle_94_cry_5_c_RNIFL29_LC_401/in2" to pin "b2v_inst11.un1_dutycycle_94_cry_5_c_RNIFL29_LC_401/lcout" to break the combinatorial loop
Warning-1035: Removing timing arc from pin "b2v_inst11.func_state_RNINPGR_1[1]_LC_305/in1" to pin "b2v_inst11.func_state_RNINPGR_1[1]_LC_305/lcout" to break the combinatorial loop
Warning-1035: Removing timing arc from pin "b2v_inst11.un1_count_clk_2_cry_12_c_RNIE5CA_LC_342/in1" to pin "b2v_inst11.un1_count_clk_2_cry_12_c_RNIE5CA_LC_342/lcout" to break the combinatorial loop
Warning-1035: Removing timing arc from pin "b2v_inst11.count_clk_RNIMAMA[10]_LC_50/in2" to pin "b2v_inst11.count_clk_RNIMAMA[10]_LC_50/lcout" to break the combinatorial loop
Warning-1035: Removing timing arc from pin "b2v_inst11.count_off_RNI[1]_LC_102/in1" to pin "b2v_inst11.count_off_RNI[1]_LC_102/lcout" to break the combinatorial loop
Warning-1035: Removing timing arc from pin "b2v_inst16.curr_state_RNI3B692[0]_LC_635/in2" to pin "b2v_inst16.curr_state_RNI3B692[0]_LC_635/lcout" to break the combinatorial loop
Warning-1035: Removing timing arc from pin "b2v_inst16.curr_state_RNIERV34[0]_LC_639/in1" to pin "b2v_inst16.curr_state_RNIERV34[0]_LC_639/lcout" to break the combinatorial loop
Warning-1035: Removing timing arc from pin "b2v_inst16.curr_state_RNIERV34_0[0]_LC_640/in1" to pin "b2v_inst16.curr_state_RNIERV34_0[0]_LC_640/lcout" to break the combinatorial loop
Warning-1035: Removing timing arc from pin "b2v_inst16.count_RNI1I651[0]_LC_608/in1" to pin "b2v_inst16.count_RNI1I651[0]_LC_608/lcout" to break the combinatorial loop
Warning-1035: Removing timing arc from pin "b2v_inst16.count_RNI2J651_0[1]_LC_609/in0" to pin "b2v_inst16.count_RNI2J651_0[1]_LC_609/lcout" to break the combinatorial loop
Warning-1035: Removing timing arc from pin "b2v_inst16.count_RNI[0]_LC_628/in0" to pin "b2v_inst16.count_RNI[0]_LC_628/lcout" to break the combinatorial loop
Warning-1035: Removing timing arc from pin "b2v_inst16.count_RNI_0[0]_LC_629/in1" to pin "b2v_inst16.count_RNI_0[0]_LC_629/lcout" to break the combinatorial loop
Warning-1035: Removing timing arc from pin "b2v_inst16.un4_count_1_cry_1_c_RNIAGME_LC_653/in1" to pin "b2v_inst16.un4_count_1_cry_1_c_RNIAGME_LC_653/lcout" to break the combinatorial loop
Warning-1035: Removing timing arc from pin "b2v_inst16.un4_count_1_cry_2_c_RNIBINE_LC_654/in0" to pin "b2v_inst16.un4_count_1_cry_2_c_RNIBINE_LC_654/lcout" to break the combinatorial loop
Warning-1035: Removing timing arc from pin "b2v_inst16.un4_count_1_cry_2_THRU_LUT4_0_LC_1072/in1" to pin "b2v_inst16.un4_count_1_cry_2_THRU_LUT4_0_LC_1072/lcout" to break the combinatorial loop
Warning-1035: Removing timing arc from pin "b2v_inst16.un4_count_1_cry_3_c_RNICKOE_LC_655/in0" to pin "b2v_inst16.un4_count_1_cry_3_c_RNICKOE_LC_655/lcout" to break the combinatorial loop
Warning-1035: Removing timing arc from pin "b2v_inst16.un4_count_1_cry_3_THRU_LUT4_0_LC_1073/in1" to pin "b2v_inst16.un4_count_1_cry_3_THRU_LUT4_0_LC_1073/lcout" to break the combinatorial loop
Warning-1035: Removing timing arc from pin "b2v_inst16.un4_count_1_cry_4_c_RNIDMPE_LC_656/in0" to pin "b2v_inst16.un4_count_1_cry_4_c_RNIDMPE_LC_656/lcout" to break the combinatorial loop
Warning-1035: Removing timing arc from pin "b2v_inst16.un4_count_1_cry_4_THRU_LUT4_0_LC_1074/in1" to pin "b2v_inst16.un4_count_1_cry_4_THRU_LUT4_0_LC_1074/lcout" to break the combinatorial loop
Warning-1035: Removing timing arc from pin "b2v_inst16.un4_count_1_cry_5_c_RNIEOQE_LC_657/in1" to pin "b2v_inst16.un4_count_1_cry_5_c_RNIEOQE_LC_657/lcout" to break the combinatorial loop
Warning-1035: Removing timing arc from pin "b2v_inst16.un4_count_1_cry_6_c_RNIFQRE_LC_658/in0" to pin "b2v_inst16.un4_count_1_cry_6_c_RNIFQRE_LC_658/lcout" to break the combinatorial loop
Warning-1035: Removing timing arc from pin "b2v_inst16.un4_count_1_cry_6_THRU_LUT4_0_LC_1075/in1" to pin "b2v_inst16.un4_count_1_cry_6_THRU_LUT4_0_LC_1075/lcout" to break the combinatorial loop
Warning-1035: Removing timing arc from pin "b2v_inst16.un4_count_1_cry_7_c_RNIGSSE_LC_659/in0" to pin "b2v_inst16.un4_count_1_cry_7_c_RNIGSSE_LC_659/lcout" to break the combinatorial loop
Warning-1035: Removing timing arc from pin "b2v_inst16.un4_count_1_cry_7_THRU_LUT4_0_LC_1076/in1" to pin "b2v_inst16.un4_count_1_cry_7_THRU_LUT4_0_LC_1076/lcout" to break the combinatorial loop
Warning-1035: Removing timing arc from pin "b2v_inst16.un4_count_1_cry_8_c_RNIHUTE_LC_660/in0" to pin "b2v_inst16.un4_count_1_cry_8_c_RNIHUTE_LC_660/lcout" to break the combinatorial loop
Warning-1035: Removing timing arc from pin "b2v_inst16.un4_count_1_cry_8_THRU_LUT4_0_LC_1077/in1" to pin "b2v_inst16.un4_count_1_cry_8_THRU_LUT4_0_LC_1077/lcout" to break the combinatorial loop
Warning-1035: Removing timing arc from pin "b2v_inst16.un4_count_1_cry_9_c_RNII0VE_LC_661/in1" to pin "b2v_inst16.un4_count_1_cry_9_c_RNII0VE_LC_661/lcout" to break the combinatorial loop
Warning-1035: Removing timing arc from pin "b2v_inst16.un4_count_1_cry_10_c_RNIQPK3_LC_648/in0" to pin "b2v_inst16.un4_count_1_cry_10_c_RNIQPK3_LC_648/lcout" to break the combinatorial loop
Warning-1035: Removing timing arc from pin "b2v_inst16.un4_count_1_cry_10_THRU_LUT4_0_LC_1071/in1" to pin "b2v_inst16.un4_count_1_cry_10_THRU_LUT4_0_LC_1071/lcout" to break the combinatorial loop
Warning-1035: Removing timing arc from pin "b2v_inst16.un4_count_1_cry_11_c_RNIFJV31_LC_649/in1" to pin "b2v_inst16.un4_count_1_cry_11_c_RNIFJV31_LC_649/lcout" to break the combinatorial loop
Warning-1035: Removing timing arc from pin "b2v_inst16.un4_count_1_cry_12_c_RNISTM3_LC_650/in1" to pin "b2v_inst16.un4_count_1_cry_12_c_RNISTM3_LC_650/lcout" to break the combinatorial loop
Warning-1035: Removing timing arc from pin "b2v_inst16.un4_count_1_cry_13_c_RNITVN3_LC_651/in1" to pin "b2v_inst16.un4_count_1_cry_13_c_RNITVN3_LC_651/lcout" to break the combinatorial loop
Warning-1035: Removing timing arc from pin "b2v_inst16.un4_count_1_cry_14_c_RNIU1P3_LC_652/in0" to pin "b2v_inst16.un4_count_1_cry_14_c_RNIU1P3_LC_652/lcout" to break the combinatorial loop
Warning-1035: Removing timing arc from pin "b2v_inst16.count_RNI_0[0]_LC_629/in2" to pin "b2v_inst16.count_RNI_0[0]_LC_629/lcout" to break the combinatorial loop
Warning-1035: Removing timing arc from pin "b2v_inst200.count_RNI1QM71[11]_LC_709/in2" to pin "b2v_inst200.count_RNI1QM71[11]_LC_709/lcout" to break the combinatorial loop
Warning-1035: Removing timing arc from pin "b2v_inst200.count_RNIC03N_6[0]_LC_726/in0" to pin "b2v_inst200.count_RNIC03N_6[0]_LC_726/lcout" to break the combinatorial loop
Warning-1035: Removing timing arc from pin "b2v_inst200.count_RNI96451[6]_LC_717/in3" to pin "b2v_inst200.count_RNI96451[6]_LC_717/lcout" to break the combinatorial loop
Warning-1035: Removing timing arc from pin "b2v_inst200.count_RNIC03N_6[0]_LC_726/in3" to pin "b2v_inst200.count_RNIC03N_6[0]_LC_726/lcout" to break the combinatorial loop
Warning-1035: Removing timing arc from pin "b2v_inst200.un2_count_1_cry_6_c_RNIO12E_LC_767/in1" to pin "b2v_inst200.un2_count_1_cry_6_c_RNIO12E_LC_767/lcout" to break the combinatorial loop
Warning-1035: Removing timing arc from pin "b2v_inst200.un2_count_1_cry_7_c_RNIP33E_LC_768/in1" to pin "b2v_inst200.un2_count_1_cry_7_c_RNIP33E_LC_768/lcout" to break the combinatorial loop
Warning-1035: Removing timing arc from pin "b2v_inst200.un2_count_1_cry_8_c_RNIQ54E_LC_769/in1" to pin "b2v_inst200.un2_count_1_cry_8_c_RNIQ54E_LC_769/lcout" to break the combinatorial loop
Warning-1035: Removing timing arc from pin "b2v_inst200.count_RNI[17]_LC_734/in1" to pin "b2v_inst200.count_RNI[17]_LC_734/lcout" to break the combinatorial loop
Warning-1035: Removing timing arc from pin "b2v_inst200.un2_count_1_cry_9_c_RNIR75E_LC_770/in1" to pin "b2v_inst200.un2_count_1_cry_9_c_RNIR75E_LC_770/lcout" to break the combinatorial loop
Warning-1035: Removing timing arc from pin "b2v_inst200.count_RNI1QM71[11]_LC_709/in3" to pin "b2v_inst200.count_RNI1QM71[11]_LC_709/lcout" to break the combinatorial loop
Warning-1035: Removing timing arc from pin "b2v_inst200.un2_count_1_cry_11_c_RNI4C39_LC_756/in1" to pin "b2v_inst200.un2_count_1_cry_11_c_RNI4C39_LC_756/lcout" to break the combinatorial loop
Warning-1035: Removing timing arc from pin "b2v_inst200.un2_count_1_cry_12_c_RNI5E49_LC_757/in1" to pin "b2v_inst200.un2_count_1_cry_12_c_RNI5E49_LC_757/lcout" to break the combinatorial loop
Warning-1035: Removing timing arc from pin "b2v_inst200.un2_count_1_cry_13_c_RNI6G59_LC_758/in1" to pin "b2v_inst200.un2_count_1_cry_13_c_RNI6G59_LC_758/lcout" to break the combinatorial loop
Warning-1035: Removing timing arc from pin "b2v_inst200.un2_count_1_cry_14_c_RNI7I69_LC_759/in1" to pin "b2v_inst200.un2_count_1_cry_14_c_RNI7I69_LC_759/lcout" to break the combinatorial loop
Warning-1035: Removing timing arc from pin "b2v_inst200.count_RNI[17]_LC_734/in3" to pin "b2v_inst200.count_RNI[17]_LC_734/lcout" to break the combinatorial loop
Warning-1035: Removing timing arc from pin "b2v_inst200.un2_count_1_cry_15_c_RNI8K79_LC_760/in1" to pin "b2v_inst200.un2_count_1_cry_15_c_RNI8K79_LC_760/lcout" to break the combinatorial loop
Warning-1035: Removing timing arc from pin "b2v_inst200.count_RNI[17]_LC_734/in0" to pin "b2v_inst200.count_RNI[17]_LC_734/lcout" to break the combinatorial loop
Warning-1035: Removing timing arc from pin "b2v_inst200.un2_count_1_cry_16_c_RNI9M89_LC_761/in0" to pin "b2v_inst200.un2_count_1_cry_16_c_RNI9M89_LC_761/lcout" to break the combinatorial loop
Warning-1035: Removing timing arc from pin "b2v_inst200.count_RNIC03N_0[0]_LC_722/in1" to pin "b2v_inst200.count_RNIC03N_0[0]_LC_722/lcout" to break the combinatorial loop
Warning-1035: Removing timing arc from pin "b2v_inst200.count_RNIC03N_5[0]_LC_725/in1" to pin "b2v_inst200.count_RNIC03N_5[0]_LC_725/lcout" to break the combinatorial loop
Warning-1035: Removing timing arc from pin "b2v_inst200.count_RNIC03N_6[0]_LC_726/in1" to pin "b2v_inst200.count_RNIC03N_6[0]_LC_726/lcout" to break the combinatorial loop
Warning-1035: Removing timing arc from pin "b2v_inst200.un2_count_1_cry_1_c_RNIJNSD_LC_762/in1" to pin "b2v_inst200.un2_count_1_cry_1_c_RNIJNSD_LC_762/lcout" to break the combinatorial loop
Warning-1035: Removing timing arc from pin "b2v_inst200.un2_count_1_cry_2_c_RNIKPTD_LC_763/in1" to pin "b2v_inst200.un2_count_1_cry_2_c_RNIKPTD_LC_763/lcout" to break the combinatorial loop
Warning-1035: Removing timing arc from pin "b2v_inst200.un2_count_1_cry_3_c_RNILRUD_LC_764/in1" to pin "b2v_inst200.un2_count_1_cry_3_c_RNILRUD_LC_764/lcout" to break the combinatorial loop
Warning-1035: Removing timing arc from pin "b2v_inst200.un2_count_1_cry_4_c_RNIMTVD_LC_765/in1" to pin "b2v_inst200.un2_count_1_cry_4_c_RNIMTVD_LC_765/lcout" to break the combinatorial loop
Warning-1035: Removing timing arc from pin "b2v_inst200.count_en_LC_742/in1" to pin "b2v_inst200.count_en_LC_742/lcout" to break the combinatorial loop
Warning-1035: Removing timing arc from pin "b2v_inst200.curr_state_13_2_0_.m11_0_LC_744/in3" to pin "b2v_inst200.curr_state_13_2_0_.m11_0_LC_744/lcout" to break the combinatorial loop
Warning-1035: Removing timing arc from pin "b2v_inst200.curr_state_13_2_0_.m11_0_a2_0_LC_745/in0" to pin "b2v_inst200.curr_state_13_2_0_.m11_0_a2_0_LC_745/lcout" to break the combinatorial loop
Warning-1035: Removing timing arc from pin "b2v_inst200.curr_state_13_2_0_.m6_i_LC_747/in1" to pin "b2v_inst200.curr_state_13_2_0_.m6_i_LC_747/lcout" to break the combinatorial loop
Warning-1035: Removing timing arc from pin "b2v_inst200.curr_state_13_2_0_.m8_i_LC_749/in2" to pin "b2v_inst200.curr_state_13_2_0_.m8_i_LC_749/lcout" to break the combinatorial loop
Warning-1035: Removing timing arc from pin "b2v_inst200.curr_state_13_2_0_.m6_i_0_LC_748/in3" to pin "b2v_inst200.curr_state_13_2_0_.m6_i_0_LC_748/lcout" to break the combinatorial loop
Warning-1035: Removing timing arc from pin "b2v_inst200.curr_state_13_2_0_.m8_i_LC_749/in3" to pin "b2v_inst200.curr_state_13_2_0_.m8_i_LC_749/lcout" to break the combinatorial loop
Warning-1035: Removing timing arc from pin "b2v_inst200.curr_state_13_2_0_.m6_i_0_LC_748/in2" to pin "b2v_inst200.curr_state_13_2_0_.m6_i_0_LC_748/lcout" to break the combinatorial loop
Warning-1035: Removing timing arc from pin "b2v_inst200.curr_state_13_2_0_.m6_i_LC_747/in2" to pin "b2v_inst200.curr_state_13_2_0_.m6_i_LC_747/lcout" to break the combinatorial loop
Warning-1035: Removing timing arc from pin "b2v_inst36.count_RNI361O[0]_LC_774/in2" to pin "b2v_inst36.count_RNI361O[0]_LC_774/lcout" to break the combinatorial loop
Warning-1035: Removing timing arc from pin "b2v_inst36.curr_state_7_1_0_.m4_LC_798/in0" to pin "b2v_inst36.curr_state_7_1_0_.m4_LC_798/lcout" to break the combinatorial loop
Warning-1035: Removing timing arc from pin "b2v_inst36.curr_state_7_1_0_.m4_LC_798/in1" to pin "b2v_inst36.curr_state_7_1_0_.m4_LC_798/lcout" to break the combinatorial loop
Warning-1035: Removing timing arc from pin "b2v_inst36.curr_state_7_1_0_.m6_LC_799/in1" to pin "b2v_inst36.curr_state_7_1_0_.m6_LC_799/lcout" to break the combinatorial loop
Warning-1035: Removing timing arc from pin "b2v_inst36.curr_state_RNIKEBL[1]_LC_804/in1" to pin "b2v_inst36.curr_state_RNIKEBL[1]_LC_804/lcout" to break the combinatorial loop
Warning-1035: Removing timing arc from pin "b2v_inst36.count_RNI[1]_LC_795/in0" to pin "b2v_inst36.count_RNI[1]_LC_795/lcout" to break the combinatorial loop
Warning-1035: Removing timing arc from pin "b2v_inst36.count_RNISMPL1[1]_LC_792/in3" to pin "b2v_inst36.count_RNISMPL1[1]_LC_792/lcout" to break the combinatorial loop
Warning-1035: Removing timing arc from pin "b2v_inst36.un2_count_1_cry_1_c_RNIAQA8_LC_812/in0" to pin "b2v_inst36.un2_count_1_cry_1_c_RNIAQA8_LC_812/lcout" to break the combinatorial loop
Warning-1035: Removing timing arc from pin "b2v_inst36.un2_count_1_cry_1_THRU_LUT4_0_LC_1085/in1" to pin "b2v_inst36.un2_count_1_cry_1_THRU_LUT4_0_LC_1085/lcout" to break the combinatorial loop
Warning-1035: Removing timing arc from pin "b2v_inst36.un2_count_1_cry_2_c_RNIBSB8_LC_813/in0" to pin "b2v_inst36.un2_count_1_cry_2_c_RNIBSB8_LC_813/lcout" to break the combinatorial loop
Warning-1035: Removing timing arc from pin "b2v_inst36.un2_count_1_cry_2_THRU_LUT4_0_LC_1086/in1" to pin "b2v_inst36.un2_count_1_cry_2_THRU_LUT4_0_LC_1086/lcout" to break the combinatorial loop
Warning-1035: Removing timing arc from pin "b2v_inst36.count_RNISMPL1[1]_LC_792/in1" to pin "b2v_inst36.count_RNISMPL1[1]_LC_792/lcout" to break the combinatorial loop
Warning-1035: Removing timing arc from pin "b2v_inst36.un2_count_1_cry_3_c_RNICUC8_LC_814/in1" to pin "b2v_inst36.un2_count_1_cry_3_c_RNICUC8_LC_814/lcout" to break the combinatorial loop
Warning-1035: Removing timing arc from pin "b2v_inst36.un2_count_1_cry_4_c_RNID0E8_LC_815/in0" to pin "b2v_inst36.un2_count_1_cry_4_c_RNID0E8_LC_815/lcout" to break the combinatorial loop
Warning-1035: Removing timing arc from pin "b2v_inst36.un2_count_1_cry_4_THRU_LUT4_0_LC_1087/in1" to pin "b2v_inst36.un2_count_1_cry_4_THRU_LUT4_0_LC_1087/lcout" to break the combinatorial loop
Warning-1035: Removing timing arc from pin "b2v_inst36.un2_count_1_cry_5_c_RNIE2F8_LC_816/in1" to pin "b2v_inst36.un2_count_1_cry_5_c_RNIE2F8_LC_816/lcout" to break the combinatorial loop
Warning-1035: Removing timing arc from pin "b2v_inst36.un2_count_1_cry_6_c_RNIF4G8_LC_817/in0" to pin "b2v_inst36.un2_count_1_cry_6_c_RNIF4G8_LC_817/lcout" to break the combinatorial loop
Warning-1035: Removing timing arc from pin "b2v_inst36.un2_count_1_cry_6_THRU_LUT4_0_LC_1088/in1" to pin "b2v_inst36.un2_count_1_cry_6_THRU_LUT4_0_LC_1088/lcout" to break the combinatorial loop
Warning-1035: Removing timing arc from pin "b2v_inst36.count_RNISMPL1[1]_LC_792/in2" to pin "b2v_inst36.count_RNISMPL1[1]_LC_792/lcout" to break the combinatorial loop
Warning-1035: Removing timing arc from pin "b2v_inst36.un2_count_1_cry_7_c_RNIG6H8_LC_818/in0" to pin "b2v_inst36.un2_count_1_cry_7_c_RNIG6H8_LC_818/lcout" to break the combinatorial loop
Warning-1035: Removing timing arc from pin "b2v_inst36.un2_count_1_cry_7_THRU_LUT4_0_LC_1089/in1" to pin "b2v_inst36.un2_count_1_cry_7_THRU_LUT4_0_LC_1089/lcout" to break the combinatorial loop
Warning-1035: Removing timing arc from pin "b2v_inst36.un2_count_1_cry_8_c_RNIH8I8_LC_819/in1" to pin "b2v_inst36.un2_count_1_cry_8_c_RNIH8I8_LC_819/lcout" to break the combinatorial loop
Warning-1035: Removing timing arc from pin "b2v_inst36.un2_count_1_cry_9_c_RNIIAJ8_LC_820/in0" to pin "b2v_inst36.un2_count_1_cry_9_c_RNIIAJ8_LC_820/lcout" to break the combinatorial loop
Warning-1035: Removing timing arc from pin "b2v_inst36.un2_count_1_cry_9_THRU_LUT4_0_LC_1090/in1" to pin "b2v_inst36.un2_count_1_cry_9_THRU_LUT4_0_LC_1090/lcout" to break the combinatorial loop
Warning-1035: Removing timing arc from pin "b2v_inst36.un2_count_1_cry_10_c_RNIQ3J1_LC_807/in0" to pin "b2v_inst36.un2_count_1_cry_10_c_RNIQ3J1_LC_807/lcout" to break the combinatorial loop
Warning-1035: Removing timing arc from pin "b2v_inst36.un2_count_1_cry_10_THRU_LUT4_0_LC_1084/in1" to pin "b2v_inst36.un2_count_1_cry_10_THRU_LUT4_0_LC_1084/lcout" to break the combinatorial loop
Warning-1035: Removing timing arc from pin "b2v_inst36.un2_count_1_cry_11_c_RNIR5K1_LC_808/in1" to pin "b2v_inst36.un2_count_1_cry_11_c_RNIR5K1_LC_808/lcout" to break the combinatorial loop
Warning-1035: Removing timing arc from pin "b2v_inst36.count_RNIOFOT_0[14]_LC_788/in0" to pin "b2v_inst36.count_RNIOFOT_0[14]_LC_788/lcout" to break the combinatorial loop
Warning-1035: Removing timing arc from pin "b2v_inst36.un2_count_1_cry_12_c_RNIS7L1_LC_809/in1" to pin "b2v_inst36.un2_count_1_cry_12_c_RNIS7L1_LC_809/lcout" to break the combinatorial loop
Warning-1035: Removing timing arc from pin "b2v_inst36.count_RNIOFOT_0[14]_LC_788/in2" to pin "b2v_inst36.count_RNIOFOT_0[14]_LC_788/lcout" to break the combinatorial loop
Warning-1035: Removing timing arc from pin "b2v_inst36.un2_count_1_cry_13_c_RNILPEV_LC_810/in1" to pin "b2v_inst36.un2_count_1_cry_13_c_RNILPEV_LC_810/lcout" to break the combinatorial loop
Warning-1035: Removing timing arc from pin "b2v_inst36.count_RNIOFOT_0[14]_LC_788/in1" to pin "b2v_inst36.count_RNIOFOT_0[14]_LC_788/lcout" to break the combinatorial loop
Warning-1035: Removing timing arc from pin "b2v_inst36.un2_count_1_cry_14_c_RNIUBN1_LC_811/in0" to pin "b2v_inst36.un2_count_1_cry_14_c_RNIUBN1_LC_811/lcout" to break the combinatorial loop
Warning-1035: Removing timing arc from pin "b2v_inst36.curr_state_RNIKEBL[1]_LC_804/in3" to pin "b2v_inst36.curr_state_RNIKEBL[1]_LC_804/lcout" to break the combinatorial loop
Warning-1035: Removing timing arc from pin "b2v_inst36.curr_state_RNIKEBL[1]_LC_804/in2" to pin "b2v_inst36.curr_state_RNIKEBL[1]_LC_804/lcout" to break the combinatorial loop
Warning-1035: Removing timing arc from pin "b2v_inst5.count_RNIJJOV[0]_LC_834/in2" to pin "b2v_inst5.count_RNIJJOV[0]_LC_834/lcout" to break the combinatorial loop
Warning-1035: Removing timing arc from pin "b2v_inst5.count_RNIAEONB[2]_LC_832/in1" to pin "b2v_inst5.count_RNIAEONB[2]_LC_832/lcout" to break the combinatorial loop
Warning-1035: Removing timing arc from pin "b2v_inst5.count_RNI[1]_LC_853/in1" to pin "b2v_inst5.count_RNI[1]_LC_853/lcout" to break the combinatorial loop
Warning-1035: Removing timing arc from pin "b2v_inst5.count_RNIAEONB[2]_LC_832/in0" to pin "b2v_inst5.count_RNIAEONB[2]_LC_832/lcout" to break the combinatorial loop
Warning-1035: Removing timing arc from pin "b2v_inst5.un2_count_1_cry_1_c_RNI92J91_LC_873/in1" to pin "b2v_inst5.un2_count_1_cry_1_c_RNI92J91_LC_873/lcout" to break the combinatorial loop
Warning-1035: Removing timing arc from pin "b2v_inst5.un2_count_1_cry_2_c_RNINGR9_LC_874/in1" to pin "b2v_inst5.un2_count_1_cry_2_c_RNINGR9_LC_874/lcout" to break the combinatorial loop
Warning-1035: Removing timing arc from pin "b2v_inst5.count_RNIP7CS2_0[4]_LC_840/in3" to pin "b2v_inst5.count_RNIP7CS2_0[4]_LC_840/lcout" to break the combinatorial loop
Warning-1035: Removing timing arc from pin "b2v_inst5.un2_count_1_cry_3_c_RNIB6L91_LC_875/in0" to pin "b2v_inst5.un2_count_1_cry_3_c_RNIB6L91_LC_875/lcout" to break the combinatorial loop
Warning-1035: Removing timing arc from pin "b2v_inst5.un2_count_1_cry_3_THRU_LUT4_0_LC_1092/in1" to pin "b2v_inst5.un2_count_1_cry_3_THRU_LUT4_0_LC_1092/lcout" to break the combinatorial loop
Warning-1035: Removing timing arc from pin "b2v_inst5.count_RNI4ALGH[5]_LC_831/in1" to pin "b2v_inst5.count_RNI4ALGH[5]_LC_831/lcout" to break the combinatorial loop
Warning-1035: Removing timing arc from pin "b2v_inst5.un2_count_1_cry_4_c_RNIC8M91_LC_876/in1" to pin "b2v_inst5.un2_count_1_cry_4_c_RNIC8M91_LC_876/lcout" to break the combinatorial loop
Warning-1035: Removing timing arc from pin "b2v_inst5.un2_count_1_cry_5_c_RNIDAN91_LC_877/in1" to pin "b2v_inst5.un2_count_1_cry_5_c_RNIDAN91_LC_877/lcout" to break the combinatorial loop
Warning-1035: Removing timing arc from pin "b2v_inst5.count_RNI4ALGH[5]_LC_831/in0" to pin "b2v_inst5.count_RNI4ALGH[5]_LC_831/lcout" to break the combinatorial loop
Warning-1035: Removing timing arc from pin "b2v_inst5.un2_count_1_cry_6_c_RNIECO91_LC_878/in1" to pin "b2v_inst5.un2_count_1_cry_6_c_RNIECO91_LC_878/lcout" to break the combinatorial loop
Warning-1035: Removing timing arc from pin "b2v_inst5.count_RNI1KGS2[8]_LC_828/in2" to pin "b2v_inst5.count_RNI1KGS2[8]_LC_828/lcout" to break the combinatorial loop
Warning-1035: Removing timing arc from pin "b2v_inst5.count_RNIAEONB[2]_LC_832/in2" to pin "b2v_inst5.count_RNIAEONB[2]_LC_832/lcout" to break the combinatorial loop
Warning-1035: Removing timing arc from pin "b2v_inst5.un2_count_1_cry_8_c_RNIGGQ91_LC_880/in0" to pin "b2v_inst5.un2_count_1_cry_8_c_RNIGGQ91_LC_880/lcout" to break the combinatorial loop
Warning-1035: Removing timing arc from pin "b2v_inst5.un2_count_1_cry_8_THRU_LUT4_0_LC_1094/in1" to pin "b2v_inst5.un2_count_1_cry_8_THRU_LUT4_0_LC_1094/lcout" to break the combinatorial loop
Warning-1035: Removing timing arc from pin "b2v_inst5.un2_count_1_cry_9_c_RNIHIR91_LC_881/in0" to pin "b2v_inst5.un2_count_1_cry_9_c_RNIHIR91_LC_881/lcout" to break the combinatorial loop
Warning-1035: Removing timing arc from pin "b2v_inst5.un2_count_1_cry_9_THRU_LUT4_0_LC_1095/in1" to pin "b2v_inst5.un2_count_1_cry_9_THRU_LUT4_0_LC_1095/lcout" to break the combinatorial loop
Warning-1035: Removing timing arc from pin "b2v_inst5.un2_count_1_cry_10_c_RNIPNF21_LC_868/in1" to pin "b2v_inst5.un2_count_1_cry_10_c_RNIPNF21_LC_868/lcout" to break the combinatorial loop
Warning-1035: Removing timing arc from pin "b2v_inst5.count_RNI4ALGH[5]_LC_831/in2" to pin "b2v_inst5.count_RNI4ALGH[5]_LC_831/lcout" to break the combinatorial loop
Warning-1035: Removing timing arc from pin "b2v_inst5.un2_count_1_cry_11_c_RNIQPG21_LC_869/in1" to pin "b2v_inst5.un2_count_1_cry_11_c_RNIQPG21_LC_869/lcout" to break the combinatorial loop
Warning-1035: Removing timing arc from pin "b2v_inst5.un2_count_1_cry_12_c_RNIRRH21_LC_870/in0" to pin "b2v_inst5.un2_count_1_cry_12_c_RNIRRH21_LC_870/lcout" to break the combinatorial loop
Warning-1035: Removing timing arc from pin "b2v_inst5.un2_count_1_cry_12_THRU_LUT4_0_LC_1091/in1" to pin "b2v_inst5.un2_count_1_cry_12_THRU_LUT4_0_LC_1091/lcout" to break the combinatorial loop
Warning-1035: Removing timing arc from pin "b2v_inst5.un2_count_1_cry_13_c_RNISTI21_LC_871/in1" to pin "b2v_inst5.un2_count_1_cry_13_c_RNISTI21_LC_871/lcout" to break the combinatorial loop
Warning-1035: Removing timing arc from pin "b2v_inst5.un2_count_1_cry_14_c_RNITVJ21_LC_872/in0" to pin "b2v_inst5.un2_count_1_cry_14_c_RNITVJ21_LC_872/lcout" to break the combinatorial loop
Warning-1035: Removing timing arc from pin "b2v_inst5.curr_state_7_1_0_.m4_0_a2_LC_859/in1" to pin "b2v_inst5.curr_state_7_1_0_.m4_0_a2_LC_859/lcout" to break the combinatorial loop
Warning-1035: Removing timing arc from pin "b2v_inst5.curr_state_7_1_0_.m6_i_LC_860/in1" to pin "b2v_inst5.curr_state_7_1_0_.m6_i_LC_860/lcout" to break the combinatorial loop
Warning-1035: Removing timing arc from pin "b2v_inst5.curr_state_RNIFLPH1[1]_LC_863/in2" to pin "b2v_inst5.curr_state_RNIFLPH1[1]_LC_863/lcout" to break the combinatorial loop
Warning-1035: Removing timing arc from pin "b2v_inst6.curr_state_7_1_0_.m4_0_LC_911/in0" to pin "b2v_inst6.curr_state_7_1_0_.m4_0_LC_911/lcout" to break the combinatorial loop
Warning-1035: Removing timing arc from pin "b2v_inst6.curr_state_7_1_0_.m6_i_o3_0_LC_913/in1" to pin "b2v_inst6.curr_state_7_1_0_.m6_i_o3_0_LC_913/lcout" to break the combinatorial loop
Warning-1035: Removing timing arc from pin "b2v_inst6.count_RNIM2CM2[0]_LC_890/in2" to pin "b2v_inst6.count_RNIM2CM2[0]_LC_890/lcout" to break the combinatorial loop
Warning-1035: Removing timing arc from pin "b2v_inst6.curr_state_7_1_0_.m4_0_LC_911/in3" to pin "b2v_inst6.curr_state_7_1_0_.m4_0_LC_911/lcout" to break the combinatorial loop
Warning-1035: Removing timing arc from pin "b2v_inst6.curr_state_RNI6AE43[1]_LC_915/in0" to pin "b2v_inst6.curr_state_RNI6AE43[1]_LC_915/lcout" to break the combinatorial loop
Warning-1035: Removing timing arc from pin "b2v_inst6.count_RNIM2CM2[0]_LC_890/in0" to pin "b2v_inst6.count_RNIM2CM2[0]_LC_890/lcout" to break the combinatorial loop
Warning-1035: Removing timing arc from pin "b2v_inst6.count_RNI[0]_LC_904/in0" to pin "b2v_inst6.count_RNI[0]_LC_904/lcout" to break the combinatorial loop
Warning-1035: Removing timing arc from pin "b2v_inst6.un2_count_1_cry_10_c_RNITRL13_LC_924/in0" to pin "b2v_inst6.un2_count_1_cry_10_c_RNITRL13_LC_924/lcout" to break the combinatorial loop
Warning-1035: Removing timing arc from pin "b2v_inst6.un2_count_1_cry_10_c_RNITRL13_LC_924/in1" to pin "b2v_inst6.un2_count_1_cry_10_c_RNITRL13_LC_924/lcout" to break the combinatorial loop
Warning-1035: Removing timing arc from pin "b2v_inst6.un2_count_1_cry_11_c_RNIUTM13_LC_925/in1" to pin "b2v_inst6.un2_count_1_cry_11_c_RNIUTM13_LC_925/lcout" to break the combinatorial loop
Warning-1035: Removing timing arc from pin "b2v_inst6.un2_count_1_cry_12_c_RNIVVN13_LC_926/in1" to pin "b2v_inst6.un2_count_1_cry_12_c_RNIVVN13_LC_926/lcout" to break the combinatorial loop
Warning-1035: Removing timing arc from pin "b2v_inst6.un2_count_1_cry_13_c_RNI02P13_LC_927/in1" to pin "b2v_inst6.un2_count_1_cry_13_c_RNI02P13_LC_927/lcout" to break the combinatorial loop
Warning-1035: Removing timing arc from pin "b2v_inst6.un2_count_1_cry_14_c_RNI14Q13_LC_928/in0" to pin "b2v_inst6.un2_count_1_cry_14_c_RNI14Q13_LC_928/lcout" to break the combinatorial loop
Warning-1035: Removing timing arc from pin "b2v_inst6.un2_count_1_cry_2_c_RNIE76Q2_LC_930/in0" to pin "b2v_inst6.un2_count_1_cry_2_c_RNIE76Q2_LC_930/lcout" to break the combinatorial loop
Warning-1035: Removing timing arc from pin "b2v_inst6.un2_count_1_cry_2_c_RNIE76Q2_LC_930/in1" to pin "b2v_inst6.un2_count_1_cry_2_c_RNIE76Q2_LC_930/lcout" to break the combinatorial loop
Warning-1035: Removing timing arc from pin "b2v_inst6.un2_count_1_cry_3_c_RNIF97Q2_LC_931/in0" to pin "b2v_inst6.un2_count_1_cry_3_c_RNIF97Q2_LC_931/lcout" to break the combinatorial loop
Warning-1035: Removing timing arc from pin "b2v_inst6.un2_count_1_cry_3_THRU_LUT4_0_LC_1098/in1" to pin "b2v_inst6.un2_count_1_cry_3_THRU_LUT4_0_LC_1098/lcout" to break the combinatorial loop
Warning-1035: Removing timing arc from pin "b2v_inst6.un2_count_1_cry_4_c_RNIGB8Q2_LC_932/in0" to pin "b2v_inst6.un2_count_1_cry_4_c_RNIGB8Q2_LC_932/lcout" to break the combinatorial loop
Warning-1035: Removing timing arc from pin "b2v_inst6.un2_count_1_cry_4_THRU_LUT4_0_LC_1099/in1" to pin "b2v_inst6.un2_count_1_cry_4_THRU_LUT4_0_LC_1099/lcout" to break the combinatorial loop
Warning-1035: Removing timing arc from pin "b2v_inst6.un2_count_1_cry_5_c_RNIHD9Q2_LC_933/in1" to pin "b2v_inst6.un2_count_1_cry_5_c_RNIHD9Q2_LC_933/lcout" to break the combinatorial loop
Warning-1035: Removing timing arc from pin "b2v_inst6.un2_count_1_cry_6_c_RNIIFAQ2_LC_934/in0" to pin "b2v_inst6.un2_count_1_cry_6_c_RNIIFAQ2_LC_934/lcout" to break the combinatorial loop
Warning-1035: Removing timing arc from pin "b2v_inst6.un2_count_1_cry_6_THRU_LUT4_0_LC_1100/in1" to pin "b2v_inst6.un2_count_1_cry_6_THRU_LUT4_0_LC_1100/lcout" to break the combinatorial loop
Warning-1035: Removing timing arc from pin "b2v_inst6.un2_count_1_cry_7_c_RNIJHBQ2_LC_935/in0" to pin "b2v_inst6.un2_count_1_cry_7_c_RNIJHBQ2_LC_935/lcout" to break the combinatorial loop
Warning-1035: Removing timing arc from pin "b2v_inst6.un2_count_1_cry_7_THRU_LUT4_0_LC_1101/in1" to pin "b2v_inst6.un2_count_1_cry_7_THRU_LUT4_0_LC_1101/lcout" to break the combinatorial loop
Warning-1035: Removing timing arc from pin "b2v_inst6.un2_count_1_cry_8_c_RNIKJCQ2_LC_936/in0" to pin "b2v_inst6.un2_count_1_cry_8_c_RNIKJCQ2_LC_936/lcout" to break the combinatorial loop
Warning-1035: Removing timing arc from pin "b2v_inst6.un2_count_1_cry_8_THRU_LUT4_0_LC_1102/in1" to pin "b2v_inst6.un2_count_1_cry_8_THRU_LUT4_0_LC_1102/lcout" to break the combinatorial loop
Warning-1035: Removing timing arc from pin "b2v_inst6.un2_count_1_cry_9_c_RNILLDQ2_LC_937/in1" to pin "b2v_inst6.un2_count_1_cry_9_c_RNILLDQ2_LC_937/lcout" to break the combinatorial loop
Warning-1035: Removing timing arc from pin "b2v_inst6.count_RNI[1]_LC_905/in1" to pin "b2v_inst6.count_RNI[1]_LC_905/lcout" to break the combinatorial loop
Warning-1035: Removing timing arc from pin "b2v_inst6.un2_count_1_cry_1_c_RNID55Q2_LC_929/in1" to pin "b2v_inst6.un2_count_1_cry_1_c_RNID55Q2_LC_929/lcout" to break the combinatorial loop
Warning-1035: Removing timing arc from pin "b2v_inst6.curr_state_7_1_0_.m4_0_LC_911/in1" to pin "b2v_inst6.curr_state_7_1_0_.m4_0_LC_911/lcout" to break the combinatorial loop
Warning-1035: Removing timing arc from pin "b2v_inst6.curr_state_7_1_0_.m6_i_o3_0_LC_913/in2" to pin "b2v_inst6.curr_state_7_1_0_.m6_i_o3_0_LC_913/lcout" to break the combinatorial loop
Warning-1035: Removing timing arc from pin "b2v_inst5.curr_state_7_1_0_.m4_0_LC_858/in0" to pin "b2v_inst5.curr_state_7_1_0_.m4_0_LC_858/lcout" to break the combinatorial loop
Warning-1035: Removing timing arc from pin "b2v_inst5.curr_state_7_1_0_.m4_0_LC_858/in1" to pin "b2v_inst5.curr_state_7_1_0_.m4_0_LC_858/lcout" to break the combinatorial loop
Warning-1035: Removing timing arc from pin "b2v_inst5.curr_state_RNIFLPH1[1]_LC_863/in3" to pin "b2v_inst5.curr_state_RNIFLPH1[1]_LC_863/lcout" to break the combinatorial loop

Design Statistics after Packing
    Number of LUTs      	:	1104
    Number of DFFs      	:	202
    Number of DFFs packed to IO	:	0
    Number of Carrys    	:	307

Device Utilization Summary after Packing
    Sequential LogicCells
        LUT and DFF      	:	178
        LUT, DFF and CARRY	:	24
    Combinational LogicCells
        Only LUT         	:	656
        CARRY Only       	:	37
        LUT with CARRY   	:	246
    LogicCells                  :	1141/1280
    PLBs                        :	151/160
    BRAMs                       :	0/16
    IOs and GBIOs               :	33/67
    PLLs                        :	0/0


I2088: Phase 3, elapsed time : 1.8 (sec)

Phase 4
I2088: Phase 4, elapsed time : 0.1 (sec)

Phase 5
I2088: Phase 5, elapsed time : 4.6 (sec)

Phase 6
I2088: Phase 6, elapsed time : 55.4 (sec)

Final Design Statistics
    Number of LUTs      	:	1104
    Number of DFFs      	:	202
    Number of DFFs packed to IO	:	0
    Number of Carrys    	:	307
    Number of RAMs      	:	0
    Number of ROMs      	:	0
    Number of IOs       	:	32
    Number of GBIOs     	:	1
    Number of GBs       	:	2
    Number of WarmBoot  	:	0
    Number of PLLs      	:	0

Device Utilization Summary
    LogicCells                  :	1141/1280
    PLBs                        :	156/160
    BRAMs                       :	0/16
    IOs and GBIOs               :	33/67
    PLLs                        :	0/0



#####################################################################
Placement Timing Summary

The timing summary is based on estimated routing delays after
placement. For final timing report, please carry out the timing
analysis after routing.
=====================================================================

#####################################################################
                     Clock Summary 
=====================================================================
Number of clocks: 1
Clock: TOP|FPGA_OSC | Frequency: 4.08 MHz | Target: 42.03 MHz

=====================================================================
                     End of Clock Summary
#####################################################################

I2054: Placement of design completed successfully

I2076: Placer run-time: 62.5 sec.

